-> 0 - ctgn
<- 0 - ACK
-> 1 - pvja
<- 1 - ACK
-> 2 - lkoo
<- 2 - ACK
-> 3 - hgyg
<- 3 - ACK
-> 4 - osli
<- 4 - ACK
-> 5 - lohx
<- 5 - ACK
-> 6 - bosk
<- 6 - ACK
-> 7 - qkas
<- 7 - ACK
-> 8 - ykhx
<- 8 - ACK
-> 9 - yyqo

<- 9 - ACK
--- SUSS Log ---
<- 0 - ctgn
-> 0 - ACK
<- 1 - pvja
-> 1 - ACK
<- 2 - lkoo
-> 2 - ACK
<- 3 - hgyg
-> 3 - ACK
<- 4 - osli
-> 4 - ACK
<- 5 - lohx
-> 5 - ACK
<- 6 - bosk
-> 6 - ACK
<- 7 - qkas
-> 7 - ACK
<- 8 - ykhx
-> 8 - ACK
<- 9 - yyqo

-> 9 - ACK
-> 0 - lskd
<- 0 - ACK
-> 1 - qsqx
<- 1 - ACK
-> 2 - lbvc
<- 2 - ACK
-> 3 - owwu
<- 3 - ACK
-> 4 - eytn
<- 4 - ACK
-> 5 - ywwk
<- 5 - ACK
-> 6 - feqy
<- 6 - ACK
-> 7 - woth
<- 7 - ACK
-> 8 - tegt
<- 8 - ACK
-> 9 - bquy

<- 9 - ACK
