67.583
71.584
73.584
75.584
76.584
77.584
78.585
79.585
80.085
80.585
81.085
81.585
82.086
82.586
83.086
83.586
83.836
84.086
84.337
84.587
84.837
85.087
85.337
85.587
85.837
86.088
86.338
86.588
86.838
87.088
87.338
87.589
87.714
87.839
87.964
88.089
88.214
88.339
88.465
88.59
88.715
88.84
88.965
89.09
89.215
89.341
89.466
89.591
89.716
89.841
89.966
90.092
90.217
90.342
90.467
90.592
90.717
90.843
90.968
91.093
91.218
91.343
91.468
91.593
91.656
91.719
91.781
91.844
91.907
91.969
92.032
92.094
92.157
92.22
92.282
92.345
92.408
92.47
92.533
92.596
92.658
92.721
92.784
92.846
92.909
92.972
93.034
93.097
93.16
93.222
93.285
93.348
93.41
93.473
93.536
93.598
93.661
93.723
93.786
93.849
93.911
93.974
94.037
94.099
94.162
94.225
94.287
94.35
94.413
94.475
94.538
94.601
94.663
94.726
94.789
94.851
94.914
94.977
95.039
95.102
95.165
95.227
95.29
95.353
95.415
95.478
95.541
95.603
95.665
95.727
95.788
95.85
95.912
95.973
96.035
96.097
96.158
96.22
96.282
96.343
96.405
96.467
96.528
96.59
96.652
96.713
96.775
96.837
96.899
96.96
97.022
97.084
97.145
97.207
97.269
97.33
97.392
97.454
97.516
97.577
97.639
97.701
97.762
97.824
97.886
97.947
98.009
98.071
98.132
98.194
98.256
98.317
98.379
98.441
98.502
98.564
98.626
98.687
98.749
98.811
98.872
98.934
98.996
99.057
99.119
99.181
99.242
99.304
99.366
99.427
99.489
99.551
99.612
99.673
99.734
99.795
99.855
99.916
99.977
100.038
100.098
100.159
100.22
100.281
100.341
100.402
100.463
100.523
100.584
100.645
100.706
100.766
100.827
100.888
100.948
101.009
101.07
101.131
101.191
101.252
101.313
101.374
101.434
101.495
101.556
101.617
101.677
101.738
101.799
101.86
101.92
101.981
102.042
102.103
102.163
102.224
102.285
102.345
102.406
102.467
102.528
102.588
102.649
102.71
102.771
102.831
102.892
102.953
103.014
103.075
103.135
103.196
103.257
103.318
103.378
103.439
103.5
103.561
103.621
103.681
103.741
103.801
103.861
103.92
103.98
104.04
104.1
104.16
104.22
104.279
104.339
104.399
104.459
104.519
104.579
104.639
104.698
104.758
104.818
104.878
104.938
104.998
105.057
105.117
105.177
105.237
105.297
105.357
105.416
105.476
105.536
105.596
105.656
105.716
105.775
105.835
105.895
105.955
106.015
106.075
106.134
106.194
106.254
106.314
106.374
106.434
106.494
106.553
106.613
106.673
106.733
106.793
106.853
106.912
106.972
107.032
107.092
107.152
107.212
107.271
107.331
107.391
107.451
107.511
107.571
107.63
107.689
107.748
107.807
107.866
107.925
