Calling target program-options parser
[17:41:14.808] [bmv2] [D] [thread 71402] Set default default entry for table 'MyIngress.ipv4_lpm': MyIngress.drop - 
Adding interface s4-eth1 as port 1
[17:41:14.809] [bmv2] [D] [thread 71402] Adding interface s4-eth1 as port 1
Adding interface s4-eth2 as port 2
[17:41:14.836] [bmv2] [D] [thread 71402] Adding interface s4-eth2 as port 2
Server listening on 0.0.0.0:50054
[17:41:14.845] [bmv2] [I] [thread 71402] Starting Thrift server on port 9093
[17:41:14.845] [bmv2] [I] [thread 71402] Thrift server was started
[17:41:14.934] [bmv2] [D] [thread 71417] [0.0] [cxt 0] Processing packet received on port 2
[17:41:14.934] [bmv2] [D] [thread 71417] [0.0] [cxt 0] Parser 'parser': start
[17:41:14.934] [bmv2] [D] [thread 71417] [0.0] [cxt 0] Parser 'parser' entering state 'start'
[17:41:14.934] [bmv2] [D] [thread 71417] [0.0] [cxt 0] Extracting header 'ethernet'
[17:41:14.934] [bmv2] [D] [thread 71417] [0.0] [cxt 0] Parser state 'start': key is 86dd
[17:41:14.934] [bmv2] [T] [thread 71417] [0.0] [cxt 0] Bytes parsed: 14
[17:41:14.934] [bmv2] [D] [thread 71417] [0.0] [cxt 0] Parser 'parser': end
[17:41:14.934] [bmv2] [D] [thread 71417] [0.0] [cxt 0] Pipeline 'ingress': start
[17:41:14.934] [bmv2] [T] [thread 71417] [0.0] [cxt 0] basic.p4(115) Condition "hdr.ipv4.isValid()" (node_2) is false
[17:41:14.934] [bmv2] [D] [thread 71417] [0.0] [cxt 0] Pipeline 'ingress': end
[17:41:14.934] [bmv2] [D] [thread 71417] [0.0] [cxt 0] Egress port is 0
[17:41:14.934] [bmv2] [D] [thread 71418] [0.0] [cxt 0] Pipeline 'egress': start
[17:41:14.934] [bmv2] [D] [thread 71418] [0.0] [cxt 0] Pipeline 'egress': end
[17:41:14.934] [bmv2] [D] [thread 71418] [0.0] [cxt 0] Deparser 'deparser': start
[17:41:14.934] [bmv2] [T] [thread 71418] [0.0] [cxt 0] Skipping checksum 'cksum' update because condition not met
[17:41:14.934] [bmv2] [D] [thread 71418] [0.0] [cxt 0] Deparsing header 'ethernet'
[17:41:14.934] [bmv2] [D] [thread 71418] [0.0] [cxt 0] Deparser 'deparser': end
[17:41:14.934] [bmv2] [D] [thread 71422] [0.0] [cxt 0] Transmitting packet of size 90 out of port 0
[17:41:14.997] [bmv2] [D] [thread 71417] [1.0] [cxt 0] Processing packet received on port 1
[17:41:14.997] [bmv2] [D] [thread 71417] [1.0] [cxt 0] Parser 'parser': start
[17:41:14.997] [bmv2] [D] [thread 71417] [1.0] [cxt 0] Parser 'parser' entering state 'start'
[17:41:14.997] [bmv2] [D] [thread 71417] [1.0] [cxt 0] Extracting header 'ethernet'
[17:41:14.997] [bmv2] [D] [thread 71417] [1.0] [cxt 0] Parser state 'start': key is 86dd
[17:41:14.997] [bmv2] [T] [thread 71417] [1.0] [cxt 0] Bytes parsed: 14
[17:41:14.997] [bmv2] [D] [thread 71417] [1.0] [cxt 0] Parser 'parser': end
[17:41:14.997] [bmv2] [D] [thread 71417] [1.0] [cxt 0] Pipeline 'ingress': start
[17:41:14.997] [bmv2] [T] [thread 71417] [1.0] [cxt 0] basic.p4(115) Condition "hdr.ipv4.isValid()" (node_2) is false
[17:41:14.997] [bmv2] [D] [thread 71417] [1.0] [cxt 0] Pipeline 'ingress': end
[17:41:14.997] [bmv2] [D] [thread 71417] [1.0] [cxt 0] Egress port is 0
[17:41:14.997] [bmv2] [D] [thread 71418] [1.0] [cxt 0] Pipeline 'egress': start
[17:41:14.997] [bmv2] [D] [thread 71418] [1.0] [cxt 0] Pipeline 'egress': end
[17:41:14.997] [bmv2] [D] [thread 71418] [1.0] [cxt 0] Deparser 'deparser': start
[17:41:14.997] [bmv2] [T] [thread 71418] [1.0] [cxt 0] Skipping checksum 'cksum' update because condition not met
[17:41:14.997] [bmv2] [D] [thread 71418] [1.0] [cxt 0] Deparsing header 'ethernet'
[17:41:14.997] [bmv2] [D] [thread 71418] [1.0] [cxt 0] Deparser 'deparser': end
[17:41:14.998] [bmv2] [D] [thread 71422] [1.0] [cxt 0] Transmitting packet of size 211 out of port 0
[17:41:15.001] [bmv2] [D] [thread 71417] [2.0] [cxt 0] Processing packet received on port 2
[17:41:15.001] [bmv2] [D] [thread 71417] [2.0] [cxt 0] Parser 'parser': start
[17:41:15.001] [bmv2] [D] [thread 71417] [2.0] [cxt 0] Parser 'parser' entering state 'start'
[17:41:15.001] [bmv2] [D] [thread 71417] [2.0] [cxt 0] Extracting header 'ethernet'
[17:41:15.001] [bmv2] [D] [thread 71417] [2.0] [cxt 0] Parser state 'start': key is 86dd
[17:41:15.001] [bmv2] [T] [thread 71417] [2.0] [cxt 0] Bytes parsed: 14
[17:41:15.001] [bmv2] [D] [thread 71417] [2.0] [cxt 0] Parser 'parser': end
[17:41:15.001] [bmv2] [D] [thread 71417] [2.0] [cxt 0] Pipeline 'ingress': start
[17:41:15.001] [bmv2] [T] [thread 71417] [2.0] [cxt 0] basic.p4(115) Condition "hdr.ipv4.isValid()" (node_2) is false
[17:41:15.001] [bmv2] [D] [thread 71417] [2.0] [cxt 0] Pipeline 'ingress': end
[17:41:15.001] [bmv2] [D] [thread 71417] [2.0] [cxt 0] Egress port is 0
[17:41:15.001] [bmv2] [D] [thread 71418] [2.0] [cxt 0] Pipeline 'egress': start
[17:41:15.001] [bmv2] [D] [thread 71418] [2.0] [cxt 0] Pipeline 'egress': end
[17:41:15.001] [bmv2] [D] [thread 71418] [2.0] [cxt 0] Deparser 'deparser': start
[17:41:15.001] [bmv2] [T] [thread 71418] [2.0] [cxt 0] Skipping checksum 'cksum' update because condition not met
[17:41:15.001] [bmv2] [D] [thread 71418] [2.0] [cxt 0] Deparsing header 'ethernet'
[17:41:15.001] [bmv2] [D] [thread 71418] [2.0] [cxt 0] Deparser 'deparser': end
[17:41:15.001] [bmv2] [D] [thread 71422] [2.0] [cxt 0] Transmitting packet of size 211 out of port 0
[17:41:15.029] [bmv2] [D] [thread 71417] [3.0] [cxt 0] Processing packet received on port 2
[17:41:15.029] [bmv2] [D] [thread 71417] [3.0] [cxt 0] Parser 'parser': start
[17:41:15.029] [bmv2] [D] [thread 71417] [3.0] [cxt 0] Parser 'parser' entering state 'start'
[17:41:15.029] [bmv2] [D] [thread 71417] [3.0] [cxt 0] Extracting header 'ethernet'
[17:41:15.029] [bmv2] [D] [thread 71417] [3.0] [cxt 0] Parser state 'start': key is 86dd
[17:41:15.029] [bmv2] [T] [thread 71417] [3.0] [cxt 0] Bytes parsed: 14
[17:41:15.029] [bmv2] [D] [thread 71417] [3.0] [cxt 0] Parser 'parser': end
[17:41:15.029] [bmv2] [D] [thread 71417] [3.0] [cxt 0] Pipeline 'ingress': start
[17:41:15.029] [bmv2] [T] [thread 71417] [3.0] [cxt 0] basic.p4(115) Condition "hdr.ipv4.isValid()" (node_2) is false
[17:41:15.029] [bmv2] [D] [thread 71417] [3.0] [cxt 0] Pipeline 'ingress': end
[17:41:15.029] [bmv2] [D] [thread 71417] [3.0] [cxt 0] Egress port is 0
[17:41:15.029] [bmv2] [D] [thread 71418] [3.0] [cxt 0] Pipeline 'egress': start
[17:41:15.029] [bmv2] [D] [thread 71418] [3.0] [cxt 0] Pipeline 'egress': end
[17:41:15.029] [bmv2] [D] [thread 71418] [3.0] [cxt 0] Deparser 'deparser': start
[17:41:15.029] [bmv2] [T] [thread 71418] [3.0] [cxt 0] Skipping checksum 'cksum' update because condition not met
[17:41:15.029] [bmv2] [D] [thread 71418] [3.0] [cxt 0] Deparsing header 'ethernet'
[17:41:15.029] [bmv2] [D] [thread 71418] [3.0] [cxt 0] Deparser 'deparser': end
[17:41:15.029] [bmv2] [D] [thread 71422] [3.0] [cxt 0] Transmitting packet of size 110 out of port 0
[17:41:15.053] [bmv2] [D] [thread 71417] [4.0] [cxt 0] Processing packet received on port 2
[17:41:15.053] [bmv2] [D] [thread 71417] [4.0] [cxt 0] Parser 'parser': start
[17:41:15.053] [bmv2] [D] [thread 71417] [4.0] [cxt 0] Parser 'parser' entering state 'start'
[17:41:15.053] [bmv2] [D] [thread 71417] [4.0] [cxt 0] Extracting header 'ethernet'
[17:41:15.053] [bmv2] [D] [thread 71417] [4.0] [cxt 0] Parser state 'start': key is 86dd
[17:41:15.053] [bmv2] [T] [thread 71417] [4.0] [cxt 0] Bytes parsed: 14
[17:41:15.053] [bmv2] [D] [thread 71417] [4.0] [cxt 0] Parser 'parser': end
[17:41:15.053] [bmv2] [D] [thread 71417] [4.0] [cxt 0] Pipeline 'ingress': start
[17:41:15.053] [bmv2] [T] [thread 71417] [4.0] [cxt 0] basic.p4(115) Condition "hdr.ipv4.isValid()" (node_2) is false
[17:41:15.053] [bmv2] [D] [thread 71417] [4.0] [cxt 0] Pipeline 'ingress': end
[17:41:15.053] [bmv2] [D] [thread 71417] [4.0] [cxt 0] Egress port is 0
[17:41:15.053] [bmv2] [D] [thread 71418] [4.0] [cxt 0] Pipeline 'egress': start
[17:41:15.053] [bmv2] [D] [thread 71418] [4.0] [cxt 0] Pipeline 'egress': end
[17:41:15.053] [bmv2] [D] [thread 71418] [4.0] [cxt 0] Deparser 'deparser': start
[17:41:15.053] [bmv2] [T] [thread 71418] [4.0] [cxt 0] Skipping checksum 'cksum' update because condition not met
[17:41:15.053] [bmv2] [D] [thread 71418] [4.0] [cxt 0] Deparsing header 'ethernet'
[17:41:15.053] [bmv2] [D] [thread 71418] [4.0] [cxt 0] Deparser 'deparser': end
[17:41:15.053] [bmv2] [D] [thread 71422] [4.0] [cxt 0] Transmitting packet of size 110 out of port 0
[17:41:15.068] [bmv2] [D] [thread 71417] [5.0] [cxt 0] Processing packet received on port 2
[17:41:15.068] [bmv2] [D] [thread 71417] [5.0] [cxt 0] Parser 'parser': start
[17:41:15.068] [bmv2] [D] [thread 71417] [5.0] [cxt 0] Parser 'parser' entering state 'start'
[17:41:15.068] [bmv2] [D] [thread 71417] [5.0] [cxt 0] Extracting header 'ethernet'
[17:41:15.068] [bmv2] [D] [thread 71417] [5.0] [cxt 0] Parser state 'start': key is 86dd
[17:41:15.068] [bmv2] [T] [thread 71417] [5.0] [cxt 0] Bytes parsed: 14
[17:41:15.068] [bmv2] [D] [thread 71417] [5.0] [cxt 0] Parser 'parser': end
[17:41:15.068] [bmv2] [D] [thread 71417] [5.0] [cxt 0] Pipeline 'ingress': start
[17:41:15.068] [bmv2] [T] [thread 71417] [5.0] [cxt 0] basic.p4(115) Condition "hdr.ipv4.isValid()" (node_2) is false
[17:41:15.068] [bmv2] [D] [thread 71417] [5.0] [cxt 0] Pipeline 'ingress': end
[17:41:15.068] [bmv2] [D] [thread 71417] [5.0] [cxt 0] Egress port is 0
[17:41:15.068] [bmv2] [D] [thread 71418] [5.0] [cxt 0] Pipeline 'egress': start
[17:41:15.068] [bmv2] [D] [thread 71418] [5.0] [cxt 0] Pipeline 'egress': end
[17:41:15.068] [bmv2] [D] [thread 71418] [5.0] [cxt 0] Deparser 'deparser': start
[17:41:15.068] [bmv2] [T] [thread 71418] [5.0] [cxt 0] Skipping checksum 'cksum' update because condition not met
[17:41:15.068] [bmv2] [D] [thread 71418] [5.0] [cxt 0] Deparsing header 'ethernet'
[17:41:15.068] [bmv2] [D] [thread 71418] [5.0] [cxt 0] Deparser 'deparser': end
[17:41:15.068] [bmv2] [D] [thread 71422] [5.0] [cxt 0] Transmitting packet of size 211 out of port 0
[17:41:15.074] [bmv2] [D] [thread 71417] [6.0] [cxt 0] Processing packet received on port 1
[17:41:15.074] [bmv2] [D] [thread 71417] [6.0] [cxt 0] Parser 'parser': start
[17:41:15.074] [bmv2] [D] [thread 71417] [6.0] [cxt 0] Parser 'parser' entering state 'start'
[17:41:15.074] [bmv2] [D] [thread 71417] [6.0] [cxt 0] Extracting header 'ethernet'
[17:41:15.074] [bmv2] [D] [thread 71417] [6.0] [cxt 0] Parser state 'start': key is 86dd
[17:41:15.074] [bmv2] [T] [thread 71417] [6.0] [cxt 0] Bytes parsed: 14
[17:41:15.074] [bmv2] [D] [thread 71417] [6.0] [cxt 0] Parser 'parser': end
[17:41:15.074] [bmv2] [D] [thread 71417] [6.0] [cxt 0] Pipeline 'ingress': start
[17:41:15.074] [bmv2] [T] [thread 71417] [6.0] [cxt 0] basic.p4(115) Condition "hdr.ipv4.isValid()" (node_2) is false
[17:41:15.074] [bmv2] [D] [thread 71417] [6.0] [cxt 0] Pipeline 'ingress': end
[17:41:15.074] [bmv2] [D] [thread 71417] [6.0] [cxt 0] Egress port is 0
[17:41:15.074] [bmv2] [D] [thread 71418] [6.0] [cxt 0] Pipeline 'egress': start
[17:41:15.074] [bmv2] [D] [thread 71418] [6.0] [cxt 0] Pipeline 'egress': end
[17:41:15.074] [bmv2] [D] [thread 71418] [6.0] [cxt 0] Deparser 'deparser': start
[17:41:15.074] [bmv2] [T] [thread 71418] [6.0] [cxt 0] Skipping checksum 'cksum' update because condition not met
[17:41:15.074] [bmv2] [D] [thread 71418] [6.0] [cxt 0] Deparsing header 'ethernet'
[17:41:15.074] [bmv2] [D] [thread 71418] [6.0] [cxt 0] Deparser 'deparser': end
[17:41:15.074] [bmv2] [D] [thread 71422] [6.0] [cxt 0] Transmitting packet of size 211 out of port 0
[17:41:15.182] [bmv2] [D] [thread 71417] [7.0] [cxt 0] Processing packet received on port 1
[17:41:15.182] [bmv2] [D] [thread 71417] [7.0] [cxt 0] Parser 'parser': start
[17:41:15.182] [bmv2] [D] [thread 71417] [7.0] [cxt 0] Parser 'parser' entering state 'start'
[17:41:15.182] [bmv2] [D] [thread 71417] [7.0] [cxt 0] Extracting header 'ethernet'
[17:41:15.182] [bmv2] [D] [thread 71417] [7.0] [cxt 0] Parser state 'start': key is 86dd
[17:41:15.182] [bmv2] [T] [thread 71417] [7.0] [cxt 0] Bytes parsed: 14
[17:41:15.182] [bmv2] [D] [thread 71417] [7.0] [cxt 0] Parser 'parser': end
[17:41:15.182] [bmv2] [D] [thread 71417] [7.0] [cxt 0] Pipeline 'ingress': start
[17:41:15.182] [bmv2] [T] [thread 71417] [7.0] [cxt 0] basic.p4(115) Condition "hdr.ipv4.isValid()" (node_2) is false
[17:41:15.182] [bmv2] [D] [thread 71417] [7.0] [cxt 0] Pipeline 'ingress': end
[17:41:15.182] [bmv2] [D] [thread 71417] [7.0] [cxt 0] Egress port is 0
[17:41:15.182] [bmv2] [D] [thread 71418] [7.0] [cxt 0] Pipeline 'egress': start
[17:41:15.182] [bmv2] [D] [thread 71418] [7.0] [cxt 0] Pipeline 'egress': end
[17:41:15.182] [bmv2] [D] [thread 71418] [7.0] [cxt 0] Deparser 'deparser': start
[17:41:15.182] [bmv2] [T] [thread 71418] [7.0] [cxt 0] Skipping checksum 'cksum' update because condition not met
[17:41:15.182] [bmv2] [D] [thread 71418] [7.0] [cxt 0] Deparsing header 'ethernet'
[17:41:15.182] [bmv2] [D] [thread 71418] [7.0] [cxt 0] Deparser 'deparser': end
[17:41:15.182] [bmv2] [D] [thread 71422] [7.0] [cxt 0] Transmitting packet of size 90 out of port 0
[17:41:15.205] [bmv2] [D] [thread 71417] [8.0] [cxt 0] Processing packet received on port 2
[17:41:15.205] [bmv2] [D] [thread 71417] [8.0] [cxt 0] Parser 'parser': start
[17:41:15.205] [bmv2] [D] [thread 71417] [8.0] [cxt 0] Parser 'parser' entering state 'start'
[17:41:15.205] [bmv2] [D] [thread 71417] [8.0] [cxt 0] Extracting header 'ethernet'
[17:41:15.205] [bmv2] [D] [thread 71417] [8.0] [cxt 0] Parser state 'start': key is 86dd
[17:41:15.205] [bmv2] [T] [thread 71417] [8.0] [cxt 0] Bytes parsed: 14
[17:41:15.205] [bmv2] [D] [thread 71417] [8.0] [cxt 0] Parser 'parser': end
[17:41:15.205] [bmv2] [D] [thread 71417] [8.0] [cxt 0] Pipeline 'ingress': start
[17:41:15.205] [bmv2] [T] [thread 71417] [8.0] [cxt 0] basic.p4(115) Condition "hdr.ipv4.isValid()" (node_2) is false
[17:41:15.205] [bmv2] [D] [thread 71417] [8.0] [cxt 0] Pipeline 'ingress': end
[17:41:15.205] [bmv2] [D] [thread 71417] [8.0] [cxt 0] Egress port is 0
[17:41:15.205] [bmv2] [D] [thread 71418] [8.0] [cxt 0] Pipeline 'egress': start
[17:41:15.205] [bmv2] [D] [thread 71418] [8.0] [cxt 0] Pipeline 'egress': end
[17:41:15.206] [bmv2] [D] [thread 71418] [8.0] [cxt 0] Deparser 'deparser': start
[17:41:15.206] [bmv2] [T] [thread 71418] [8.0] [cxt 0] Skipping checksum 'cksum' update because condition not met
[17:41:15.206] [bmv2] [D] [thread 71418] [8.0] [cxt 0] Deparsing header 'ethernet'
[17:41:15.206] [bmv2] [D] [thread 71418] [8.0] [cxt 0] Deparser 'deparser': end
[17:41:15.206] [bmv2] [D] [thread 71422] [8.0] [cxt 0] Transmitting packet of size 90 out of port 0
[17:41:15.246] [bmv2] [D] [thread 71417] [9.0] [cxt 0] Processing packet received on port 1
[17:41:15.246] [bmv2] [D] [thread 71417] [9.0] [cxt 0] Parser 'parser': start
[17:41:15.246] [bmv2] [D] [thread 71417] [9.0] [cxt 0] Parser 'parser' entering state 'start'
[17:41:15.246] [bmv2] [D] [thread 71417] [9.0] [cxt 0] Extracting header 'ethernet'
[17:41:15.246] [bmv2] [D] [thread 71417] [9.0] [cxt 0] Parser state 'start': key is 86dd
[17:41:15.246] [bmv2] [T] [thread 71417] [9.0] [cxt 0] Bytes parsed: 14
[17:41:15.246] [bmv2] [D] [thread 71417] [9.0] [cxt 0] Parser 'parser': end
[17:41:15.246] [bmv2] [D] [thread 71417] [9.0] [cxt 0] Pipeline 'ingress': start
[17:41:15.246] [bmv2] [T] [thread 71417] [9.0] [cxt 0] basic.p4(115) Condition "hdr.ipv4.isValid()" (node_2) is false
[17:41:15.246] [bmv2] [D] [thread 71417] [9.0] [cxt 0] Pipeline 'ingress': end
[17:41:15.246] [bmv2] [D] [thread 71417] [9.0] [cxt 0] Egress port is 0
[17:41:15.246] [bmv2] [D] [thread 71418] [9.0] [cxt 0] Pipeline 'egress': start
[17:41:15.246] [bmv2] [D] [thread 71418] [9.0] [cxt 0] Pipeline 'egress': end
[17:41:15.246] [bmv2] [D] [thread 71418] [9.0] [cxt 0] Deparser 'deparser': start
[17:41:15.246] [bmv2] [T] [thread 71418] [9.0] [cxt 0] Skipping checksum 'cksum' update because condition not met
[17:41:15.246] [bmv2] [D] [thread 71418] [9.0] [cxt 0] Deparsing header 'ethernet'
[17:41:15.246] [bmv2] [D] [thread 71418] [9.0] [cxt 0] Deparser 'deparser': end
[17:41:15.246] [bmv2] [D] [thread 71422] [9.0] [cxt 0] Transmitting packet of size 211 out of port 0
[17:41:15.251] [bmv2] [D] [thread 71417] [10.0] [cxt 0] Processing packet received on port 2
[17:41:15.251] [bmv2] [D] [thread 71417] [10.0] [cxt 0] Parser 'parser': start
[17:41:15.251] [bmv2] [D] [thread 71417] [10.0] [cxt 0] Parser 'parser' entering state 'start'
[17:41:15.251] [bmv2] [D] [thread 71417] [10.0] [cxt 0] Extracting header 'ethernet'
[17:41:15.251] [bmv2] [D] [thread 71417] [10.0] [cxt 0] Parser state 'start': key is 86dd
[17:41:15.251] [bmv2] [T] [thread 71417] [10.0] [cxt 0] Bytes parsed: 14
[17:41:15.251] [bmv2] [D] [thread 71417] [10.0] [cxt 0] Parser 'parser': end
[17:41:15.251] [bmv2] [D] [thread 71417] [10.0] [cxt 0] Pipeline 'ingress': start
[17:41:15.251] [bmv2] [T] [thread 71417] [10.0] [cxt 0] basic.p4(115) Condition "hdr.ipv4.isValid()" (node_2) is false
[17:41:15.251] [bmv2] [D] [thread 71417] [10.0] [cxt 0] Pipeline 'ingress': end
[17:41:15.251] [bmv2] [D] [thread 71417] [10.0] [cxt 0] Egress port is 0
[17:41:15.251] [bmv2] [D] [thread 71418] [10.0] [cxt 0] Pipeline 'egress': start
[17:41:15.251] [bmv2] [D] [thread 71418] [10.0] [cxt 0] Pipeline 'egress': end
[17:41:15.251] [bmv2] [D] [thread 71418] [10.0] [cxt 0] Deparser 'deparser': start
[17:41:15.251] [bmv2] [T] [thread 71418] [10.0] [cxt 0] Skipping checksum 'cksum' update because condition not met
[17:41:15.251] [bmv2] [D] [thread 71418] [10.0] [cxt 0] Deparsing header 'ethernet'
[17:41:15.251] [bmv2] [D] [thread 71418] [10.0] [cxt 0] Deparser 'deparser': end
[17:41:15.251] [bmv2] [D] [thread 71422] [10.0] [cxt 0] Transmitting packet of size 211 out of port 0
[17:41:15.310] [bmv2] [D] [thread 71417] [11.0] [cxt 0] Processing packet received on port 1
[17:41:15.310] [bmv2] [D] [thread 71417] [11.0] [cxt 0] Parser 'parser': start
[17:41:15.310] [bmv2] [D] [thread 71417] [11.0] [cxt 0] Parser 'parser' entering state 'start'
[17:41:15.310] [bmv2] [D] [thread 71417] [11.0] [cxt 0] Extracting header 'ethernet'
[17:41:15.310] [bmv2] [D] [thread 71417] [11.0] [cxt 0] Parser state 'start': key is 86dd
[17:41:15.310] [bmv2] [T] [thread 71417] [11.0] [cxt 0] Bytes parsed: 14
[17:41:15.310] [bmv2] [D] [thread 71417] [11.0] [cxt 0] Parser 'parser': end
[17:41:15.310] [bmv2] [D] [thread 71417] [11.0] [cxt 0] Pipeline 'ingress': start
[17:41:15.310] [bmv2] [T] [thread 71417] [11.0] [cxt 0] basic.p4(115) Condition "hdr.ipv4.isValid()" (node_2) is false
[17:41:15.310] [bmv2] [D] [thread 71417] [11.0] [cxt 0] Pipeline 'ingress': end
[17:41:15.310] [bmv2] [D] [thread 71417] [11.0] [cxt 0] Egress port is 0
[17:41:15.310] [bmv2] [D] [thread 71418] [11.0] [cxt 0] Pipeline 'egress': start
[17:41:15.310] [bmv2] [D] [thread 71418] [11.0] [cxt 0] Pipeline 'egress': end
[17:41:15.310] [bmv2] [D] [thread 71418] [11.0] [cxt 0] Deparser 'deparser': start
[17:41:15.310] [bmv2] [T] [thread 71418] [11.0] [cxt 0] Skipping checksum 'cksum' update because condition not met
[17:41:15.310] [bmv2] [D] [thread 71418] [11.0] [cxt 0] Deparsing header 'ethernet'
[17:41:15.310] [bmv2] [D] [thread 71418] [11.0] [cxt 0] Deparser 'deparser': end
[17:41:15.310] [bmv2] [D] [thread 71422] [11.0] [cxt 0] Transmitting packet of size 90 out of port 0
[17:41:15.326] [bmv2] [D] [thread 71417] [12.0] [cxt 0] Processing packet received on port 2
[17:41:15.326] [bmv2] [D] [thread 71417] [12.0] [cxt 0] Parser 'parser': start
[17:41:15.326] [bmv2] [D] [thread 71417] [12.0] [cxt 0] Parser 'parser' entering state 'start'
[17:41:15.326] [bmv2] [D] [thread 71417] [12.0] [cxt 0] Extracting header 'ethernet'
[17:41:15.326] [bmv2] [D] [thread 71417] [12.0] [cxt 0] Parser state 'start': key is 86dd
[17:41:15.326] [bmv2] [T] [thread 71417] [12.0] [cxt 0] Bytes parsed: 14
[17:41:15.326] [bmv2] [D] [thread 71417] [12.0] [cxt 0] Parser 'parser': end
[17:41:15.326] [bmv2] [D] [thread 71417] [12.0] [cxt 0] Pipeline 'ingress': start
[17:41:15.326] [bmv2] [T] [thread 71417] [12.0] [cxt 0] basic.p4(115) Condition "hdr.ipv4.isValid()" (node_2) is false
[17:41:15.326] [bmv2] [D] [thread 71417] [12.0] [cxt 0] Pipeline 'ingress': end
[17:41:15.326] [bmv2] [D] [thread 71417] [12.0] [cxt 0] Egress port is 0
[17:41:15.326] [bmv2] [D] [thread 71417] [13.0] [cxt 0] Processing packet received on port 1
[17:41:15.326] [bmv2] [D] [thread 71417] [13.0] [cxt 0] Parser 'parser': start
[17:41:15.326] [bmv2] [D] [thread 71417] [13.0] [cxt 0] Parser 'parser' entering state 'start'
[17:41:15.326] [bmv2] [D] [thread 71417] [13.0] [cxt 0] Extracting header 'ethernet'
[17:41:15.326] [bmv2] [D] [thread 71418] [12.0] [cxt 0] Pipeline 'egress': start
[17:41:15.326] [bmv2] [D] [thread 71418] [12.0] [cxt 0] Pipeline 'egress': end
[17:41:15.326] [bmv2] [D] [thread 71418] [12.0] [cxt 0] Deparser 'deparser': start
[17:41:15.326] [bmv2] [T] [thread 71418] [12.0] [cxt 0] Skipping checksum 'cksum' update because condition not met
[17:41:15.326] [bmv2] [D] [thread 71418] [12.0] [cxt 0] Deparsing header 'ethernet'
[17:41:15.326] [bmv2] [D] [thread 71418] [12.0] [cxt 0] Deparser 'deparser': end
[17:41:15.326] [bmv2] [D] [thread 71422] [12.0] [cxt 0] Transmitting packet of size 211 out of port 0
[17:41:15.326] [bmv2] [D] [thread 71417] [13.0] [cxt 0] Parser state 'start': key is 86dd
[17:41:15.326] [bmv2] [T] [thread 71417] [13.0] [cxt 0] Bytes parsed: 14
[17:41:15.326] [bmv2] [D] [thread 71417] [13.0] [cxt 0] Parser 'parser': end
[17:41:15.326] [bmv2] [D] [thread 71417] [13.0] [cxt 0] Pipeline 'ingress': start
[17:41:15.326] [bmv2] [T] [thread 71417] [13.0] [cxt 0] basic.p4(115) Condition "hdr.ipv4.isValid()" (node_2) is false
[17:41:15.326] [bmv2] [D] [thread 71417] [13.0] [cxt 0] Pipeline 'ingress': end
[17:41:15.326] [bmv2] [D] [thread 71417] [13.0] [cxt 0] Egress port is 0
[17:41:15.326] [bmv2] [D] [thread 71418] [13.0] [cxt 0] Pipeline 'egress': start
[17:41:15.326] [bmv2] [D] [thread 71418] [13.0] [cxt 0] Pipeline 'egress': end
[17:41:15.326] [bmv2] [D] [thread 71418] [13.0] [cxt 0] Deparser 'deparser': start
[17:41:15.326] [bmv2] [T] [thread 71418] [13.0] [cxt 0] Skipping checksum 'cksum' update because condition not met
[17:41:15.326] [bmv2] [D] [thread 71418] [13.0] [cxt 0] Deparsing header 'ethernet'
[17:41:15.326] [bmv2] [D] [thread 71418] [13.0] [cxt 0] Deparser 'deparser': end
[17:41:15.326] [bmv2] [D] [thread 71422] [13.0] [cxt 0] Transmitting packet of size 211 out of port 0
[17:41:15.446] [bmv2] [D] [thread 71417] [14.0] [cxt 0] Processing packet received on port 1
[17:41:15.446] [bmv2] [D] [thread 71417] [14.0] [cxt 0] Parser 'parser': start
[17:41:15.446] [bmv2] [D] [thread 71417] [14.0] [cxt 0] Parser 'parser' entering state 'start'
[17:41:15.446] [bmv2] [D] [thread 71417] [14.0] [cxt 0] Extracting header 'ethernet'
[17:41:15.446] [bmv2] [D] [thread 71417] [14.0] [cxt 0] Parser state 'start': key is 86dd
[17:41:15.446] [bmv2] [T] [thread 71417] [14.0] [cxt 0] Bytes parsed: 14
[17:41:15.446] [bmv2] [D] [thread 71417] [14.0] [cxt 0] Parser 'parser': end
[17:41:15.446] [bmv2] [D] [thread 71417] [14.0] [cxt 0] Pipeline 'ingress': start
[17:41:15.446] [bmv2] [T] [thread 71417] [14.0] [cxt 0] basic.p4(115) Condition "hdr.ipv4.isValid()" (node_2) is false
[17:41:15.446] [bmv2] [D] [thread 71417] [14.0] [cxt 0] Pipeline 'ingress': end
[17:41:15.446] [bmv2] [D] [thread 71417] [14.0] [cxt 0] Egress port is 0
[17:41:15.446] [bmv2] [D] [thread 71418] [14.0] [cxt 0] Pipeline 'egress': start
[17:41:15.446] [bmv2] [D] [thread 71418] [14.0] [cxt 0] Pipeline 'egress': end
[17:41:15.446] [bmv2] [D] [thread 71418] [14.0] [cxt 0] Deparser 'deparser': start
[17:41:15.446] [bmv2] [T] [thread 71418] [14.0] [cxt 0] Skipping checksum 'cksum' update because condition not met
[17:41:15.446] [bmv2] [D] [thread 71418] [14.0] [cxt 0] Deparsing header 'ethernet'
[17:41:15.446] [bmv2] [D] [thread 71418] [14.0] [cxt 0] Deparser 'deparser': end
[17:41:15.446] [bmv2] [D] [thread 71422] [14.0] [cxt 0] Transmitting packet of size 199 out of port 0
[17:41:15.502] [bmv2] [D] [thread 71417] [15.0] [cxt 0] Processing packet received on port 1
[17:41:15.502] [bmv2] [D] [thread 71417] [15.0] [cxt 0] Parser 'parser': start
[17:41:15.502] [bmv2] [D] [thread 71417] [15.0] [cxt 0] Parser 'parser' entering state 'start'
[17:41:15.502] [bmv2] [D] [thread 71417] [15.0] [cxt 0] Extracting header 'ethernet'
[17:41:15.502] [bmv2] [D] [thread 71417] [15.0] [cxt 0] Parser state 'start': key is 86dd
[17:41:15.502] [bmv2] [T] [thread 71417] [15.0] [cxt 0] Bytes parsed: 14
[17:41:15.502] [bmv2] [D] [thread 71417] [15.0] [cxt 0] Parser 'parser': end
[17:41:15.502] [bmv2] [D] [thread 71417] [15.0] [cxt 0] Pipeline 'ingress': start
[17:41:15.502] [bmv2] [T] [thread 71417] [15.0] [cxt 0] basic.p4(115) Condition "hdr.ipv4.isValid()" (node_2) is false
[17:41:15.502] [bmv2] [D] [thread 71417] [15.0] [cxt 0] Pipeline 'ingress': end
[17:41:15.502] [bmv2] [D] [thread 71417] [15.0] [cxt 0] Egress port is 0
[17:41:15.502] [bmv2] [D] [thread 71418] [15.0] [cxt 0] Pipeline 'egress': start
[17:41:15.502] [bmv2] [D] [thread 71418] [15.0] [cxt 0] Pipeline 'egress': end
[17:41:15.502] [bmv2] [D] [thread 71418] [15.0] [cxt 0] Deparser 'deparser': start
[17:41:15.502] [bmv2] [T] [thread 71418] [15.0] [cxt 0] Skipping checksum 'cksum' update because condition not met
[17:41:15.502] [bmv2] [D] [thread 71418] [15.0] [cxt 0] Deparsing header 'ethernet'
[17:41:15.502] [bmv2] [D] [thread 71418] [15.0] [cxt 0] Deparser 'deparser': end
[17:41:15.502] [bmv2] [D] [thread 71422] [15.0] [cxt 0] Transmitting packet of size 110 out of port 0
[17:41:15.502] [bmv2] [D] [thread 71417] [16.0] [cxt 0] Processing packet received on port 2
[17:41:15.502] [bmv2] [D] [thread 71417] [16.0] [cxt 0] Parser 'parser': start
[17:41:15.502] [bmv2] [D] [thread 71417] [16.0] [cxt 0] Parser 'parser' entering state 'start'
[17:41:15.502] [bmv2] [D] [thread 71417] [16.0] [cxt 0] Extracting header 'ethernet'
[17:41:15.502] [bmv2] [D] [thread 71417] [16.0] [cxt 0] Parser state 'start': key is 86dd
[17:41:15.502] [bmv2] [T] [thread 71417] [16.0] [cxt 0] Bytes parsed: 14
[17:41:15.502] [bmv2] [D] [thread 71417] [16.0] [cxt 0] Parser 'parser': end
[17:41:15.502] [bmv2] [D] [thread 71417] [16.0] [cxt 0] Pipeline 'ingress': start
[17:41:15.502] [bmv2] [T] [thread 71417] [16.0] [cxt 0] basic.p4(115) Condition "hdr.ipv4.isValid()" (node_2) is false
[17:41:15.502] [bmv2] [D] [thread 71417] [16.0] [cxt 0] Pipeline 'ingress': end
[17:41:15.502] [bmv2] [D] [thread 71417] [16.0] [cxt 0] Egress port is 0
[17:41:15.502] [bmv2] [D] [thread 71418] [16.0] [cxt 0] Pipeline 'egress': start
[17:41:15.502] [bmv2] [D] [thread 71418] [16.0] [cxt 0] Pipeline 'egress': end
[17:41:15.502] [bmv2] [D] [thread 71418] [16.0] [cxt 0] Deparser 'deparser': start
[17:41:15.502] [bmv2] [T] [thread 71418] [16.0] [cxt 0] Skipping checksum 'cksum' update because condition not met
[17:41:15.502] [bmv2] [D] [thread 71418] [16.0] [cxt 0] Deparsing header 'ethernet'
[17:41:15.503] [bmv2] [D] [thread 71418] [16.0] [cxt 0] Deparser 'deparser': end
[17:41:15.503] [bmv2] [D] [thread 71422] [16.0] [cxt 0] Transmitting packet of size 211 out of port 0
[17:41:15.526] [bmv2] [D] [thread 71417] [17.0] [cxt 0] Processing packet received on port 1
[17:41:15.526] [bmv2] [D] [thread 71417] [17.0] [cxt 0] Parser 'parser': start
[17:41:15.526] [bmv2] [D] [thread 71417] [17.0] [cxt 0] Parser 'parser' entering state 'start'
[17:41:15.526] [bmv2] [D] [thread 71417] [17.0] [cxt 0] Extracting header 'ethernet'
[17:41:15.526] [bmv2] [D] [thread 71417] [17.0] [cxt 0] Parser state 'start': key is 86dd
[17:41:15.526] [bmv2] [T] [thread 71417] [17.0] [cxt 0] Bytes parsed: 14
[17:41:15.526] [bmv2] [D] [thread 71417] [17.0] [cxt 0] Parser 'parser': end
[17:41:15.526] [bmv2] [D] [thread 71417] [17.0] [cxt 0] Pipeline 'ingress': start
[17:41:15.526] [bmv2] [T] [thread 71417] [17.0] [cxt 0] basic.p4(115) Condition "hdr.ipv4.isValid()" (node_2) is false
[17:41:15.526] [bmv2] [D] [thread 71417] [17.0] [cxt 0] Pipeline 'ingress': end
[17:41:15.526] [bmv2] [D] [thread 71417] [17.0] [cxt 0] Egress port is 0
[17:41:15.526] [bmv2] [D] [thread 71418] [17.0] [cxt 0] Pipeline 'egress': start
[17:41:15.526] [bmv2] [D] [thread 71418] [17.0] [cxt 0] Pipeline 'egress': end
[17:41:15.526] [bmv2] [D] [thread 71418] [17.0] [cxt 0] Deparser 'deparser': start
[17:41:15.526] [bmv2] [T] [thread 71418] [17.0] [cxt 0] Skipping checksum 'cksum' update because condition not met
[17:41:15.526] [bmv2] [D] [thread 71418] [17.0] [cxt 0] Deparsing header 'ethernet'
[17:41:15.526] [bmv2] [D] [thread 71418] [17.0] [cxt 0] Deparser 'deparser': end
[17:41:15.526] [bmv2] [D] [thread 71422] [17.0] [cxt 0] Transmitting packet of size 199 out of port 0
[17:41:15.566] [bmv2] [D] [thread 71417] [18.0] [cxt 0] Processing packet received on port 1
[17:41:15.566] [bmv2] [D] [thread 71417] [18.0] [cxt 0] Parser 'parser': start
[17:41:15.566] [bmv2] [D] [thread 71417] [18.0] [cxt 0] Parser 'parser' entering state 'start'
[17:41:15.566] [bmv2] [D] [thread 71417] [18.0] [cxt 0] Extracting header 'ethernet'
[17:41:15.566] [bmv2] [D] [thread 71417] [18.0] [cxt 0] Parser state 'start': key is 86dd
[17:41:15.566] [bmv2] [T] [thread 71417] [18.0] [cxt 0] Bytes parsed: 14
[17:41:15.566] [bmv2] [D] [thread 71417] [18.0] [cxt 0] Parser 'parser': end
[17:41:15.566] [bmv2] [D] [thread 71417] [18.0] [cxt 0] Pipeline 'ingress': start
[17:41:15.566] [bmv2] [T] [thread 71417] [18.0] [cxt 0] basic.p4(115) Condition "hdr.ipv4.isValid()" (node_2) is false
[17:41:15.566] [bmv2] [D] [thread 71417] [18.0] [cxt 0] Pipeline 'ingress': end
[17:41:15.566] [bmv2] [D] [thread 71417] [18.0] [cxt 0] Egress port is 0
[17:41:15.566] [bmv2] [D] [thread 71418] [18.0] [cxt 0] Pipeline 'egress': start
[17:41:15.566] [bmv2] [D] [thread 71418] [18.0] [cxt 0] Pipeline 'egress': end
[17:41:15.566] [bmv2] [D] [thread 71418] [18.0] [cxt 0] Deparser 'deparser': start
[17:41:15.566] [bmv2] [T] [thread 71418] [18.0] [cxt 0] Skipping checksum 'cksum' update because condition not met
[17:41:15.566] [bmv2] [D] [thread 71418] [18.0] [cxt 0] Deparsing header 'ethernet'
[17:41:15.566] [bmv2] [D] [thread 71418] [18.0] [cxt 0] Deparser 'deparser': end
[17:41:15.566] [bmv2] [D] [thread 71422] [18.0] [cxt 0] Transmitting packet of size 110 out of port 0
[17:41:15.579] [bmv2] [D] [thread 71417] [19.0] [cxt 0] Processing packet received on port 2
[17:41:15.579] [bmv2] [D] [thread 71417] [19.0] [cxt 0] Parser 'parser': start
[17:41:15.579] [bmv2] [D] [thread 71417] [19.0] [cxt 0] Parser 'parser' entering state 'start'
[17:41:15.579] [bmv2] [D] [thread 71417] [19.0] [cxt 0] Extracting header 'ethernet'
[17:41:15.579] [bmv2] [D] [thread 71417] [19.0] [cxt 0] Parser state 'start': key is 86dd
[17:41:15.579] [bmv2] [T] [thread 71417] [19.0] [cxt 0] Bytes parsed: 14
[17:41:15.579] [bmv2] [D] [thread 71417] [19.0] [cxt 0] Parser 'parser': end
[17:41:15.579] [bmv2] [D] [thread 71417] [19.0] [cxt 0] Pipeline 'ingress': start
[17:41:15.579] [bmv2] [T] [thread 71417] [19.0] [cxt 0] basic.p4(115) Condition "hdr.ipv4.isValid()" (node_2) is false
[17:41:15.579] [bmv2] [D] [thread 71417] [19.0] [cxt 0] Pipeline 'ingress': end
[17:41:15.579] [bmv2] [D] [thread 71417] [19.0] [cxt 0] Egress port is 0
[17:41:15.579] [bmv2] [D] [thread 71417] [20.0] [cxt 0] Processing packet received on port 1
[17:41:15.579] [bmv2] [D] [thread 71417] [20.0] [cxt 0] Parser 'parser': start
[17:41:15.579] [bmv2] [D] [thread 71417] [20.0] [cxt 0] Parser 'parser' entering state 'start'
[17:41:15.579] [bmv2] [D] [thread 71418] [19.0] [cxt 0] Pipeline 'egress': start
[17:41:15.579] [bmv2] [D] [thread 71418] [19.0] [cxt 0] Pipeline 'egress': end
[17:41:15.579] [bmv2] [D] [thread 71418] [19.0] [cxt 0] Deparser 'deparser': start
[17:41:15.579] [bmv2] [T] [thread 71418] [19.0] [cxt 0] Skipping checksum 'cksum' update because condition not met
[17:41:15.579] [bmv2] [D] [thread 71417] [20.0] [cxt 0] Extracting header 'ethernet'
[17:41:15.579] [bmv2] [D] [thread 71418] [19.0] [cxt 0] Deparsing header 'ethernet'
[17:41:15.579] [bmv2] [D] [thread 71418] [19.0] [cxt 0] Deparser 'deparser': end
[17:41:15.579] [bmv2] [D] [thread 71417] [20.0] [cxt 0] Parser state 'start': key is 86dd
[17:41:15.579] [bmv2] [T] [thread 71417] [20.0] [cxt 0] Bytes parsed: 14
[17:41:15.579] [bmv2] [D] [thread 71417] [20.0] [cxt 0] Parser 'parser': end
[17:41:15.579] [bmv2] [D] [thread 71417] [20.0] [cxt 0] Pipeline 'ingress': start
[17:41:15.579] [bmv2] [T] [thread 71417] [20.0] [cxt 0] basic.p4(115) Condition "hdr.ipv4.isValid()" (node_2) is false
[17:41:15.579] [bmv2] [D] [thread 71417] [20.0] [cxt 0] Pipeline 'ingress': end
[17:41:15.579] [bmv2] [D] [thread 71417] [20.0] [cxt 0] Egress port is 0
[17:41:15.579] [bmv2] [D] [thread 71422] [19.0] [cxt 0] Transmitting packet of size 211 out of port 0
[17:41:15.579] [bmv2] [D] [thread 71418] [20.0] [cxt 0] Pipeline 'egress': start
[17:41:15.579] [bmv2] [D] [thread 71418] [20.0] [cxt 0] Pipeline 'egress': end
[17:41:15.579] [bmv2] [D] [thread 71418] [20.0] [cxt 0] Deparser 'deparser': start
[17:41:15.579] [bmv2] [T] [thread 71418] [20.0] [cxt 0] Skipping checksum 'cksum' update because condition not met
[17:41:15.579] [bmv2] [D] [thread 71418] [20.0] [cxt 0] Deparsing header 'ethernet'
[17:41:15.579] [bmv2] [D] [thread 71418] [20.0] [cxt 0] Deparser 'deparser': end
[17:41:15.579] [bmv2] [D] [thread 71422] [20.0] [cxt 0] Transmitting packet of size 107 out of port 0
[17:41:15.703] [bmv2] [D] [thread 71417] [21.0] [cxt 0] Processing packet received on port 2
[17:41:15.703] [bmv2] [D] [thread 71417] [21.0] [cxt 0] Parser 'parser': start
[17:41:15.703] [bmv2] [D] [thread 71417] [21.0] [cxt 0] Parser 'parser' entering state 'start'
[17:41:15.703] [bmv2] [D] [thread 71417] [21.0] [cxt 0] Extracting header 'ethernet'
[17:41:15.703] [bmv2] [D] [thread 71417] [21.0] [cxt 0] Parser state 'start': key is 86dd
[17:41:15.703] [bmv2] [T] [thread 71417] [21.0] [cxt 0] Bytes parsed: 14
[17:41:15.703] [bmv2] [D] [thread 71417] [21.0] [cxt 0] Parser 'parser': end
[17:41:15.703] [bmv2] [D] [thread 71417] [21.0] [cxt 0] Pipeline 'ingress': start
[17:41:15.703] [bmv2] [T] [thread 71417] [21.0] [cxt 0] basic.p4(115) Condition "hdr.ipv4.isValid()" (node_2) is false
[17:41:15.703] [bmv2] [D] [thread 71417] [21.0] [cxt 0] Pipeline 'ingress': end
[17:41:15.703] [bmv2] [D] [thread 71417] [21.0] [cxt 0] Egress port is 0
[17:41:15.703] [bmv2] [D] [thread 71418] [21.0] [cxt 0] Pipeline 'egress': start
[17:41:15.703] [bmv2] [D] [thread 71418] [21.0] [cxt 0] Pipeline 'egress': end
[17:41:15.703] [bmv2] [D] [thread 71418] [21.0] [cxt 0] Deparser 'deparser': start
[17:41:15.703] [bmv2] [T] [thread 71418] [21.0] [cxt 0] Skipping checksum 'cksum' update because condition not met
[17:41:15.703] [bmv2] [D] [thread 71418] [21.0] [cxt 0] Deparsing header 'ethernet'
[17:41:15.703] [bmv2] [D] [thread 71418] [21.0] [cxt 0] Deparser 'deparser': end
[17:41:15.703] [bmv2] [D] [thread 71422] [21.0] [cxt 0] Transmitting packet of size 199 out of port 0
[17:41:15.781] [bmv2] [D] [thread 71417] [22.0] [cxt 0] Processing packet received on port 2
[17:41:15.781] [bmv2] [D] [thread 71417] [22.0] [cxt 0] Parser 'parser': start
[17:41:15.781] [bmv2] [D] [thread 71417] [22.0] [cxt 0] Parser 'parser' entering state 'start'
[17:41:15.781] [bmv2] [D] [thread 71417] [22.0] [cxt 0] Extracting header 'ethernet'
[17:41:15.781] [bmv2] [D] [thread 71417] [22.0] [cxt 0] Parser state 'start': key is 86dd
[17:41:15.781] [bmv2] [T] [thread 71417] [22.0] [cxt 0] Bytes parsed: 14
[17:41:15.781] [bmv2] [D] [thread 71417] [22.0] [cxt 0] Parser 'parser': end
[17:41:15.781] [bmv2] [D] [thread 71417] [22.0] [cxt 0] Pipeline 'ingress': start
[17:41:15.781] [bmv2] [T] [thread 71417] [22.0] [cxt 0] basic.p4(115) Condition "hdr.ipv4.isValid()" (node_2) is false
[17:41:15.781] [bmv2] [D] [thread 71417] [22.0] [cxt 0] Pipeline 'ingress': end
[17:41:15.781] [bmv2] [D] [thread 71417] [22.0] [cxt 0] Egress port is 0
[17:41:15.781] [bmv2] [D] [thread 71418] [22.0] [cxt 0] Pipeline 'egress': start
[17:41:15.781] [bmv2] [D] [thread 71418] [22.0] [cxt 0] Pipeline 'egress': end
[17:41:15.781] [bmv2] [D] [thread 71418] [22.0] [cxt 0] Deparser 'deparser': start
[17:41:15.781] [bmv2] [T] [thread 71418] [22.0] [cxt 0] Skipping checksum 'cksum' update because condition not met
[17:41:15.781] [bmv2] [D] [thread 71418] [22.0] [cxt 0] Deparsing header 'ethernet'
[17:41:15.781] [bmv2] [D] [thread 71418] [22.0] [cxt 0] Deparser 'deparser': end
[17:41:15.782] [bmv2] [D] [thread 71422] [22.0] [cxt 0] Transmitting packet of size 199 out of port 0
[17:41:15.835] [bmv2] [D] [thread 71417] [23.0] [cxt 0] Processing packet received on port 2
[17:41:15.835] [bmv2] [D] [thread 71417] [23.0] [cxt 0] Parser 'parser': start
[17:41:15.835] [bmv2] [D] [thread 71417] [23.0] [cxt 0] Parser 'parser' entering state 'start'
[17:41:15.835] [bmv2] [D] [thread 71417] [23.0] [cxt 0] Extracting header 'ethernet'
[17:41:15.835] [bmv2] [D] [thread 71417] [23.0] [cxt 0] Parser state 'start': key is 86dd
[17:41:15.835] [bmv2] [T] [thread 71417] [23.0] [cxt 0] Bytes parsed: 14
[17:41:15.835] [bmv2] [D] [thread 71417] [23.0] [cxt 0] Parser 'parser': end
[17:41:15.835] [bmv2] [D] [thread 71417] [23.0] [cxt 0] Pipeline 'ingress': start
[17:41:15.835] [bmv2] [T] [thread 71417] [23.0] [cxt 0] basic.p4(115) Condition "hdr.ipv4.isValid()" (node_2) is false
[17:41:15.835] [bmv2] [D] [thread 71417] [23.0] [cxt 0] Pipeline 'ingress': end
[17:41:15.835] [bmv2] [D] [thread 71417] [23.0] [cxt 0] Egress port is 0
[17:41:15.835] [bmv2] [D] [thread 71418] [23.0] [cxt 0] Pipeline 'egress': start
[17:41:15.835] [bmv2] [D] [thread 71418] [23.0] [cxt 0] Pipeline 'egress': end
[17:41:15.835] [bmv2] [D] [thread 71418] [23.0] [cxt 0] Deparser 'deparser': start
[17:41:15.835] [bmv2] [T] [thread 71418] [23.0] [cxt 0] Skipping checksum 'cksum' update because condition not met
[17:41:15.835] [bmv2] [D] [thread 71418] [23.0] [cxt 0] Deparsing header 'ethernet'
[17:41:15.835] [bmv2] [D] [thread 71418] [23.0] [cxt 0] Deparser 'deparser': end
[17:41:15.835] [bmv2] [D] [thread 71422] [23.0] [cxt 0] Transmitting packet of size 107 out of port 0
[17:41:16.376] [bmv2] [W] [thread 71471] [P4Runtime] p4::tmp::P4DeviceConfig is deprecated
[17:41:16.377] [bmv2] [D] [thread 71471] Set default default entry for table 'MyIngress.ipv4_lpm': MyIngress.drop - 
[17:41:16.378] [bmv2] [D] [thread 71471] simple_switch target has been notified of a config swap
[17:41:16.379] [bmv2] [D] [thread 71471] Set default entry for table 'MyIngress.ipv4_lpm': MyIngress.drop - 
[17:41:16.380] [bmv2] [D] [thread 71472] Entry 0 added to table 'MyIngress.ipv4_lpm'
[17:41:16.380] [bmv2] [D] [thread 71472] Dumping entry 0
Match key:
* hdr.ipv4.dstAddr    : LPM       0a000101/32
Action entry: MyIngress.ipv4_forward - 80000000100,2,

[17:41:16.381] [bmv2] [D] [thread 71471] Entry 1 added to table 'MyIngress.ipv4_lpm'
[17:41:16.381] [bmv2] [D] [thread 71471] Dumping entry 1
Match key:
* hdr.ipv4.dstAddr    : LPM       0a000202/32
Action entry: MyIngress.ipv4_forward - 80000000100,2,

[17:41:16.382] [bmv2] [D] [thread 71472] Entry 2 added to table 'MyIngress.ipv4_lpm'
[17:41:16.382] [bmv2] [D] [thread 71472] Dumping entry 2
Match key:
* hdr.ipv4.dstAddr    : LPM       0a000303/32
Action entry: MyIngress.ipv4_forward - 80000000200,1,

[17:41:16.382] [bmv2] [D] [thread 71471] Entry 3 added to table 'MyIngress.ipv4_lpm'
[17:41:16.382] [bmv2] [D] [thread 71471] Dumping entry 3
Match key:
* hdr.ipv4.dstAddr    : LPM       0a000404/32
Action entry: MyIngress.ipv4_forward - 80000000200,1,

[17:41:16.664] [bmv2] [D] [thread 71417] [24.0] [cxt 0] Processing packet received on port 1
[17:41:16.664] [bmv2] [D] [thread 71417] [24.0] [cxt 0] Parser 'parser': start
[17:41:16.664] [bmv2] [D] [thread 71417] [24.0] [cxt 0] Parser 'parser' entering state 'start'
[17:41:16.664] [bmv2] [D] [thread 71417] [24.0] [cxt 0] Extracting header 'ethernet'
[17:41:16.664] [bmv2] [D] [thread 71417] [24.0] [cxt 0] Parser state 'start': key is 86dd
[17:41:16.664] [bmv2] [T] [thread 71417] [24.0] [cxt 0] Bytes parsed: 14
[17:41:16.664] [bmv2] [D] [thread 71417] [24.0] [cxt 0] Parser 'parser': end
[17:41:16.664] [bmv2] [D] [thread 71417] [24.0] [cxt 0] Pipeline 'ingress': start
[17:41:16.664] [bmv2] [T] [thread 71417] [24.0] [cxt 0] basic.p4(115) Condition "hdr.ipv4.isValid()" (node_2) is false
[17:41:16.664] [bmv2] [D] [thread 71417] [24.0] [cxt 0] Pipeline 'ingress': end
[17:41:16.664] [bmv2] [D] [thread 71417] [24.0] [cxt 0] Egress port is 0
[17:41:16.664] [bmv2] [D] [thread 71418] [24.0] [cxt 0] Pipeline 'egress': start
[17:41:16.664] [bmv2] [D] [thread 71418] [24.0] [cxt 0] Pipeline 'egress': end
[17:41:16.664] [bmv2] [D] [thread 71418] [24.0] [cxt 0] Deparser 'deparser': start
[17:41:16.664] [bmv2] [T] [thread 71418] [24.0] [cxt 0] Skipping checksum 'cksum' update because condition not met
[17:41:16.664] [bmv2] [D] [thread 71418] [24.0] [cxt 0] Deparsing header 'ethernet'
[17:41:16.664] [bmv2] [D] [thread 71418] [24.0] [cxt 0] Deparser 'deparser': end
[17:41:16.664] [bmv2] [D] [thread 71422] [24.0] [cxt 0] Transmitting packet of size 199 out of port 0
[17:41:16.743] [bmv2] [D] [thread 71417] [25.0] [cxt 0] Processing packet received on port 1
[17:41:16.743] [bmv2] [D] [thread 71417] [25.0] [cxt 0] Parser 'parser': start
[17:41:16.743] [bmv2] [D] [thread 71417] [25.0] [cxt 0] Parser 'parser' entering state 'start'
[17:41:16.743] [bmv2] [D] [thread 71417] [25.0] [cxt 0] Extracting header 'ethernet'
[17:41:16.743] [bmv2] [D] [thread 71417] [25.0] [cxt 0] Parser state 'start': key is 86dd
[17:41:16.743] [bmv2] [T] [thread 71417] [25.0] [cxt 0] Bytes parsed: 14
[17:41:16.743] [bmv2] [D] [thread 71417] [25.0] [cxt 0] Parser 'parser': end
[17:41:16.743] [bmv2] [D] [thread 71417] [25.0] [cxt 0] Pipeline 'ingress': start
[17:41:16.743] [bmv2] [T] [thread 71417] [25.0] [cxt 0] basic.p4(115) Condition "hdr.ipv4.isValid()" (node_2) is false
[17:41:16.743] [bmv2] [D] [thread 71417] [25.0] [cxt 0] Pipeline 'ingress': end
[17:41:16.743] [bmv2] [D] [thread 71417] [25.0] [cxt 0] Egress port is 0
[17:41:16.743] [bmv2] [D] [thread 71418] [25.0] [cxt 0] Pipeline 'egress': start
[17:41:16.743] [bmv2] [D] [thread 71418] [25.0] [cxt 0] Pipeline 'egress': end
[17:41:16.743] [bmv2] [D] [thread 71418] [25.0] [cxt 0] Deparser 'deparser': start
[17:41:16.743] [bmv2] [T] [thread 71418] [25.0] [cxt 0] Skipping checksum 'cksum' update because condition not met
[17:41:16.743] [bmv2] [D] [thread 71418] [25.0] [cxt 0] Deparsing header 'ethernet'
[17:41:16.743] [bmv2] [D] [thread 71418] [25.0] [cxt 0] Deparser 'deparser': end
[17:41:16.743] [bmv2] [D] [thread 71422] [25.0] [cxt 0] Transmitting packet of size 199 out of port 0
[17:41:16.919] [bmv2] [D] [thread 71417] [26.0] [cxt 0] Processing packet received on port 2
[17:41:16.919] [bmv2] [D] [thread 71417] [26.0] [cxt 0] Parser 'parser': start
[17:41:16.919] [bmv2] [D] [thread 71417] [26.0] [cxt 0] Parser 'parser' entering state 'start'
[17:41:16.919] [bmv2] [D] [thread 71417] [26.0] [cxt 0] Extracting header 'ethernet'
[17:41:16.920] [bmv2] [D] [thread 71417] [26.0] [cxt 0] Parser state 'start': key is 86dd
[17:41:16.920] [bmv2] [T] [thread 71417] [26.0] [cxt 0] Bytes parsed: 14
[17:41:16.920] [bmv2] [D] [thread 71417] [26.0] [cxt 0] Parser 'parser': end
[17:41:16.920] [bmv2] [D] [thread 71417] [26.0] [cxt 0] Pipeline 'ingress': start
[17:41:16.920] [bmv2] [T] [thread 71417] [26.0] [cxt 0] basic.p4(115) Condition "hdr.ipv4.isValid()" (node_2) is false
[17:41:16.920] [bmv2] [D] [thread 71417] [26.0] [cxt 0] Pipeline 'ingress': end
[17:41:16.920] [bmv2] [D] [thread 71417] [26.0] [cxt 0] Egress port is 0
[17:41:16.920] [bmv2] [D] [thread 71418] [26.0] [cxt 0] Pipeline 'egress': start
[17:41:16.920] [bmv2] [D] [thread 71418] [26.0] [cxt 0] Pipeline 'egress': end
[17:41:16.920] [bmv2] [D] [thread 71418] [26.0] [cxt 0] Deparser 'deparser': start
[17:41:16.920] [bmv2] [T] [thread 71418] [26.0] [cxt 0] Skipping checksum 'cksum' update because condition not met
[17:41:16.920] [bmv2] [D] [thread 71418] [26.0] [cxt 0] Deparsing header 'ethernet'
[17:41:16.920] [bmv2] [D] [thread 71418] [26.0] [cxt 0] Deparser 'deparser': end
[17:41:16.920] [bmv2] [D] [thread 71422] [26.0] [cxt 0] Transmitting packet of size 199 out of port 0
[17:41:17.002] [bmv2] [D] [thread 71417] [27.0] [cxt 0] Processing packet received on port 2
[17:41:17.002] [bmv2] [D] [thread 71417] [27.0] [cxt 0] Parser 'parser': start
[17:41:17.002] [bmv2] [D] [thread 71417] [27.0] [cxt 0] Parser 'parser' entering state 'start'
[17:41:17.002] [bmv2] [D] [thread 71417] [27.0] [cxt 0] Extracting header 'ethernet'
[17:41:17.002] [bmv2] [D] [thread 71417] [27.0] [cxt 0] Parser state 'start': key is 86dd
[17:41:17.002] [bmv2] [T] [thread 71417] [27.0] [cxt 0] Bytes parsed: 14
[17:41:17.002] [bmv2] [D] [thread 71417] [27.0] [cxt 0] Parser 'parser': end
[17:41:17.002] [bmv2] [D] [thread 71417] [27.0] [cxt 0] Pipeline 'ingress': start
[17:41:17.002] [bmv2] [T] [thread 71417] [27.0] [cxt 0] basic.p4(115) Condition "hdr.ipv4.isValid()" (node_2) is false
[17:41:17.002] [bmv2] [D] [thread 71417] [27.0] [cxt 0] Pipeline 'ingress': end
[17:41:17.002] [bmv2] [D] [thread 71417] [27.0] [cxt 0] Egress port is 0
[17:41:17.002] [bmv2] [D] [thread 71418] [27.0] [cxt 0] Pipeline 'egress': start
[17:41:17.002] [bmv2] [D] [thread 71418] [27.0] [cxt 0] Pipeline 'egress': end
[17:41:17.002] [bmv2] [D] [thread 71418] [27.0] [cxt 0] Deparser 'deparser': start
[17:41:17.002] [bmv2] [T] [thread 71418] [27.0] [cxt 0] Skipping checksum 'cksum' update because condition not met
[17:41:17.002] [bmv2] [D] [thread 71418] [27.0] [cxt 0] Deparsing header 'ethernet'
[17:41:17.002] [bmv2] [D] [thread 71418] [27.0] [cxt 0] Deparser 'deparser': end
[17:41:17.002] [bmv2] [D] [thread 71422] [27.0] [cxt 0] Transmitting packet of size 199 out of port 0
[17:41:17.593] [bmv2] [D] [thread 71417] [28.0] [cxt 0] Processing packet received on port 1
[17:41:17.593] [bmv2] [D] [thread 71417] [28.0] [cxt 0] Parser 'parser': start
[17:41:17.593] [bmv2] [D] [thread 71417] [28.0] [cxt 0] Parser 'parser' entering state 'start'
[17:41:17.593] [bmv2] [D] [thread 71417] [28.0] [cxt 0] Extracting header 'ethernet'
[17:41:17.593] [bmv2] [D] [thread 71417] [28.0] [cxt 0] Parser state 'start': key is 86dd
[17:41:17.593] [bmv2] [T] [thread 71417] [28.0] [cxt 0] Bytes parsed: 14
[17:41:17.593] [bmv2] [D] [thread 71417] [28.0] [cxt 0] Parser 'parser': end
[17:41:17.593] [bmv2] [D] [thread 71417] [28.0] [cxt 0] Pipeline 'ingress': start
[17:41:17.593] [bmv2] [T] [thread 71417] [28.0] [cxt 0] basic.p4(115) Condition "hdr.ipv4.isValid()" (node_2) is false
[17:41:17.593] [bmv2] [D] [thread 71417] [28.0] [cxt 0] Pipeline 'ingress': end
[17:41:17.593] [bmv2] [D] [thread 71417] [28.0] [cxt 0] Egress port is 0
[17:41:17.593] [bmv2] [D] [thread 71418] [28.0] [cxt 0] Pipeline 'egress': start
[17:41:17.593] [bmv2] [D] [thread 71418] [28.0] [cxt 0] Pipeline 'egress': end
[17:41:17.593] [bmv2] [D] [thread 71418] [28.0] [cxt 0] Deparser 'deparser': start
[17:41:17.593] [bmv2] [T] [thread 71418] [28.0] [cxt 0] Skipping checksum 'cksum' update because condition not met
[17:41:17.593] [bmv2] [D] [thread 71418] [28.0] [cxt 0] Deparsing header 'ethernet'
[17:41:17.593] [bmv2] [D] [thread 71418] [28.0] [cxt 0] Deparser 'deparser': end
[17:41:17.593] [bmv2] [D] [thread 71422] [28.0] [cxt 0] Transmitting packet of size 107 out of port 0
[17:41:17.839] [bmv2] [D] [thread 71417] [29.0] [cxt 0] Processing packet received on port 2
[17:41:17.839] [bmv2] [D] [thread 71417] [29.0] [cxt 0] Parser 'parser': start
[17:41:17.839] [bmv2] [D] [thread 71417] [29.0] [cxt 0] Parser 'parser' entering state 'start'
[17:41:17.839] [bmv2] [D] [thread 71417] [29.0] [cxt 0] Extracting header 'ethernet'
[17:41:17.839] [bmv2] [D] [thread 71417] [29.0] [cxt 0] Parser state 'start': key is 86dd
[17:41:17.839] [bmv2] [T] [thread 71417] [29.0] [cxt 0] Bytes parsed: 14
[17:41:17.839] [bmv2] [D] [thread 71417] [29.0] [cxt 0] Parser 'parser': end
[17:41:17.839] [bmv2] [D] [thread 71417] [29.0] [cxt 0] Pipeline 'ingress': start
[17:41:17.839] [bmv2] [T] [thread 71417] [29.0] [cxt 0] basic.p4(115) Condition "hdr.ipv4.isValid()" (node_2) is false
[17:41:17.839] [bmv2] [D] [thread 71417] [29.0] [cxt 0] Pipeline 'ingress': end
[17:41:17.839] [bmv2] [D] [thread 71417] [29.0] [cxt 0] Egress port is 0
[17:41:17.839] [bmv2] [D] [thread 71418] [29.0] [cxt 0] Pipeline 'egress': start
[17:41:17.839] [bmv2] [D] [thread 71418] [29.0] [cxt 0] Pipeline 'egress': end
[17:41:17.839] [bmv2] [D] [thread 71418] [29.0] [cxt 0] Deparser 'deparser': start
[17:41:17.839] [bmv2] [T] [thread 71418] [29.0] [cxt 0] Skipping checksum 'cksum' update because condition not met
[17:41:17.839] [bmv2] [D] [thread 71418] [29.0] [cxt 0] Deparsing header 'ethernet'
[17:41:17.839] [bmv2] [D] [thread 71418] [29.0] [cxt 0] Deparser 'deparser': end
[17:41:17.839] [bmv2] [D] [thread 71422] [29.0] [cxt 0] Transmitting packet of size 107 out of port 0
[17:41:18.573] [bmv2] [D] [thread 71417] [30.0] [cxt 0] Processing packet received on port 2
[17:41:18.573] [bmv2] [D] [thread 71417] [30.0] [cxt 0] Parser 'parser': start
[17:41:18.573] [bmv2] [D] [thread 71417] [30.0] [cxt 0] Parser 'parser' entering state 'start'
[17:41:18.573] [bmv2] [D] [thread 71417] [30.0] [cxt 0] Extracting header 'ethernet'
[17:41:18.573] [bmv2] [D] [thread 71417] [30.0] [cxt 0] Parser state 'start': key is 86dd
[17:41:18.573] [bmv2] [T] [thread 71417] [30.0] [cxt 0] Bytes parsed: 14
[17:41:18.573] [bmv2] [D] [thread 71417] [30.0] [cxt 0] Parser 'parser': end
[17:41:18.573] [bmv2] [D] [thread 71417] [30.0] [cxt 0] Pipeline 'ingress': start
[17:41:18.573] [bmv2] [T] [thread 71417] [30.0] [cxt 0] basic.p4(115) Condition "hdr.ipv4.isValid()" (node_2) is false
[17:41:18.574] [bmv2] [D] [thread 71417] [30.0] [cxt 0] Pipeline 'ingress': end
[17:41:18.574] [bmv2] [D] [thread 71417] [30.0] [cxt 0] Egress port is 0
[17:41:18.574] [bmv2] [D] [thread 71418] [30.0] [cxt 0] Pipeline 'egress': start
[17:41:18.574] [bmv2] [D] [thread 71418] [30.0] [cxt 0] Pipeline 'egress': end
[17:41:18.574] [bmv2] [D] [thread 71418] [30.0] [cxt 0] Deparser 'deparser': start
[17:41:18.574] [bmv2] [T] [thread 71418] [30.0] [cxt 0] Skipping checksum 'cksum' update because condition not met
[17:41:18.574] [bmv2] [D] [thread 71418] [30.0] [cxt 0] Deparsing header 'ethernet'
[17:41:18.574] [bmv2] [D] [thread 71418] [30.0] [cxt 0] Deparser 'deparser': end
[17:41:18.574] [bmv2] [D] [thread 71422] [30.0] [cxt 0] Transmitting packet of size 70 out of port 0
[17:41:18.886] [bmv2] [D] [thread 71417] [31.0] [cxt 0] Processing packet received on port 1
[17:41:18.886] [bmv2] [D] [thread 71417] [31.0] [cxt 0] Parser 'parser': start
[17:41:18.886] [bmv2] [D] [thread 71417] [31.0] [cxt 0] Parser 'parser' entering state 'start'
[17:41:18.886] [bmv2] [D] [thread 71417] [31.0] [cxt 0] Extracting header 'ethernet'
[17:41:18.886] [bmv2] [D] [thread 71417] [31.0] [cxt 0] Parser state 'start': key is 86dd
[17:41:18.886] [bmv2] [T] [thread 71417] [31.0] [cxt 0] Bytes parsed: 14
[17:41:18.886] [bmv2] [D] [thread 71417] [31.0] [cxt 0] Parser 'parser': end
[17:41:18.886] [bmv2] [D] [thread 71417] [31.0] [cxt 0] Pipeline 'ingress': start
[17:41:18.886] [bmv2] [T] [thread 71417] [31.0] [cxt 0] basic.p4(115) Condition "hdr.ipv4.isValid()" (node_2) is false
[17:41:18.886] [bmv2] [D] [thread 71417] [31.0] [cxt 0] Pipeline 'ingress': end
[17:41:18.886] [bmv2] [D] [thread 71417] [31.0] [cxt 0] Egress port is 0
[17:41:18.886] [bmv2] [D] [thread 71418] [31.0] [cxt 0] Pipeline 'egress': start
[17:41:18.886] [bmv2] [D] [thread 71418] [31.0] [cxt 0] Pipeline 'egress': end
[17:41:18.886] [bmv2] [D] [thread 71418] [31.0] [cxt 0] Deparser 'deparser': start
[17:41:18.886] [bmv2] [T] [thread 71418] [31.0] [cxt 0] Skipping checksum 'cksum' update because condition not met
[17:41:18.886] [bmv2] [D] [thread 71418] [31.0] [cxt 0] Deparsing header 'ethernet'
[17:41:18.886] [bmv2] [D] [thread 71418] [31.0] [cxt 0] Deparser 'deparser': end
[17:41:18.887] [bmv2] [D] [thread 71422] [31.0] [cxt 0] Transmitting packet of size 199 out of port 0
[17:41:18.894] [bmv2] [D] [thread 71417] [32.0] [cxt 0] Processing packet received on port 1
[17:41:18.894] [bmv2] [D] [thread 71417] [32.0] [cxt 0] Parser 'parser': start
[17:41:18.894] [bmv2] [D] [thread 71417] [32.0] [cxt 0] Parser 'parser' entering state 'start'
[17:41:18.894] [bmv2] [D] [thread 71417] [32.0] [cxt 0] Extracting header 'ethernet'
[17:41:18.894] [bmv2] [D] [thread 71417] [32.0] [cxt 0] Parser state 'start': key is 86dd
[17:41:18.894] [bmv2] [T] [thread 71417] [32.0] [cxt 0] Bytes parsed: 14
[17:41:18.894] [bmv2] [D] [thread 71417] [32.0] [cxt 0] Parser 'parser': end
[17:41:18.894] [bmv2] [D] [thread 71417] [32.0] [cxt 0] Pipeline 'ingress': start
[17:41:18.894] [bmv2] [T] [thread 71417] [32.0] [cxt 0] basic.p4(115) Condition "hdr.ipv4.isValid()" (node_2) is false
[17:41:18.894] [bmv2] [D] [thread 71417] [32.0] [cxt 0] Pipeline 'ingress': end
[17:41:18.894] [bmv2] [D] [thread 71417] [32.0] [cxt 0] Egress port is 0
[17:41:18.894] [bmv2] [D] [thread 71417] [33.0] [cxt 0] Processing packet received on port 2
[17:41:18.894] [bmv2] [D] [thread 71417] [33.0] [cxt 0] Parser 'parser': start
[17:41:18.894] [bmv2] [D] [thread 71417] [33.0] [cxt 0] Parser 'parser' entering state 'start'
[17:41:18.894] [bmv2] [D] [thread 71417] [33.0] [cxt 0] Extracting header 'ethernet'
[17:41:18.894] [bmv2] [D] [thread 71417] [33.0] [cxt 0] Parser state 'start': key is 86dd
[17:41:18.894] [bmv2] [T] [thread 71417] [33.0] [cxt 0] Bytes parsed: 14
[17:41:18.894] [bmv2] [D] [thread 71417] [33.0] [cxt 0] Parser 'parser': end
[17:41:18.894] [bmv2] [D] [thread 71418] [32.0] [cxt 0] Pipeline 'egress': start
[17:41:18.894] [bmv2] [D] [thread 71418] [32.0] [cxt 0] Pipeline 'egress': end
[17:41:18.894] [bmv2] [D] [thread 71418] [32.0] [cxt 0] Deparser 'deparser': start
[17:41:18.894] [bmv2] [D] [thread 71417] [33.0] [cxt 0] Pipeline 'ingress': start
[17:41:18.894] [bmv2] [T] [thread 71418] [32.0] [cxt 0] Skipping checksum 'cksum' update because condition not met
[17:41:18.894] [bmv2] [T] [thread 71417] [33.0] [cxt 0] basic.p4(115) Condition "hdr.ipv4.isValid()" (node_2) is false
[17:41:18.894] [bmv2] [D] [thread 71417] [33.0] [cxt 0] Pipeline 'ingress': end
[17:41:18.894] [bmv2] [D] [thread 71418] [32.0] [cxt 0] Deparsing header 'ethernet'
[17:41:18.894] [bmv2] [D] [thread 71417] [33.0] [cxt 0] Egress port is 0
[17:41:18.894] [bmv2] [D] [thread 71418] [32.0] [cxt 0] Deparser 'deparser': end
[17:41:18.894] [bmv2] [D] [thread 71418] [33.0] [cxt 0] Pipeline 'egress': start
[17:41:18.894] [bmv2] [D] [thread 71418] [33.0] [cxt 0] Pipeline 'egress': end
[17:41:18.894] [bmv2] [D] [thread 71418] [33.0] [cxt 0] Deparser 'deparser': start
[17:41:18.894] [bmv2] [T] [thread 71418] [33.0] [cxt 0] Skipping checksum 'cksum' update because condition not met
[17:41:18.894] [bmv2] [D] [thread 71418] [33.0] [cxt 0] Deparsing header 'ethernet'
[17:41:18.894] [bmv2] [D] [thread 71418] [33.0] [cxt 0] Deparser 'deparser': end
[17:41:18.894] [bmv2] [D] [thread 71422] [32.0] [cxt 0] Transmitting packet of size 70 out of port 0
[17:41:18.894] [bmv2] [D] [thread 71422] [33.0] [cxt 0] Transmitting packet of size 70 out of port 0
[17:41:18.959] [bmv2] [D] [thread 71417] [34.0] [cxt 0] Processing packet received on port 1
[17:41:18.959] [bmv2] [D] [thread 71417] [34.0] [cxt 0] Parser 'parser': start
[17:41:18.959] [bmv2] [D] [thread 71417] [34.0] [cxt 0] Parser 'parser' entering state 'start'
[17:41:18.960] [bmv2] [D] [thread 71417] [34.0] [cxt 0] Extracting header 'ethernet'
[17:41:18.960] [bmv2] [D] [thread 71417] [34.0] [cxt 0] Parser state 'start': key is 86dd
[17:41:18.960] [bmv2] [T] [thread 71417] [34.0] [cxt 0] Bytes parsed: 14
[17:41:18.960] [bmv2] [D] [thread 71417] [34.0] [cxt 0] Parser 'parser': end
[17:41:18.960] [bmv2] [D] [thread 71417] [34.0] [cxt 0] Pipeline 'ingress': start
[17:41:18.960] [bmv2] [T] [thread 71417] [34.0] [cxt 0] basic.p4(115) Condition "hdr.ipv4.isValid()" (node_2) is false
[17:41:18.960] [bmv2] [D] [thread 71417] [34.0] [cxt 0] Pipeline 'ingress': end
[17:41:18.960] [bmv2] [D] [thread 71417] [34.0] [cxt 0] Egress port is 0
[17:41:18.960] [bmv2] [D] [thread 71418] [34.0] [cxt 0] Pipeline 'egress': start
[17:41:18.960] [bmv2] [D] [thread 71418] [34.0] [cxt 0] Pipeline 'egress': end
[17:41:18.960] [bmv2] [D] [thread 71418] [34.0] [cxt 0] Deparser 'deparser': start
[17:41:18.960] [bmv2] [T] [thread 71418] [34.0] [cxt 0] Skipping checksum 'cksum' update because condition not met
[17:41:18.960] [bmv2] [D] [thread 71418] [34.0] [cxt 0] Deparsing header 'ethernet'
[17:41:18.960] [bmv2] [D] [thread 71418] [34.0] [cxt 0] Deparser 'deparser': end
[17:41:18.960] [bmv2] [D] [thread 71422] [34.0] [cxt 0] Transmitting packet of size 199 out of port 0
[17:41:19.139] [bmv2] [D] [thread 71417] [35.0] [cxt 0] Processing packet received on port 2
[17:41:19.139] [bmv2] [D] [thread 71417] [35.0] [cxt 0] Parser 'parser': start
[17:41:19.139] [bmv2] [D] [thread 71417] [35.0] [cxt 0] Parser 'parser' entering state 'start'
[17:41:19.139] [bmv2] [D] [thread 71417] [35.0] [cxt 0] Extracting header 'ethernet'
[17:41:19.139] [bmv2] [D] [thread 71417] [35.0] [cxt 0] Parser state 'start': key is 86dd
[17:41:19.139] [bmv2] [T] [thread 71417] [35.0] [cxt 0] Bytes parsed: 14
[17:41:19.139] [bmv2] [D] [thread 71417] [35.0] [cxt 0] Parser 'parser': end
[17:41:19.139] [bmv2] [D] [thread 71417] [35.0] [cxt 0] Pipeline 'ingress': start
[17:41:19.139] [bmv2] [T] [thread 71417] [35.0] [cxt 0] basic.p4(115) Condition "hdr.ipv4.isValid()" (node_2) is false
[17:41:19.139] [bmv2] [D] [thread 71417] [35.0] [cxt 0] Pipeline 'ingress': end
[17:41:19.139] [bmv2] [D] [thread 71417] [35.0] [cxt 0] Egress port is 0
[17:41:19.139] [bmv2] [D] [thread 71418] [35.0] [cxt 0] Pipeline 'egress': start
[17:41:19.139] [bmv2] [D] [thread 71418] [35.0] [cxt 0] Pipeline 'egress': end
[17:41:19.139] [bmv2] [D] [thread 71418] [35.0] [cxt 0] Deparser 'deparser': start
[17:41:19.139] [bmv2] [T] [thread 71418] [35.0] [cxt 0] Skipping checksum 'cksum' update because condition not met
[17:41:19.139] [bmv2] [D] [thread 71418] [35.0] [cxt 0] Deparsing header 'ethernet'
[17:41:19.139] [bmv2] [D] [thread 71418] [35.0] [cxt 0] Deparser 'deparser': end
[17:41:19.139] [bmv2] [D] [thread 71422] [35.0] [cxt 0] Transmitting packet of size 199 out of port 0
[17:41:19.177] [bmv2] [D] [thread 71417] [36.0] [cxt 0] Processing packet received on port 2
[17:41:19.177] [bmv2] [D] [thread 71417] [36.0] [cxt 0] Parser 'parser': start
[17:41:19.177] [bmv2] [D] [thread 71417] [36.0] [cxt 0] Parser 'parser' entering state 'start'
[17:41:19.177] [bmv2] [D] [thread 71417] [36.0] [cxt 0] Extracting header 'ethernet'
[17:41:19.177] [bmv2] [D] [thread 71417] [36.0] [cxt 0] Parser state 'start': key is 0800
[17:41:19.177] [bmv2] [T] [thread 71417] [36.0] [cxt 0] Bytes parsed: 14
[17:41:19.177] [bmv2] [D] [thread 71417] [36.0] [cxt 0] Parser 'parser' entering state 'parse_ipv4'
[17:41:19.177] [bmv2] [D] [thread 71417] [36.0] [cxt 0] Extracting header 'ipv4'
[17:41:19.177] [bmv2] [D] [thread 71417] [36.0] [cxt 0] Parser state 'parse_ipv4' has no switch, going to default next state
[17:41:19.177] [bmv2] [T] [thread 71417] [36.0] [cxt 0] Bytes parsed: 34
[17:41:19.177] [bmv2] [D] [thread 71417] [36.0] [cxt 0] Parser 'parser': end
[17:41:19.177] [bmv2] [D] [thread 71417] [36.0] [cxt 0] Pipeline 'ingress': start
[17:41:19.177] [bmv2] [T] [thread 71417] [36.0] [cxt 0] basic.p4(115) Condition "hdr.ipv4.isValid()" (node_2) is true
[17:41:19.177] [bmv2] [T] [thread 71417] [36.0] [cxt 0] Applying table 'MyIngress.ipv4_lpm'
[17:41:19.177] [bmv2] [D] [thread 71417] [36.0] [cxt 0] Looking up key:
* hdr.ipv4.dstAddr    : 0a000404

[17:41:19.177] [bmv2] [D] [thread 71417] [36.0] [cxt 0] Table 'MyIngress.ipv4_lpm': hit with handle 3
[17:41:19.177] [bmv2] [D] [thread 71417] [36.0] [cxt 0] Dumping entry 3
Match key:
* hdr.ipv4.dstAddr    : LPM       0a000404/32
Action entry: MyIngress.ipv4_forward - 80000000200,1,

[17:41:19.177] [bmv2] [D] [thread 71417] [36.0] [cxt 0] Action entry is MyIngress.ipv4_forward - 80000000200,1,
[17:41:19.177] [bmv2] [T] [thread 71417] [36.0] [cxt 0] Action MyIngress.ipv4_forward
[17:41:19.177] [bmv2] [T] [thread 71417] [36.0] [cxt 0] basic.p4(95) Primitive standard_metadata.egress_spec = port
[17:41:19.177] [bmv2] [T] [thread 71417] [36.0] [cxt 0] basic.p4(96) Primitive hdr.ethernet.srcAddr = hdr.ethernet.dstAddr
[17:41:19.177] [bmv2] [T] [thread 71417] [36.0] [cxt 0] basic.p4(97) Primitive hdr.ethernet.dstAddr = dstAddr
[17:41:19.177] [bmv2] [T] [thread 71417] [36.0] [cxt 0] basic.p4(98) Primitive hdr.ipv4.ttl = hdr.ipv4.ttl - 1
[17:41:19.177] [bmv2] [D] [thread 71417] [36.0] [cxt 0] Pipeline 'ingress': end
[17:41:19.177] [bmv2] [D] [thread 71417] [36.0] [cxt 0] Egress port is 1
[17:41:19.177] [bmv2] [D] [thread 71419] [36.0] [cxt 0] Pipeline 'egress': start
[17:41:19.177] [bmv2] [D] [thread 71419] [36.0] [cxt 0] Pipeline 'egress': end
[17:41:19.177] [bmv2] [D] [thread 71419] [36.0] [cxt 0] Deparser 'deparser': start
[17:41:19.177] [bmv2] [D] [thread 71419] [36.0] [cxt 0] Updating checksum 'cksum'
[17:41:19.177] [bmv2] [D] [thread 71419] [36.0] [cxt 0] Deparsing header 'ethernet'
[17:41:19.177] [bmv2] [D] [thread 71419] [36.0] [cxt 0] Deparsing header 'ipv4'
[17:41:19.177] [bmv2] [D] [thread 71419] [36.0] [cxt 0] Deparser 'deparser': end
[17:41:19.178] [bmv2] [D] [thread 71422] [36.0] [cxt 0] Transmitting packet of size 98 out of port 1
[17:41:19.184] [bmv2] [D] [thread 71417] [37.0] [cxt 0] Processing packet received on port 1
[17:41:19.184] [bmv2] [D] [thread 71417] [37.0] [cxt 0] Parser 'parser': start
[17:41:19.184] [bmv2] [D] [thread 71417] [37.0] [cxt 0] Parser 'parser' entering state 'start'
[17:41:19.184] [bmv2] [D] [thread 71417] [37.0] [cxt 0] Extracting header 'ethernet'
[17:41:19.184] [bmv2] [D] [thread 71417] [37.0] [cxt 0] Parser state 'start': key is 0800
[17:41:19.184] [bmv2] [T] [thread 71417] [37.0] [cxt 0] Bytes parsed: 14
[17:41:19.184] [bmv2] [D] [thread 71417] [37.0] [cxt 0] Parser 'parser' entering state 'parse_ipv4'
[17:41:19.184] [bmv2] [D] [thread 71417] [37.0] [cxt 0] Extracting header 'ipv4'
[17:41:19.184] [bmv2] [D] [thread 71417] [37.0] [cxt 0] Parser state 'parse_ipv4' has no switch, going to default next state
[17:41:19.184] [bmv2] [T] [thread 71417] [37.0] [cxt 0] Bytes parsed: 34
[17:41:19.184] [bmv2] [D] [thread 71417] [37.0] [cxt 0] Parser 'parser': end
[17:41:19.184] [bmv2] [D] [thread 71417] [37.0] [cxt 0] Pipeline 'ingress': start
[17:41:19.184] [bmv2] [T] [thread 71417] [37.0] [cxt 0] basic.p4(115) Condition "hdr.ipv4.isValid()" (node_2) is true
[17:41:19.184] [bmv2] [T] [thread 71417] [37.0] [cxt 0] Applying table 'MyIngress.ipv4_lpm'
[17:41:19.184] [bmv2] [D] [thread 71417] [37.0] [cxt 0] Looking up key:
* hdr.ipv4.dstAddr    : 0a000202

[17:41:19.184] [bmv2] [D] [thread 71417] [37.0] [cxt 0] Table 'MyIngress.ipv4_lpm': hit with handle 1
[17:41:19.184] [bmv2] [D] [thread 71417] [37.0] [cxt 0] Dumping entry 1
Match key:
* hdr.ipv4.dstAddr    : LPM       0a000202/32
Action entry: MyIngress.ipv4_forward - 80000000100,2,

[17:41:19.184] [bmv2] [D] [thread 71417] [37.0] [cxt 0] Action entry is MyIngress.ipv4_forward - 80000000100,2,
[17:41:19.184] [bmv2] [T] [thread 71417] [37.0] [cxt 0] Action MyIngress.ipv4_forward
[17:41:19.184] [bmv2] [T] [thread 71417] [37.0] [cxt 0] basic.p4(95) Primitive standard_metadata.egress_spec = port
[17:41:19.184] [bmv2] [T] [thread 71417] [37.0] [cxt 0] basic.p4(96) Primitive hdr.ethernet.srcAddr = hdr.ethernet.dstAddr
[17:41:19.184] [bmv2] [T] [thread 71417] [37.0] [cxt 0] basic.p4(97) Primitive hdr.ethernet.dstAddr = dstAddr
[17:41:19.184] [bmv2] [T] [thread 71417] [37.0] [cxt 0] basic.p4(98) Primitive hdr.ipv4.ttl = hdr.ipv4.ttl - 1
[17:41:19.184] [bmv2] [D] [thread 71417] [37.0] [cxt 0] Pipeline 'ingress': end
[17:41:19.184] [bmv2] [D] [thread 71417] [37.0] [cxt 0] Egress port is 2
[17:41:19.184] [bmv2] [D] [thread 71420] [37.0] [cxt 0] Pipeline 'egress': start
[17:41:19.184] [bmv2] [D] [thread 71420] [37.0] [cxt 0] Pipeline 'egress': end
[17:41:19.184] [bmv2] [D] [thread 71420] [37.0] [cxt 0] Deparser 'deparser': start
[17:41:19.184] [bmv2] [D] [thread 71420] [37.0] [cxt 0] Updating checksum 'cksum'
[17:41:19.184] [bmv2] [D] [thread 71420] [37.0] [cxt 0] Deparsing header 'ethernet'
[17:41:19.184] [bmv2] [D] [thread 71420] [37.0] [cxt 0] Deparsing header 'ipv4'
[17:41:19.184] [bmv2] [D] [thread 71420] [37.0] [cxt 0] Deparser 'deparser': end
[17:41:19.184] [bmv2] [D] [thread 71422] [37.0] [cxt 0] Transmitting packet of size 98 out of port 2
[17:41:19.186] [bmv2] [D] [thread 71417] [38.0] [cxt 0] Processing packet received on port 2
[17:41:19.186] [bmv2] [D] [thread 71417] [38.0] [cxt 0] Parser 'parser': start
[17:41:19.186] [bmv2] [D] [thread 71417] [38.0] [cxt 0] Parser 'parser' entering state 'start'
[17:41:19.186] [bmv2] [D] [thread 71417] [38.0] [cxt 0] Extracting header 'ethernet'
[17:41:19.186] [bmv2] [D] [thread 71417] [38.0] [cxt 0] Parser state 'start': key is 0800
[17:41:19.186] [bmv2] [T] [thread 71417] [38.0] [cxt 0] Bytes parsed: 14
[17:41:19.186] [bmv2] [D] [thread 71417] [38.0] [cxt 0] Parser 'parser' entering state 'parse_ipv4'
[17:41:19.186] [bmv2] [D] [thread 71417] [38.0] [cxt 0] Extracting header 'ipv4'
[17:41:19.186] [bmv2] [D] [thread 71417] [38.0] [cxt 0] Parser state 'parse_ipv4' has no switch, going to default next state
[17:41:19.186] [bmv2] [T] [thread 71417] [38.0] [cxt 0] Bytes parsed: 34
[17:41:19.186] [bmv2] [D] [thread 71417] [38.0] [cxt 0] Parser 'parser': end
[17:41:19.186] [bmv2] [D] [thread 71417] [38.0] [cxt 0] Pipeline 'ingress': start
[17:41:19.186] [bmv2] [T] [thread 71417] [38.0] [cxt 0] basic.p4(115) Condition "hdr.ipv4.isValid()" (node_2) is true
[17:41:19.186] [bmv2] [T] [thread 71417] [38.0] [cxt 0] Applying table 'MyIngress.ipv4_lpm'
[17:41:19.186] [bmv2] [D] [thread 71417] [38.0] [cxt 0] Looking up key:
* hdr.ipv4.dstAddr    : 0a000404

[17:41:19.186] [bmv2] [D] [thread 71417] [38.0] [cxt 0] Table 'MyIngress.ipv4_lpm': hit with handle 3
[17:41:19.186] [bmv2] [D] [thread 71417] [38.0] [cxt 0] Dumping entry 3
Match key:
* hdr.ipv4.dstAddr    : LPM       0a000404/32
Action entry: MyIngress.ipv4_forward - 80000000200,1,

[17:41:19.186] [bmv2] [D] [thread 71417] [38.0] [cxt 0] Action entry is MyIngress.ipv4_forward - 80000000200,1,
[17:41:19.186] [bmv2] [T] [thread 71417] [38.0] [cxt 0] Action MyIngress.ipv4_forward
[17:41:19.186] [bmv2] [T] [thread 71417] [38.0] [cxt 0] basic.p4(95) Primitive standard_metadata.egress_spec = port
[17:41:19.186] [bmv2] [T] [thread 71417] [38.0] [cxt 0] basic.p4(96) Primitive hdr.ethernet.srcAddr = hdr.ethernet.dstAddr
[17:41:19.186] [bmv2] [T] [thread 71417] [38.0] [cxt 0] basic.p4(97) Primitive hdr.ethernet.dstAddr = dstAddr
[17:41:19.186] [bmv2] [T] [thread 71417] [38.0] [cxt 0] basic.p4(98) Primitive hdr.ipv4.ttl = hdr.ipv4.ttl - 1
[17:41:19.186] [bmv2] [D] [thread 71417] [38.0] [cxt 0] Pipeline 'ingress': end
[17:41:19.186] [bmv2] [D] [thread 71417] [38.0] [cxt 0] Egress port is 1
[17:41:19.186] [bmv2] [D] [thread 71419] [38.0] [cxt 0] Pipeline 'egress': start
[17:41:19.186] [bmv2] [D] [thread 71419] [38.0] [cxt 0] Pipeline 'egress': end
[17:41:19.186] [bmv2] [D] [thread 71419] [38.0] [cxt 0] Deparser 'deparser': start
[17:41:19.186] [bmv2] [D] [thread 71419] [38.0] [cxt 0] Updating checksum 'cksum'
[17:41:19.186] [bmv2] [D] [thread 71419] [38.0] [cxt 0] Deparsing header 'ethernet'
[17:41:19.186] [bmv2] [D] [thread 71419] [38.0] [cxt 0] Deparsing header 'ipv4'
[17:41:19.186] [bmv2] [D] [thread 71419] [38.0] [cxt 0] Deparser 'deparser': end
[17:41:19.186] [bmv2] [D] [thread 71422] [38.0] [cxt 0] Transmitting packet of size 98 out of port 1
[17:41:19.187] [bmv2] [D] [thread 71417] [39.0] [cxt 0] Processing packet received on port 1
[17:41:19.187] [bmv2] [D] [thread 71417] [39.0] [cxt 0] Parser 'parser': start
[17:41:19.187] [bmv2] [D] [thread 71417] [39.0] [cxt 0] Parser 'parser' entering state 'start'
[17:41:19.187] [bmv2] [D] [thread 71417] [39.0] [cxt 0] Extracting header 'ethernet'
[17:41:19.187] [bmv2] [D] [thread 71417] [39.0] [cxt 0] Parser state 'start': key is 0800
[17:41:19.187] [bmv2] [T] [thread 71417] [39.0] [cxt 0] Bytes parsed: 14
[17:41:19.187] [bmv2] [D] [thread 71417] [39.0] [cxt 0] Parser 'parser' entering state 'parse_ipv4'
[17:41:19.187] [bmv2] [D] [thread 71417] [39.0] [cxt 0] Extracting header 'ipv4'
[17:41:19.187] [bmv2] [D] [thread 71417] [39.0] [cxt 0] Parser state 'parse_ipv4' has no switch, going to default next state
[17:41:19.187] [bmv2] [T] [thread 71417] [39.0] [cxt 0] Bytes parsed: 34
[17:41:19.187] [bmv2] [D] [thread 71417] [39.0] [cxt 0] Parser 'parser': end
[17:41:19.187] [bmv2] [D] [thread 71417] [39.0] [cxt 0] Pipeline 'ingress': start
[17:41:19.187] [bmv2] [T] [thread 71417] [39.0] [cxt 0] basic.p4(115) Condition "hdr.ipv4.isValid()" (node_2) is true
[17:41:19.187] [bmv2] [T] [thread 71417] [39.0] [cxt 0] Applying table 'MyIngress.ipv4_lpm'
[17:41:19.187] [bmv2] [D] [thread 71417] [39.0] [cxt 0] Looking up key:
* hdr.ipv4.dstAddr    : 0a000202

[17:41:19.187] [bmv2] [D] [thread 71417] [39.0] [cxt 0] Table 'MyIngress.ipv4_lpm': hit with handle 1
[17:41:19.187] [bmv2] [D] [thread 71417] [39.0] [cxt 0] Dumping entry 1
Match key:
* hdr.ipv4.dstAddr    : LPM       0a000202/32
Action entry: MyIngress.ipv4_forward - 80000000100,2,

[17:41:19.187] [bmv2] [D] [thread 71417] [39.0] [cxt 0] Action entry is MyIngress.ipv4_forward - 80000000100,2,
[17:41:19.187] [bmv2] [T] [thread 71417] [39.0] [cxt 0] Action MyIngress.ipv4_forward
[17:41:19.187] [bmv2] [T] [thread 71417] [39.0] [cxt 0] basic.p4(95) Primitive standard_metadata.egress_spec = port
[17:41:19.187] [bmv2] [T] [thread 71417] [39.0] [cxt 0] basic.p4(96) Primitive hdr.ethernet.srcAddr = hdr.ethernet.dstAddr
[17:41:19.187] [bmv2] [T] [thread 71417] [39.0] [cxt 0] basic.p4(97) Primitive hdr.ethernet.dstAddr = dstAddr
[17:41:19.187] [bmv2] [T] [thread 71417] [39.0] [cxt 0] basic.p4(98) Primitive hdr.ipv4.ttl = hdr.ipv4.ttl - 1
[17:41:19.187] [bmv2] [D] [thread 71417] [39.0] [cxt 0] Pipeline 'ingress': end
[17:41:19.187] [bmv2] [D] [thread 71417] [39.0] [cxt 0] Egress port is 2
[17:41:19.187] [bmv2] [D] [thread 71420] [39.0] [cxt 0] Pipeline 'egress': start
[17:41:19.187] [bmv2] [D] [thread 71420] [39.0] [cxt 0] Pipeline 'egress': end
[17:41:19.187] [bmv2] [D] [thread 71420] [39.0] [cxt 0] Deparser 'deparser': start
[17:41:19.187] [bmv2] [D] [thread 71420] [39.0] [cxt 0] Updating checksum 'cksum'
[17:41:19.187] [bmv2] [D] [thread 71420] [39.0] [cxt 0] Deparsing header 'ethernet'
[17:41:19.187] [bmv2] [D] [thread 71420] [39.0] [cxt 0] Deparsing header 'ipv4'
[17:41:19.187] [bmv2] [D] [thread 71420] [39.0] [cxt 0] Deparser 'deparser': end
[17:41:19.187] [bmv2] [D] [thread 71422] [39.0] [cxt 0] Transmitting packet of size 98 out of port 2
[17:41:19.194] [bmv2] [D] [thread 71417] [40.0] [cxt 0] Processing packet received on port 1
[17:41:19.194] [bmv2] [D] [thread 71417] [40.0] [cxt 0] Parser 'parser': start
[17:41:19.194] [bmv2] [D] [thread 71417] [40.0] [cxt 0] Parser 'parser' entering state 'start'
[17:41:19.194] [bmv2] [D] [thread 71417] [40.0] [cxt 0] Extracting header 'ethernet'
[17:41:19.194] [bmv2] [D] [thread 71417] [40.0] [cxt 0] Parser state 'start': key is 0800
[17:41:19.194] [bmv2] [T] [thread 71417] [40.0] [cxt 0] Bytes parsed: 14
[17:41:19.194] [bmv2] [D] [thread 71417] [40.0] [cxt 0] Parser 'parser' entering state 'parse_ipv4'
[17:41:19.194] [bmv2] [D] [thread 71417] [40.0] [cxt 0] Extracting header 'ipv4'
[17:41:19.194] [bmv2] [D] [thread 71417] [40.0] [cxt 0] Parser state 'parse_ipv4' has no switch, going to default next state
[17:41:19.194] [bmv2] [T] [thread 71417] [40.0] [cxt 0] Bytes parsed: 34
[17:41:19.194] [bmv2] [D] [thread 71417] [40.0] [cxt 0] Parser 'parser': end
[17:41:19.194] [bmv2] [D] [thread 71417] [40.0] [cxt 0] Pipeline 'ingress': start
[17:41:19.194] [bmv2] [T] [thread 71417] [40.0] [cxt 0] basic.p4(115) Condition "hdr.ipv4.isValid()" (node_2) is true
[17:41:19.194] [bmv2] [T] [thread 71417] [40.0] [cxt 0] Applying table 'MyIngress.ipv4_lpm'
[17:41:19.194] [bmv2] [D] [thread 71417] [40.0] [cxt 0] Looking up key:
* hdr.ipv4.dstAddr    : 0a000202

[17:41:19.194] [bmv2] [D] [thread 71417] [40.0] [cxt 0] Table 'MyIngress.ipv4_lpm': hit with handle 1
[17:41:19.194] [bmv2] [D] [thread 71417] [40.0] [cxt 0] Dumping entry 1
Match key:
* hdr.ipv4.dstAddr    : LPM       0a000202/32
Action entry: MyIngress.ipv4_forward - 80000000100,2,

[17:41:19.194] [bmv2] [D] [thread 71417] [40.0] [cxt 0] Action entry is MyIngress.ipv4_forward - 80000000100,2,
[17:41:19.194] [bmv2] [T] [thread 71417] [40.0] [cxt 0] Action MyIngress.ipv4_forward
[17:41:19.194] [bmv2] [T] [thread 71417] [40.0] [cxt 0] basic.p4(95) Primitive standard_metadata.egress_spec = port
[17:41:19.194] [bmv2] [T] [thread 71417] [40.0] [cxt 0] basic.p4(96) Primitive hdr.ethernet.srcAddr = hdr.ethernet.dstAddr
[17:41:19.194] [bmv2] [T] [thread 71417] [40.0] [cxt 0] basic.p4(97) Primitive hdr.ethernet.dstAddr = dstAddr
[17:41:19.194] [bmv2] [T] [thread 71417] [40.0] [cxt 0] basic.p4(98) Primitive hdr.ipv4.ttl = hdr.ipv4.ttl - 1
[17:41:19.194] [bmv2] [D] [thread 71417] [40.0] [cxt 0] Pipeline 'ingress': end
[17:41:19.194] [bmv2] [D] [thread 71417] [40.0] [cxt 0] Egress port is 2
[17:41:19.194] [bmv2] [D] [thread 71420] [40.0] [cxt 0] Pipeline 'egress': start
[17:41:19.194] [bmv2] [D] [thread 71420] [40.0] [cxt 0] Pipeline 'egress': end
[17:41:19.194] [bmv2] [D] [thread 71420] [40.0] [cxt 0] Deparser 'deparser': start
[17:41:19.194] [bmv2] [D] [thread 71420] [40.0] [cxt 0] Updating checksum 'cksum'
[17:41:19.194] [bmv2] [D] [thread 71420] [40.0] [cxt 0] Deparsing header 'ethernet'
[17:41:19.194] [bmv2] [D] [thread 71420] [40.0] [cxt 0] Deparsing header 'ipv4'
[17:41:19.194] [bmv2] [D] [thread 71420] [40.0] [cxt 0] Deparser 'deparser': end
[17:41:19.194] [bmv2] [D] [thread 71422] [40.0] [cxt 0] Transmitting packet of size 98 out of port 2
[17:41:19.201] [bmv2] [D] [thread 71417] [41.0] [cxt 0] Processing packet received on port 2
[17:41:19.201] [bmv2] [D] [thread 71417] [41.0] [cxt 0] Parser 'parser': start
[17:41:19.201] [bmv2] [D] [thread 71417] [41.0] [cxt 0] Parser 'parser' entering state 'start'
[17:41:19.201] [bmv2] [D] [thread 71417] [41.0] [cxt 0] Extracting header 'ethernet'
[17:41:19.201] [bmv2] [D] [thread 71417] [41.0] [cxt 0] Parser state 'start': key is 0800
[17:41:19.201] [bmv2] [T] [thread 71417] [41.0] [cxt 0] Bytes parsed: 14
[17:41:19.201] [bmv2] [D] [thread 71417] [41.0] [cxt 0] Parser 'parser' entering state 'parse_ipv4'
[17:41:19.201] [bmv2] [D] [thread 71417] [41.0] [cxt 0] Extracting header 'ipv4'
[17:41:19.201] [bmv2] [D] [thread 71417] [41.0] [cxt 0] Parser state 'parse_ipv4' has no switch, going to default next state
[17:41:19.201] [bmv2] [T] [thread 71417] [41.0] [cxt 0] Bytes parsed: 34
[17:41:19.201] [bmv2] [D] [thread 71417] [41.0] [cxt 0] Parser 'parser': end
[17:41:19.201] [bmv2] [D] [thread 71417] [41.0] [cxt 0] Pipeline 'ingress': start
[17:41:19.201] [bmv2] [T] [thread 71417] [41.0] [cxt 0] basic.p4(115) Condition "hdr.ipv4.isValid()" (node_2) is true
[17:41:19.201] [bmv2] [T] [thread 71417] [41.0] [cxt 0] Applying table 'MyIngress.ipv4_lpm'
[17:41:19.201] [bmv2] [D] [thread 71417] [41.0] [cxt 0] Looking up key:
* hdr.ipv4.dstAddr    : 0a000404

[17:41:19.201] [bmv2] [D] [thread 71417] [41.0] [cxt 0] Table 'MyIngress.ipv4_lpm': hit with handle 3
[17:41:19.201] [bmv2] [D] [thread 71417] [41.0] [cxt 0] Dumping entry 3
Match key:
* hdr.ipv4.dstAddr    : LPM       0a000404/32
Action entry: MyIngress.ipv4_forward - 80000000200,1,

[17:41:19.201] [bmv2] [D] [thread 71417] [41.0] [cxt 0] Action entry is MyIngress.ipv4_forward - 80000000200,1,
[17:41:19.201] [bmv2] [T] [thread 71417] [41.0] [cxt 0] Action MyIngress.ipv4_forward
[17:41:19.201] [bmv2] [T] [thread 71417] [41.0] [cxt 0] basic.p4(95) Primitive standard_metadata.egress_spec = port
[17:41:19.201] [bmv2] [T] [thread 71417] [41.0] [cxt 0] basic.p4(96) Primitive hdr.ethernet.srcAddr = hdr.ethernet.dstAddr
[17:41:19.201] [bmv2] [T] [thread 71417] [41.0] [cxt 0] basic.p4(97) Primitive hdr.ethernet.dstAddr = dstAddr
[17:41:19.201] [bmv2] [T] [thread 71417] [41.0] [cxt 0] basic.p4(98) Primitive hdr.ipv4.ttl = hdr.ipv4.ttl - 1
[17:41:19.201] [bmv2] [D] [thread 71417] [41.0] [cxt 0] Pipeline 'ingress': end
[17:41:19.201] [bmv2] [D] [thread 71417] [41.0] [cxt 0] Egress port is 1
[17:41:19.201] [bmv2] [D] [thread 71419] [41.0] [cxt 0] Pipeline 'egress': start
[17:41:19.201] [bmv2] [D] [thread 71419] [41.0] [cxt 0] Pipeline 'egress': end
[17:41:19.201] [bmv2] [D] [thread 71419] [41.0] [cxt 0] Deparser 'deparser': start
[17:41:19.201] [bmv2] [D] [thread 71419] [41.0] [cxt 0] Updating checksum 'cksum'
[17:41:19.201] [bmv2] [D] [thread 71419] [41.0] [cxt 0] Deparsing header 'ethernet'
[17:41:19.201] [bmv2] [D] [thread 71419] [41.0] [cxt 0] Deparsing header 'ipv4'
[17:41:19.201] [bmv2] [D] [thread 71419] [41.0] [cxt 0] Deparser 'deparser': end
[17:41:19.202] [bmv2] [D] [thread 71422] [41.0] [cxt 0] Transmitting packet of size 98 out of port 1
[17:41:19.204] [bmv2] [D] [thread 71417] [42.0] [cxt 0] Processing packet received on port 1
[17:41:19.204] [bmv2] [D] [thread 71417] [42.0] [cxt 0] Parser 'parser': start
[17:41:19.204] [bmv2] [D] [thread 71417] [42.0] [cxt 0] Parser 'parser' entering state 'start'
[17:41:19.204] [bmv2] [D] [thread 71417] [42.0] [cxt 0] Extracting header 'ethernet'
[17:41:19.204] [bmv2] [D] [thread 71417] [42.0] [cxt 0] Parser state 'start': key is 0800
[17:41:19.204] [bmv2] [T] [thread 71417] [42.0] [cxt 0] Bytes parsed: 14
[17:41:19.204] [bmv2] [D] [thread 71417] [42.0] [cxt 0] Parser 'parser' entering state 'parse_ipv4'
[17:41:19.204] [bmv2] [D] [thread 71417] [42.0] [cxt 0] Extracting header 'ipv4'
[17:41:19.204] [bmv2] [D] [thread 71417] [42.0] [cxt 0] Parser state 'parse_ipv4' has no switch, going to default next state
[17:41:19.204] [bmv2] [T] [thread 71417] [42.0] [cxt 0] Bytes parsed: 34
[17:41:19.204] [bmv2] [D] [thread 71417] [42.0] [cxt 0] Parser 'parser': end
[17:41:19.204] [bmv2] [D] [thread 71417] [42.0] [cxt 0] Pipeline 'ingress': start
[17:41:19.204] [bmv2] [T] [thread 71417] [42.0] [cxt 0] basic.p4(115) Condition "hdr.ipv4.isValid()" (node_2) is true
[17:41:19.204] [bmv2] [T] [thread 71417] [42.0] [cxt 0] Applying table 'MyIngress.ipv4_lpm'
[17:41:19.204] [bmv2] [D] [thread 71417] [42.0] [cxt 0] Looking up key:
* hdr.ipv4.dstAddr    : 0a000202

[17:41:19.204] [bmv2] [D] [thread 71417] [42.0] [cxt 0] Table 'MyIngress.ipv4_lpm': hit with handle 1
[17:41:19.204] [bmv2] [D] [thread 71417] [42.0] [cxt 0] Dumping entry 1
Match key:
* hdr.ipv4.dstAddr    : LPM       0a000202/32
Action entry: MyIngress.ipv4_forward - 80000000100,2,

[17:41:19.204] [bmv2] [D] [thread 71417] [42.0] [cxt 0] Action entry is MyIngress.ipv4_forward - 80000000100,2,
[17:41:19.204] [bmv2] [T] [thread 71417] [42.0] [cxt 0] Action MyIngress.ipv4_forward
[17:41:19.204] [bmv2] [T] [thread 71417] [42.0] [cxt 0] basic.p4(95) Primitive standard_metadata.egress_spec = port
[17:41:19.204] [bmv2] [T] [thread 71417] [42.0] [cxt 0] basic.p4(96) Primitive hdr.ethernet.srcAddr = hdr.ethernet.dstAddr
[17:41:19.204] [bmv2] [T] [thread 71417] [42.0] [cxt 0] basic.p4(97) Primitive hdr.ethernet.dstAddr = dstAddr
[17:41:19.204] [bmv2] [T] [thread 71417] [42.0] [cxt 0] basic.p4(98) Primitive hdr.ipv4.ttl = hdr.ipv4.ttl - 1
[17:41:19.204] [bmv2] [D] [thread 71417] [42.0] [cxt 0] Pipeline 'ingress': end
[17:41:19.204] [bmv2] [D] [thread 71417] [42.0] [cxt 0] Egress port is 2
[17:41:19.204] [bmv2] [D] [thread 71420] [42.0] [cxt 0] Pipeline 'egress': start
[17:41:19.204] [bmv2] [D] [thread 71420] [42.0] [cxt 0] Pipeline 'egress': end
[17:41:19.204] [bmv2] [D] [thread 71420] [42.0] [cxt 0] Deparser 'deparser': start
[17:41:19.204] [bmv2] [D] [thread 71420] [42.0] [cxt 0] Updating checksum 'cksum'
[17:41:19.204] [bmv2] [D] [thread 71420] [42.0] [cxt 0] Deparsing header 'ethernet'
[17:41:19.204] [bmv2] [D] [thread 71420] [42.0] [cxt 0] Deparsing header 'ipv4'
[17:41:19.204] [bmv2] [D] [thread 71420] [42.0] [cxt 0] Deparser 'deparser': end
[17:41:19.204] [bmv2] [D] [thread 71422] [42.0] [cxt 0] Transmitting packet of size 98 out of port 2
[17:41:19.205] [bmv2] [D] [thread 71417] [43.0] [cxt 0] Processing packet received on port 2
[17:41:19.205] [bmv2] [D] [thread 71417] [43.0] [cxt 0] Parser 'parser': start
[17:41:19.205] [bmv2] [D] [thread 71417] [43.0] [cxt 0] Parser 'parser' entering state 'start'
[17:41:19.205] [bmv2] [D] [thread 71417] [43.0] [cxt 0] Extracting header 'ethernet'
[17:41:19.205] [bmv2] [D] [thread 71417] [43.0] [cxt 0] Parser state 'start': key is 0800
[17:41:19.205] [bmv2] [T] [thread 71417] [43.0] [cxt 0] Bytes parsed: 14
[17:41:19.205] [bmv2] [D] [thread 71417] [43.0] [cxt 0] Parser 'parser' entering state 'parse_ipv4'
[17:41:19.205] [bmv2] [D] [thread 71417] [43.0] [cxt 0] Extracting header 'ipv4'
[17:41:19.205] [bmv2] [D] [thread 71417] [43.0] [cxt 0] Parser state 'parse_ipv4' has no switch, going to default next state
[17:41:19.205] [bmv2] [T] [thread 71417] [43.0] [cxt 0] Bytes parsed: 34
[17:41:19.205] [bmv2] [D] [thread 71417] [43.0] [cxt 0] Parser 'parser': end
[17:41:19.205] [bmv2] [D] [thread 71417] [43.0] [cxt 0] Pipeline 'ingress': start
[17:41:19.205] [bmv2] [T] [thread 71417] [43.0] [cxt 0] basic.p4(115) Condition "hdr.ipv4.isValid()" (node_2) is true
[17:41:19.205] [bmv2] [T] [thread 71417] [43.0] [cxt 0] Applying table 'MyIngress.ipv4_lpm'
[17:41:19.205] [bmv2] [D] [thread 71417] [43.0] [cxt 0] Looking up key:
* hdr.ipv4.dstAddr    : 0a000404

[17:41:19.205] [bmv2] [D] [thread 71417] [43.0] [cxt 0] Table 'MyIngress.ipv4_lpm': hit with handle 3
[17:41:19.205] [bmv2] [D] [thread 71417] [43.0] [cxt 0] Dumping entry 3
Match key:
* hdr.ipv4.dstAddr    : LPM       0a000404/32
Action entry: MyIngress.ipv4_forward - 80000000200,1,

[17:41:19.205] [bmv2] [D] [thread 71417] [43.0] [cxt 0] Action entry is MyIngress.ipv4_forward - 80000000200,1,
[17:41:19.205] [bmv2] [T] [thread 71417] [43.0] [cxt 0] Action MyIngress.ipv4_forward
[17:41:19.205] [bmv2] [T] [thread 71417] [43.0] [cxt 0] basic.p4(95) Primitive standard_metadata.egress_spec = port
[17:41:19.205] [bmv2] [T] [thread 71417] [43.0] [cxt 0] basic.p4(96) Primitive hdr.ethernet.srcAddr = hdr.ethernet.dstAddr
[17:41:19.205] [bmv2] [T] [thread 71417] [43.0] [cxt 0] basic.p4(97) Primitive hdr.ethernet.dstAddr = dstAddr
[17:41:19.205] [bmv2] [T] [thread 71417] [43.0] [cxt 0] basic.p4(98) Primitive hdr.ipv4.ttl = hdr.ipv4.ttl - 1
[17:41:19.205] [bmv2] [D] [thread 71417] [43.0] [cxt 0] Pipeline 'ingress': end
[17:41:19.205] [bmv2] [D] [thread 71417] [43.0] [cxt 0] Egress port is 1
[17:41:19.205] [bmv2] [D] [thread 71419] [43.0] [cxt 0] Pipeline 'egress': start
[17:41:19.205] [bmv2] [D] [thread 71419] [43.0] [cxt 0] Pipeline 'egress': end
[17:41:19.205] [bmv2] [D] [thread 71419] [43.0] [cxt 0] Deparser 'deparser': start
[17:41:19.205] [bmv2] [D] [thread 71419] [43.0] [cxt 0] Updating checksum 'cksum'
[17:41:19.205] [bmv2] [D] [thread 71419] [43.0] [cxt 0] Deparsing header 'ethernet'
[17:41:19.205] [bmv2] [D] [thread 71419] [43.0] [cxt 0] Deparsing header 'ipv4'
[17:41:19.205] [bmv2] [D] [thread 71419] [43.0] [cxt 0] Deparser 'deparser': end
[17:41:19.205] [bmv2] [D] [thread 71422] [43.0] [cxt 0] Transmitting packet of size 98 out of port 1
[17:41:19.219] [bmv2] [D] [thread 71417] [44.0] [cxt 0] Processing packet received on port 2
[17:41:19.219] [bmv2] [D] [thread 71417] [44.0] [cxt 0] Parser 'parser': start
[17:41:19.219] [bmv2] [D] [thread 71417] [44.0] [cxt 0] Parser 'parser' entering state 'start'
[17:41:19.219] [bmv2] [D] [thread 71417] [44.0] [cxt 0] Extracting header 'ethernet'
[17:41:19.219] [bmv2] [D] [thread 71417] [44.0] [cxt 0] Parser state 'start': key is 86dd
[17:41:19.219] [bmv2] [T] [thread 71417] [44.0] [cxt 0] Bytes parsed: 14
[17:41:19.219] [bmv2] [D] [thread 71417] [44.0] [cxt 0] Parser 'parser': end
[17:41:19.219] [bmv2] [D] [thread 71417] [44.0] [cxt 0] Pipeline 'ingress': start
[17:41:19.219] [bmv2] [T] [thread 71417] [44.0] [cxt 0] basic.p4(115) Condition "hdr.ipv4.isValid()" (node_2) is false
[17:41:19.219] [bmv2] [D] [thread 71417] [44.0] [cxt 0] Pipeline 'ingress': end
[17:41:19.219] [bmv2] [D] [thread 71417] [44.0] [cxt 0] Egress port is 0
[17:41:19.219] [bmv2] [D] [thread 71418] [44.0] [cxt 0] Pipeline 'egress': start
[17:41:19.219] [bmv2] [D] [thread 71418] [44.0] [cxt 0] Pipeline 'egress': end
[17:41:19.219] [bmv2] [D] [thread 71418] [44.0] [cxt 0] Deparser 'deparser': start
[17:41:19.219] [bmv2] [T] [thread 71418] [44.0] [cxt 0] Skipping checksum 'cksum' update because condition not met
[17:41:19.219] [bmv2] [D] [thread 71418] [44.0] [cxt 0] Deparsing header 'ethernet'
[17:41:19.219] [bmv2] [D] [thread 71418] [44.0] [cxt 0] Deparser 'deparser': end
[17:41:19.219] [bmv2] [D] [thread 71422] [44.0] [cxt 0] Transmitting packet of size 199 out of port 0
[17:41:19.405] [bmv2] [D] [thread 71417] [45.0] [cxt 0] Processing packet received on port 1
[17:41:19.405] [bmv2] [D] [thread 71417] [45.0] [cxt 0] Parser 'parser': start
[17:41:19.405] [bmv2] [D] [thread 71417] [45.0] [cxt 0] Parser 'parser' entering state 'start'
[17:41:19.405] [bmv2] [D] [thread 71417] [45.0] [cxt 0] Extracting header 'ethernet'
[17:41:19.405] [bmv2] [D] [thread 71417] [45.0] [cxt 0] Parser state 'start': key is 86dd
[17:41:19.405] [bmv2] [T] [thread 71417] [45.0] [cxt 0] Bytes parsed: 14
[17:41:19.405] [bmv2] [D] [thread 71417] [45.0] [cxt 0] Parser 'parser': end
[17:41:19.405] [bmv2] [D] [thread 71417] [45.0] [cxt 0] Pipeline 'ingress': start
[17:41:19.405] [bmv2] [T] [thread 71417] [45.0] [cxt 0] basic.p4(115) Condition "hdr.ipv4.isValid()" (node_2) is false
[17:41:19.405] [bmv2] [D] [thread 71417] [45.0] [cxt 0] Pipeline 'ingress': end
[17:41:19.405] [bmv2] [D] [thread 71417] [45.0] [cxt 0] Egress port is 0
[17:41:19.406] [bmv2] [D] [thread 71418] [45.0] [cxt 0] Pipeline 'egress': start
[17:41:19.406] [bmv2] [D] [thread 71418] [45.0] [cxt 0] Pipeline 'egress': end
[17:41:19.406] [bmv2] [D] [thread 71418] [45.0] [cxt 0] Deparser 'deparser': start
[17:41:19.406] [bmv2] [T] [thread 71418] [45.0] [cxt 0] Skipping checksum 'cksum' update because condition not met
[17:41:19.406] [bmv2] [D] [thread 71418] [45.0] [cxt 0] Deparsing header 'ethernet'
[17:41:19.406] [bmv2] [D] [thread 71418] [45.0] [cxt 0] Deparser 'deparser': end
[17:41:19.406] [bmv2] [D] [thread 71422] [45.0] [cxt 0] Transmitting packet of size 70 out of port 0
[17:41:21.595] [bmv2] [D] [thread 71417] [46.0] [cxt 0] Processing packet received on port 1
[17:41:21.595] [bmv2] [D] [thread 71417] [46.0] [cxt 0] Parser 'parser': start
[17:41:21.595] [bmv2] [D] [thread 71417] [46.0] [cxt 0] Parser 'parser' entering state 'start'
[17:41:21.595] [bmv2] [D] [thread 71417] [46.0] [cxt 0] Extracting header 'ethernet'
[17:41:21.595] [bmv2] [D] [thread 71417] [46.0] [cxt 0] Parser state 'start': key is 86dd
[17:41:21.595] [bmv2] [T] [thread 71417] [46.0] [cxt 0] Bytes parsed: 14
[17:41:21.595] [bmv2] [D] [thread 71417] [46.0] [cxt 0] Parser 'parser': end
[17:41:21.595] [bmv2] [D] [thread 71417] [46.0] [cxt 0] Pipeline 'ingress': start
[17:41:21.595] [bmv2] [T] [thread 71417] [46.0] [cxt 0] basic.p4(115) Condition "hdr.ipv4.isValid()" (node_2) is false
[17:41:21.595] [bmv2] [D] [thread 71417] [46.0] [cxt 0] Pipeline 'ingress': end
[17:41:21.595] [bmv2] [D] [thread 71417] [46.0] [cxt 0] Egress port is 0
[17:41:21.595] [bmv2] [D] [thread 71418] [46.0] [cxt 0] Pipeline 'egress': start
[17:41:21.595] [bmv2] [D] [thread 71418] [46.0] [cxt 0] Pipeline 'egress': end
[17:41:21.595] [bmv2] [D] [thread 71418] [46.0] [cxt 0] Deparser 'deparser': start
[17:41:21.595] [bmv2] [T] [thread 71418] [46.0] [cxt 0] Skipping checksum 'cksum' update because condition not met
[17:41:21.595] [bmv2] [D] [thread 71418] [46.0] [cxt 0] Deparsing header 'ethernet'
[17:41:21.595] [bmv2] [D] [thread 71418] [46.0] [cxt 0] Deparser 'deparser': end
[17:41:21.595] [bmv2] [D] [thread 71422] [46.0] [cxt 0] Transmitting packet of size 107 out of port 0
[17:41:21.844] [bmv2] [D] [thread 71417] [47.0] [cxt 0] Processing packet received on port 2
[17:41:21.844] [bmv2] [D] [thread 71417] [47.0] [cxt 0] Parser 'parser': start
[17:41:21.844] [bmv2] [D] [thread 71417] [47.0] [cxt 0] Parser 'parser' entering state 'start'
[17:41:21.844] [bmv2] [D] [thread 71417] [47.0] [cxt 0] Extracting header 'ethernet'
[17:41:21.844] [bmv2] [D] [thread 71417] [47.0] [cxt 0] Parser state 'start': key is 86dd
[17:41:21.844] [bmv2] [T] [thread 71417] [47.0] [cxt 0] Bytes parsed: 14
[17:41:21.844] [bmv2] [D] [thread 71417] [47.0] [cxt 0] Parser 'parser': end
[17:41:21.844] [bmv2] [D] [thread 71417] [47.0] [cxt 0] Pipeline 'ingress': start
[17:41:21.844] [bmv2] [T] [thread 71417] [47.0] [cxt 0] basic.p4(115) Condition "hdr.ipv4.isValid()" (node_2) is false
[17:41:21.844] [bmv2] [D] [thread 71417] [47.0] [cxt 0] Pipeline 'ingress': end
[17:41:21.844] [bmv2] [D] [thread 71417] [47.0] [cxt 0] Egress port is 0
[17:41:21.844] [bmv2] [D] [thread 71418] [47.0] [cxt 0] Pipeline 'egress': start
[17:41:21.844] [bmv2] [D] [thread 71418] [47.0] [cxt 0] Pipeline 'egress': end
[17:41:21.844] [bmv2] [D] [thread 71418] [47.0] [cxt 0] Deparser 'deparser': start
[17:41:21.844] [bmv2] [T] [thread 71418] [47.0] [cxt 0] Skipping checksum 'cksum' update because condition not met
[17:41:21.844] [bmv2] [D] [thread 71418] [47.0] [cxt 0] Deparsing header 'ethernet'
[17:41:21.844] [bmv2] [D] [thread 71418] [47.0] [cxt 0] Deparser 'deparser': end
[17:41:21.844] [bmv2] [D] [thread 71422] [47.0] [cxt 0] Transmitting packet of size 107 out of port 0
open: No such file or directory
open: No such file or directory
open: No such file or directory
open: No such file or directory
