Calling target program-options parser
[17:56:19.328] [bmv2] [D] [thread 72548] Set default default entry for table 'MyIngress.ipv4_lpm': MyIngress.drop - 
Adding interface s1-eth1 as port 1
[17:56:19.329] [bmv2] [D] [thread 72548] Adding interface s1-eth1 as port 1
Adding interface s1-eth2 as port 2
[17:56:19.337] [bmv2] [D] [thread 72548] Adding interface s1-eth2 as port 2
Server listening on 0.0.0.0:50051
[17:56:19.347] [bmv2] [I] [thread 72548] Starting Thrift server on port 9090
[17:56:19.348] [bmv2] [I] [thread 72548] Thrift server was started
[17:56:19.609] [bmv2] [D] [thread 72563] [0.0] [cxt 0] Processing packet received on port 2
[17:56:19.609] [bmv2] [D] [thread 72563] [0.0] [cxt 0] Parser 'parser': start
[17:56:19.609] [bmv2] [D] [thread 72563] [0.0] [cxt 0] Parser 'parser' entering state 'start'
[17:56:19.609] [bmv2] [D] [thread 72563] [0.0] [cxt 0] Extracting header 'ethernet'
[17:56:19.609] [bmv2] [D] [thread 72563] [0.0] [cxt 0] Parser state 'start': key is 86dd
[17:56:19.609] [bmv2] [T] [thread 72563] [0.0] [cxt 0] Bytes parsed: 14
[17:56:19.609] [bmv2] [D] [thread 72563] [0.0] [cxt 0] Parser 'parser': end
[17:56:19.609] [bmv2] [D] [thread 72563] [0.0] [cxt 0] Pipeline 'ingress': start
[17:56:19.609] [bmv2] [T] [thread 72563] [0.0] [cxt 0] basic.p4(115) Condition "hdr.ipv4.isValid()" (node_2) is false
[17:56:19.609] [bmv2] [D] [thread 72563] [0.0] [cxt 0] Pipeline 'ingress': end
[17:56:19.609] [bmv2] [D] [thread 72563] [0.0] [cxt 0] Egress port is 0
[17:56:19.609] [bmv2] [D] [thread 72564] [0.0] [cxt 0] Pipeline 'egress': start
[17:56:19.609] [bmv2] [D] [thread 72564] [0.0] [cxt 0] Pipeline 'egress': end
[17:56:19.609] [bmv2] [D] [thread 72564] [0.0] [cxt 0] Deparser 'deparser': start
[17:56:19.609] [bmv2] [T] [thread 72564] [0.0] [cxt 0] Skipping checksum 'cksum' update because condition not met
[17:56:19.609] [bmv2] [D] [thread 72564] [0.0] [cxt 0] Deparsing header 'ethernet'
[17:56:19.609] [bmv2] [D] [thread 72564] [0.0] [cxt 0] Deparser 'deparser': end
[17:56:19.609] [bmv2] [D] [thread 72568] [0.0] [cxt 0] Transmitting packet of size 86 out of port 0
[17:56:19.689] [bmv2] [D] [thread 72563] [1.0] [cxt 0] Processing packet received on port 2
[17:56:19.689] [bmv2] [D] [thread 72563] [1.0] [cxt 0] Parser 'parser': start
[17:56:19.689] [bmv2] [D] [thread 72563] [1.0] [cxt 0] Parser 'parser' entering state 'start'
[17:56:19.689] [bmv2] [D] [thread 72563] [1.0] [cxt 0] Extracting header 'ethernet'
[17:56:19.689] [bmv2] [D] [thread 72563] [1.0] [cxt 0] Parser state 'start': key is 86dd
[17:56:19.689] [bmv2] [T] [thread 72563] [1.0] [cxt 0] Bytes parsed: 14
[17:56:19.689] [bmv2] [D] [thread 72563] [1.0] [cxt 0] Parser 'parser': end
[17:56:19.689] [bmv2] [D] [thread 72563] [1.0] [cxt 0] Pipeline 'ingress': start
[17:56:19.689] [bmv2] [T] [thread 72563] [1.0] [cxt 0] basic.p4(115) Condition "hdr.ipv4.isValid()" (node_2) is false
[17:56:19.689] [bmv2] [D] [thread 72563] [1.0] [cxt 0] Pipeline 'ingress': end
[17:56:19.689] [bmv2] [D] [thread 72563] [1.0] [cxt 0] Egress port is 0
[17:56:19.689] [bmv2] [D] [thread 72564] [1.0] [cxt 0] Pipeline 'egress': start
[17:56:19.689] [bmv2] [D] [thread 72564] [1.0] [cxt 0] Pipeline 'egress': end
[17:56:19.689] [bmv2] [D] [thread 72564] [1.0] [cxt 0] Deparser 'deparser': start
[17:56:19.689] [bmv2] [T] [thread 72564] [1.0] [cxt 0] Skipping checksum 'cksum' update because condition not met
[17:56:19.689] [bmv2] [D] [thread 72564] [1.0] [cxt 0] Deparsing header 'ethernet'
[17:56:19.689] [bmv2] [D] [thread 72564] [1.0] [cxt 0] Deparser 'deparser': end
[17:56:19.689] [bmv2] [D] [thread 72568] [1.0] [cxt 0] Transmitting packet of size 90 out of port 0
[17:56:20.186] [bmv2] [D] [thread 72563] [2.0] [cxt 0] Processing packet received on port 1
[17:56:20.186] [bmv2] [D] [thread 72563] [2.0] [cxt 0] Parser 'parser': start
[17:56:20.186] [bmv2] [D] [thread 72563] [2.0] [cxt 0] Parser 'parser' entering state 'start'
[17:56:20.186] [bmv2] [D] [thread 72563] [2.0] [cxt 0] Extracting header 'ethernet'
[17:56:20.186] [bmv2] [D] [thread 72563] [2.0] [cxt 0] Parser state 'start': key is 86dd
[17:56:20.186] [bmv2] [T] [thread 72563] [2.0] [cxt 0] Bytes parsed: 14
[17:56:20.186] [bmv2] [D] [thread 72563] [2.0] [cxt 0] Parser 'parser': end
[17:56:20.186] [bmv2] [D] [thread 72563] [2.0] [cxt 0] Pipeline 'ingress': start
[17:56:20.186] [bmv2] [T] [thread 72563] [2.0] [cxt 0] basic.p4(115) Condition "hdr.ipv4.isValid()" (node_2) is false
[17:56:20.186] [bmv2] [D] [thread 72563] [2.0] [cxt 0] Pipeline 'ingress': end
[17:56:20.186] [bmv2] [D] [thread 72563] [2.0] [cxt 0] Egress port is 0
[17:56:20.186] [bmv2] [D] [thread 72564] [2.0] [cxt 0] Pipeline 'egress': start
[17:56:20.186] [bmv2] [D] [thread 72564] [2.0] [cxt 0] Pipeline 'egress': end
[17:56:20.186] [bmv2] [D] [thread 72564] [2.0] [cxt 0] Deparser 'deparser': start
[17:56:20.186] [bmv2] [T] [thread 72564] [2.0] [cxt 0] Skipping checksum 'cksum' update because condition not met
[17:56:20.186] [bmv2] [D] [thread 72564] [2.0] [cxt 0] Deparsing header 'ethernet'
[17:56:20.186] [bmv2] [D] [thread 72564] [2.0] [cxt 0] Deparser 'deparser': end
[17:56:20.186] [bmv2] [D] [thread 72568] [2.0] [cxt 0] Transmitting packet of size 86 out of port 0
[17:56:20.249] [bmv2] [D] [thread 72563] [3.0] [cxt 0] Processing packet received on port 1
[17:56:20.249] [bmv2] [D] [thread 72563] [3.0] [cxt 0] Parser 'parser': start
[17:56:20.249] [bmv2] [D] [thread 72563] [3.0] [cxt 0] Parser 'parser' entering state 'start'
[17:56:20.249] [bmv2] [D] [thread 72563] [3.0] [cxt 0] Extracting header 'ethernet'
[17:56:20.249] [bmv2] [D] [thread 72563] [3.0] [cxt 0] Parser state 'start': key is 86dd
[17:56:20.249] [bmv2] [T] [thread 72563] [3.0] [cxt 0] Bytes parsed: 14
[17:56:20.249] [bmv2] [D] [thread 72563] [3.0] [cxt 0] Parser 'parser': end
[17:56:20.249] [bmv2] [D] [thread 72563] [3.0] [cxt 0] Pipeline 'ingress': start
[17:56:20.249] [bmv2] [T] [thread 72563] [3.0] [cxt 0] basic.p4(115) Condition "hdr.ipv4.isValid()" (node_2) is false
[17:56:20.249] [bmv2] [D] [thread 72563] [3.0] [cxt 0] Pipeline 'ingress': end
[17:56:20.249] [bmv2] [D] [thread 72563] [3.0] [cxt 0] Egress port is 0
[17:56:20.249] [bmv2] [D] [thread 72564] [3.0] [cxt 0] Pipeline 'egress': start
[17:56:20.249] [bmv2] [D] [thread 72564] [3.0] [cxt 0] Pipeline 'egress': end
[17:56:20.249] [bmv2] [D] [thread 72564] [3.0] [cxt 0] Deparser 'deparser': start
[17:56:20.249] [bmv2] [T] [thread 72564] [3.0] [cxt 0] Skipping checksum 'cksum' update because condition not met
[17:56:20.249] [bmv2] [D] [thread 72564] [3.0] [cxt 0] Deparsing header 'ethernet'
[17:56:20.249] [bmv2] [D] [thread 72564] [3.0] [cxt 0] Deparser 'deparser': end
[17:56:20.249] [bmv2] [D] [thread 72568] [3.0] [cxt 0] Transmitting packet of size 90 out of port 0
[17:56:20.633] [bmv2] [D] [thread 72563] [4.0] [cxt 0] Processing packet received on port 2
[17:56:20.633] [bmv2] [D] [thread 72563] [4.0] [cxt 0] Parser 'parser': start
[17:56:20.633] [bmv2] [D] [thread 72563] [4.0] [cxt 0] Parser 'parser' entering state 'start'
[17:56:20.633] [bmv2] [D] [thread 72563] [4.0] [cxt 0] Extracting header 'ethernet'
[17:56:20.633] [bmv2] [D] [thread 72563] [4.0] [cxt 0] Parser state 'start': key is 86dd
[17:56:20.633] [bmv2] [T] [thread 72563] [4.0] [cxt 0] Bytes parsed: 14
[17:56:20.633] [bmv2] [D] [thread 72563] [4.0] [cxt 0] Parser 'parser': end
[17:56:20.633] [bmv2] [D] [thread 72563] [4.0] [cxt 0] Pipeline 'ingress': start
[17:56:20.633] [bmv2] [T] [thread 72563] [4.0] [cxt 0] basic.p4(115) Condition "hdr.ipv4.isValid()" (node_2) is false
[17:56:20.633] [bmv2] [D] [thread 72563] [4.0] [cxt 0] Pipeline 'ingress': end
[17:56:20.633] [bmv2] [D] [thread 72563] [4.0] [cxt 0] Egress port is 0
[17:56:20.633] [bmv2] [D] [thread 72563] [5.0] [cxt 0] Processing packet received on port 2
[17:56:20.633] [bmv2] [D] [thread 72563] [5.0] [cxt 0] Parser 'parser': start
[17:56:20.633] [bmv2] [D] [thread 72563] [5.0] [cxt 0] Parser 'parser' entering state 'start'
[17:56:20.633] [bmv2] [D] [thread 72563] [5.0] [cxt 0] Extracting header 'ethernet'
[17:56:20.633] [bmv2] [D] [thread 72563] [5.0] [cxt 0] Parser state 'start': key is 86dd
[17:56:20.633] [bmv2] [T] [thread 72563] [5.0] [cxt 0] Bytes parsed: 14
[17:56:20.633] [bmv2] [D] [thread 72563] [5.0] [cxt 0] Parser 'parser': end
[17:56:20.634] [bmv2] [D] [thread 72563] [5.0] [cxt 0] Pipeline 'ingress': start
[17:56:20.634] [bmv2] [D] [thread 72564] [4.0] [cxt 0] Pipeline 'egress': start
[17:56:20.634] [bmv2] [D] [thread 72564] [4.0] [cxt 0] Pipeline 'egress': end
[17:56:20.634] [bmv2] [D] [thread 72564] [4.0] [cxt 0] Deparser 'deparser': start
[17:56:20.634] [bmv2] [T] [thread 72564] [4.0] [cxt 0] Skipping checksum 'cksum' update because condition not met
[17:56:20.634] [bmv2] [D] [thread 72564] [4.0] [cxt 0] Deparsing header 'ethernet'
[17:56:20.634] [bmv2] [D] [thread 72564] [4.0] [cxt 0] Deparser 'deparser': end
[17:56:20.634] [bmv2] [T] [thread 72563] [5.0] [cxt 0] basic.p4(115) Condition "hdr.ipv4.isValid()" (node_2) is false
[17:56:20.634] [bmv2] [D] [thread 72563] [5.0] [cxt 0] Pipeline 'ingress': end
[17:56:20.634] [bmv2] [D] [thread 72563] [5.0] [cxt 0] Egress port is 0
[17:56:20.634] [bmv2] [D] [thread 72568] [4.0] [cxt 0] Transmitting packet of size 90 out of port 0
[17:56:20.634] [bmv2] [D] [thread 72564] [5.0] [cxt 0] Pipeline 'egress': start
[17:56:20.634] [bmv2] [D] [thread 72564] [5.0] [cxt 0] Pipeline 'egress': end
[17:56:20.634] [bmv2] [D] [thread 72564] [5.0] [cxt 0] Deparser 'deparser': start
[17:56:20.634] [bmv2] [T] [thread 72564] [5.0] [cxt 0] Skipping checksum 'cksum' update because condition not met
[17:56:20.634] [bmv2] [D] [thread 72564] [5.0] [cxt 0] Deparsing header 'ethernet'
[17:56:20.634] [bmv2] [D] [thread 72564] [5.0] [cxt 0] Deparser 'deparser': end
[17:56:20.634] [bmv2] [D] [thread 72568] [5.0] [cxt 0] Transmitting packet of size 70 out of port 0
[17:56:20.638] [bmv2] [D] [thread 72563] [6.0] [cxt 0] Processing packet received on port 2
[17:56:20.638] [bmv2] [D] [thread 72563] [6.0] [cxt 0] Parser 'parser': start
[17:56:20.638] [bmv2] [D] [thread 72563] [6.0] [cxt 0] Parser 'parser' entering state 'start'
[17:56:20.638] [bmv2] [D] [thread 72563] [6.0] [cxt 0] Extracting header 'ethernet'
[17:56:20.638] [bmv2] [D] [thread 72563] [6.0] [cxt 0] Parser state 'start': key is 86dd
[17:56:20.638] [bmv2] [T] [thread 72563] [6.0] [cxt 0] Bytes parsed: 14
[17:56:20.638] [bmv2] [D] [thread 72563] [6.0] [cxt 0] Parser 'parser': end
[17:56:20.638] [bmv2] [D] [thread 72563] [6.0] [cxt 0] Pipeline 'ingress': start
[17:56:20.638] [bmv2] [T] [thread 72563] [6.0] [cxt 0] basic.p4(115) Condition "hdr.ipv4.isValid()" (node_2) is false
[17:56:20.638] [bmv2] [D] [thread 72563] [6.0] [cxt 0] Pipeline 'ingress': end
[17:56:20.638] [bmv2] [D] [thread 72563] [6.0] [cxt 0] Egress port is 0
[17:56:20.638] [bmv2] [D] [thread 72564] [6.0] [cxt 0] Pipeline 'egress': start
[17:56:20.638] [bmv2] [D] [thread 72564] [6.0] [cxt 0] Pipeline 'egress': end
[17:56:20.638] [bmv2] [D] [thread 72564] [6.0] [cxt 0] Deparser 'deparser': start
[17:56:20.638] [bmv2] [T] [thread 72564] [6.0] [cxt 0] Skipping checksum 'cksum' update because condition not met
[17:56:20.638] [bmv2] [D] [thread 72564] [6.0] [cxt 0] Deparsing header 'ethernet'
[17:56:20.638] [bmv2] [D] [thread 72564] [6.0] [cxt 0] Deparser 'deparser': end
[17:56:20.638] [bmv2] [D] [thread 72568] [6.0] [cxt 0] Transmitting packet of size 90 out of port 0
[17:56:20.708] [bmv2] [D] [thread 72563] [7.0] [cxt 0] Processing packet received on port 2
[17:56:20.708] [bmv2] [D] [thread 72563] [7.0] [cxt 0] Parser 'parser': start
[17:56:20.708] [bmv2] [D] [thread 72563] [7.0] [cxt 0] Parser 'parser' entering state 'start'
[17:56:20.708] [bmv2] [D] [thread 72563] [7.0] [cxt 0] Extracting header 'ethernet'
[17:56:20.708] [bmv2] [D] [thread 72563] [7.0] [cxt 0] Parser state 'start': key is 86dd
[17:56:20.708] [bmv2] [T] [thread 72563] [7.0] [cxt 0] Bytes parsed: 14
[17:56:20.708] [bmv2] [D] [thread 72563] [7.0] [cxt 0] Parser 'parser': end
[17:56:20.708] [bmv2] [D] [thread 72563] [7.0] [cxt 0] Pipeline 'ingress': start
[17:56:20.708] [bmv2] [T] [thread 72563] [7.0] [cxt 0] basic.p4(115) Condition "hdr.ipv4.isValid()" (node_2) is false
[17:56:20.708] [bmv2] [D] [thread 72563] [7.0] [cxt 0] Pipeline 'ingress': end
[17:56:20.708] [bmv2] [D] [thread 72563] [7.0] [cxt 0] Egress port is 0
[17:56:20.708] [bmv2] [D] [thread 72564] [7.0] [cxt 0] Pipeline 'egress': start
[17:56:20.708] [bmv2] [D] [thread 72564] [7.0] [cxt 0] Pipeline 'egress': end
[17:56:20.708] [bmv2] [D] [thread 72564] [7.0] [cxt 0] Deparser 'deparser': start
[17:56:20.708] [bmv2] [T] [thread 72564] [7.0] [cxt 0] Skipping checksum 'cksum' update because condition not met
[17:56:20.708] [bmv2] [D] [thread 72564] [7.0] [cxt 0] Deparsing header 'ethernet'
[17:56:20.708] [bmv2] [D] [thread 72564] [7.0] [cxt 0] Deparser 'deparser': end
[17:56:20.708] [bmv2] [D] [thread 72568] [7.0] [cxt 0] Transmitting packet of size 211 out of port 0
[17:56:20.734] [bmv2] [D] [thread 72563] [8.0] [cxt 0] Processing packet received on port 2
[17:56:20.734] [bmv2] [D] [thread 72563] [8.0] [cxt 0] Parser 'parser': start
[17:56:20.734] [bmv2] [D] [thread 72563] [8.0] [cxt 0] Parser 'parser' entering state 'start'
[17:56:20.734] [bmv2] [D] [thread 72563] [8.0] [cxt 0] Extracting header 'ethernet'
[17:56:20.734] [bmv2] [D] [thread 72563] [8.0] [cxt 0] Parser state 'start': key is 86dd
[17:56:20.734] [bmv2] [T] [thread 72563] [8.0] [cxt 0] Bytes parsed: 14
[17:56:20.734] [bmv2] [D] [thread 72563] [8.0] [cxt 0] Parser 'parser': end
[17:56:20.734] [bmv2] [D] [thread 72563] [8.0] [cxt 0] Pipeline 'ingress': start
[17:56:20.734] [bmv2] [T] [thread 72563] [8.0] [cxt 0] basic.p4(115) Condition "hdr.ipv4.isValid()" (node_2) is false
[17:56:20.734] [bmv2] [D] [thread 72563] [8.0] [cxt 0] Pipeline 'ingress': end
[17:56:20.734] [bmv2] [D] [thread 72563] [8.0] [cxt 0] Egress port is 0
[17:56:20.734] [bmv2] [D] [thread 72564] [8.0] [cxt 0] Pipeline 'egress': start
[17:56:20.734] [bmv2] [D] [thread 72564] [8.0] [cxt 0] Pipeline 'egress': end
[17:56:20.734] [bmv2] [D] [thread 72564] [8.0] [cxt 0] Deparser 'deparser': start
[17:56:20.734] [bmv2] [T] [thread 72564] [8.0] [cxt 0] Skipping checksum 'cksum' update because condition not met
[17:56:20.734] [bmv2] [D] [thread 72564] [8.0] [cxt 0] Deparsing header 'ethernet'
[17:56:20.734] [bmv2] [D] [thread 72564] [8.0] [cxt 0] Deparser 'deparser': end
[17:56:20.734] [bmv2] [D] [thread 72568] [8.0] [cxt 0] Transmitting packet of size 107 out of port 0
[17:56:20.861] [bmv2] [W] [thread 72586] [P4Runtime] p4::tmp::P4DeviceConfig is deprecated
[17:56:20.862] [bmv2] [D] [thread 72586] Set default default entry for table 'MyIngress.ipv4_lpm': MyIngress.drop - 
[17:56:20.863] [bmv2] [D] [thread 72586] simple_switch target has been notified of a config swap
[17:56:20.864] [bmv2] [D] [thread 72586] Set default entry for table 'MyIngress.ipv4_lpm': MyIngress.drop - 
[17:56:20.865] [bmv2] [D] [thread 72587] Entry 0 added to table 'MyIngress.ipv4_lpm'
[17:56:20.865] [bmv2] [D] [thread 72587] Dumping entry 0
Match key:
* hdr.ipv4.dstAddr    : LPM       0a000101/32
Action entry: MyIngress.ipv4_forward - 80000000111,1,

[17:56:20.866] [bmv2] [D] [thread 72586] Entry 1 added to table 'MyIngress.ipv4_lpm'
[17:56:20.866] [bmv2] [D] [thread 72586] Dumping entry 1
Match key:
* hdr.ipv4.dstAddr    : LPM       0a000202/32
Action entry: MyIngress.ipv4_forward - 80000000222,2,

[17:56:20.960] [bmv2] [D] [thread 72563] [9.0] [cxt 0] Processing packet received on port 2
[17:56:20.960] [bmv2] [D] [thread 72563] [9.0] [cxt 0] Parser 'parser': start
[17:56:20.960] [bmv2] [D] [thread 72563] [9.0] [cxt 0] Parser 'parser' entering state 'start'
[17:56:20.960] [bmv2] [D] [thread 72563] [9.0] [cxt 0] Extracting header 'ethernet'
[17:56:20.960] [bmv2] [D] [thread 72563] [9.0] [cxt 0] Parser state 'start': key is 86dd
[17:56:20.960] [bmv2] [T] [thread 72563] [9.0] [cxt 0] Bytes parsed: 14
[17:56:20.960] [bmv2] [D] [thread 72563] [9.0] [cxt 0] Parser 'parser': end
[17:56:20.960] [bmv2] [D] [thread 72563] [9.0] [cxt 0] Pipeline 'ingress': start
[17:56:20.960] [bmv2] [T] [thread 72563] [9.0] [cxt 0] basic.p4(115) Condition "hdr.ipv4.isValid()" (node_2) is false
[17:56:20.960] [bmv2] [D] [thread 72563] [9.0] [cxt 0] Pipeline 'ingress': end
[17:56:20.960] [bmv2] [D] [thread 72563] [9.0] [cxt 0] Egress port is 0
[17:56:20.960] [bmv2] [D] [thread 72564] [9.0] [cxt 0] Pipeline 'egress': start
[17:56:20.960] [bmv2] [D] [thread 72564] [9.0] [cxt 0] Pipeline 'egress': end
[17:56:20.960] [bmv2] [D] [thread 72564] [9.0] [cxt 0] Deparser 'deparser': start
[17:56:20.960] [bmv2] [T] [thread 72564] [9.0] [cxt 0] Skipping checksum 'cksum' update because condition not met
[17:56:20.961] [bmv2] [D] [thread 72564] [9.0] [cxt 0] Deparsing header 'ethernet'
[17:56:20.961] [bmv2] [D] [thread 72564] [9.0] [cxt 0] Deparser 'deparser': end
[17:56:20.961] [bmv2] [D] [thread 72568] [9.0] [cxt 0] Transmitting packet of size 211 out of port 0
[17:56:21.209] [bmv2] [D] [thread 72563] [10.0] [cxt 0] Processing packet received on port 1
[17:56:21.209] [bmv2] [D] [thread 72563] [10.0] [cxt 0] Parser 'parser': start
[17:56:21.209] [bmv2] [D] [thread 72563] [10.0] [cxt 0] Parser 'parser' entering state 'start'
[17:56:21.209] [bmv2] [D] [thread 72563] [10.0] [cxt 0] Extracting header 'ethernet'
[17:56:21.209] [bmv2] [D] [thread 72563] [10.0] [cxt 0] Parser state 'start': key is 86dd
[17:56:21.209] [bmv2] [T] [thread 72563] [10.0] [cxt 0] Bytes parsed: 14
[17:56:21.209] [bmv2] [D] [thread 72563] [10.0] [cxt 0] Parser 'parser': end
[17:56:21.209] [bmv2] [D] [thread 72563] [10.0] [cxt 0] Pipeline 'ingress': start
[17:56:21.209] [bmv2] [T] [thread 72563] [10.0] [cxt 0] basic.p4(115) Condition "hdr.ipv4.isValid()" (node_2) is false
[17:56:21.209] [bmv2] [D] [thread 72563] [10.0] [cxt 0] Pipeline 'ingress': end
[17:56:21.209] [bmv2] [D] [thread 72563] [10.0] [cxt 0] Egress port is 0
[17:56:21.209] [bmv2] [D] [thread 72563] [11.0] [cxt 0] Processing packet received on port 1
[17:56:21.209] [bmv2] [D] [thread 72563] [11.0] [cxt 0] Parser 'parser': start
[17:56:21.209] [bmv2] [D] [thread 72563] [11.0] [cxt 0] Parser 'parser' entering state 'start'
[17:56:21.209] [bmv2] [D] [thread 72563] [11.0] [cxt 0] Extracting header 'ethernet'
[17:56:21.209] [bmv2] [D] [thread 72563] [11.0] [cxt 0] Parser state 'start': key is 86dd
[17:56:21.209] [bmv2] [T] [thread 72563] [11.0] [cxt 0] Bytes parsed: 14
[17:56:21.209] [bmv2] [D] [thread 72563] [11.0] [cxt 0] Parser 'parser': end
[17:56:21.209] [bmv2] [D] [thread 72563] [11.0] [cxt 0] Pipeline 'ingress': start
[17:56:21.209] [bmv2] [T] [thread 72563] [11.0] [cxt 0] basic.p4(115) Condition "hdr.ipv4.isValid()" (node_2) is false
[17:56:21.209] [bmv2] [D] [thread 72563] [11.0] [cxt 0] Pipeline 'ingress': end
[17:56:21.209] [bmv2] [D] [thread 72564] [10.0] [cxt 0] Pipeline 'egress': start
[17:56:21.209] [bmv2] [D] [thread 72563] [11.0] [cxt 0] Egress port is 0
[17:56:21.209] [bmv2] [D] [thread 72564] [10.0] [cxt 0] Pipeline 'egress': end
[17:56:21.209] [bmv2] [D] [thread 72564] [10.0] [cxt 0] Deparser 'deparser': start
[17:56:21.209] [bmv2] [T] [thread 72564] [10.0] [cxt 0] Skipping checksum 'cksum' update because condition not met
[17:56:21.209] [bmv2] [D] [thread 72564] [10.0] [cxt 0] Deparsing header 'ethernet'
[17:56:21.209] [bmv2] [D] [thread 72564] [10.0] [cxt 0] Deparser 'deparser': end
[17:56:21.209] [bmv2] [D] [thread 72564] [11.0] [cxt 0] Pipeline 'egress': start
[17:56:21.209] [bmv2] [D] [thread 72564] [11.0] [cxt 0] Pipeline 'egress': end
[17:56:21.209] [bmv2] [D] [thread 72564] [11.0] [cxt 0] Deparser 'deparser': start
[17:56:21.210] [bmv2] [D] [thread 72568] [10.0] [cxt 0] Transmitting packet of size 90 out of port 0
[17:56:21.210] [bmv2] [T] [thread 72564] [11.0] [cxt 0] Skipping checksum 'cksum' update because condition not met
[17:56:21.210] [bmv2] [D] [thread 72564] [11.0] [cxt 0] Deparsing header 'ethernet'
[17:56:21.210] [bmv2] [D] [thread 72564] [11.0] [cxt 0] Deparser 'deparser': end
[17:56:21.210] [bmv2] [D] [thread 72568] [11.0] [cxt 0] Transmitting packet of size 70 out of port 0
[17:56:21.211] [bmv2] [D] [thread 72563] [12.0] [cxt 0] Processing packet received on port 2
[17:56:21.211] [bmv2] [D] [thread 72563] [12.0] [cxt 0] Parser 'parser': start
[17:56:21.211] [bmv2] [D] [thread 72563] [12.0] [cxt 0] Parser 'parser' entering state 'start'
[17:56:21.211] [bmv2] [D] [thread 72563] [12.0] [cxt 0] Extracting header 'ethernet'
[17:56:21.211] [bmv2] [D] [thread 72563] [12.0] [cxt 0] Parser state 'start': key is 86dd
[17:56:21.211] [bmv2] [T] [thread 72563] [12.0] [cxt 0] Bytes parsed: 14
[17:56:21.211] [bmv2] [D] [thread 72563] [12.0] [cxt 0] Parser 'parser': end
[17:56:21.211] [bmv2] [D] [thread 72563] [12.0] [cxt 0] Pipeline 'ingress': start
[17:56:21.211] [bmv2] [T] [thread 72563] [12.0] [cxt 0] basic.p4(115) Condition "hdr.ipv4.isValid()" (node_2) is false
[17:56:21.211] [bmv2] [D] [thread 72563] [12.0] [cxt 0] Pipeline 'ingress': end
[17:56:21.211] [bmv2] [D] [thread 72563] [12.0] [cxt 0] Egress port is 0
[17:56:21.211] [bmv2] [D] [thread 72564] [12.0] [cxt 0] Pipeline 'egress': start
[17:56:21.211] [bmv2] [D] [thread 72564] [12.0] [cxt 0] Pipeline 'egress': end
[17:56:21.211] [bmv2] [D] [thread 72564] [12.0] [cxt 0] Deparser 'deparser': start
[17:56:21.211] [bmv2] [T] [thread 72564] [12.0] [cxt 0] Skipping checksum 'cksum' update because condition not met
[17:56:21.211] [bmv2] [D] [thread 72564] [12.0] [cxt 0] Deparsing header 'ethernet'
[17:56:21.211] [bmv2] [D] [thread 72564] [12.0] [cxt 0] Deparser 'deparser': end
[17:56:21.212] [bmv2] [D] [thread 72568] [12.0] [cxt 0] Transmitting packet of size 211 out of port 0
[17:56:21.213] [bmv2] [D] [thread 72563] [13.0] [cxt 0] Processing packet received on port 1
[17:56:21.213] [bmv2] [D] [thread 72563] [13.0] [cxt 0] Parser 'parser': start
[17:56:21.213] [bmv2] [D] [thread 72563] [13.0] [cxt 0] Parser 'parser' entering state 'start'
[17:56:21.213] [bmv2] [D] [thread 72563] [13.0] [cxt 0] Extracting header 'ethernet'
[17:56:21.213] [bmv2] [D] [thread 72563] [13.0] [cxt 0] Parser state 'start': key is 86dd
[17:56:21.213] [bmv2] [T] [thread 72563] [13.0] [cxt 0] Bytes parsed: 14
[17:56:21.213] [bmv2] [D] [thread 72563] [13.0] [cxt 0] Parser 'parser': end
[17:56:21.213] [bmv2] [D] [thread 72563] [13.0] [cxt 0] Pipeline 'ingress': start
[17:56:21.213] [bmv2] [T] [thread 72563] [13.0] [cxt 0] basic.p4(115) Condition "hdr.ipv4.isValid()" (node_2) is false
[17:56:21.213] [bmv2] [D] [thread 72563] [13.0] [cxt 0] Pipeline 'ingress': end
[17:56:21.213] [bmv2] [D] [thread 72563] [13.0] [cxt 0] Egress port is 0
[17:56:21.213] [bmv2] [D] [thread 72564] [13.0] [cxt 0] Pipeline 'egress': start
[17:56:21.213] [bmv2] [D] [thread 72564] [13.0] [cxt 0] Pipeline 'egress': end
[17:56:21.213] [bmv2] [D] [thread 72564] [13.0] [cxt 0] Deparser 'deparser': start
[17:56:21.213] [bmv2] [T] [thread 72564] [13.0] [cxt 0] Skipping checksum 'cksum' update because condition not met
[17:56:21.213] [bmv2] [D] [thread 72564] [13.0] [cxt 0] Deparsing header 'ethernet'
[17:56:21.213] [bmv2] [D] [thread 72564] [13.0] [cxt 0] Deparser 'deparser': end
[17:56:21.213] [bmv2] [D] [thread 72568] [13.0] [cxt 0] Transmitting packet of size 90 out of port 0
[17:56:21.273] [bmv2] [D] [thread 72563] [14.0] [cxt 0] Processing packet received on port 2
[17:56:21.273] [bmv2] [D] [thread 72563] [14.0] [cxt 0] Parser 'parser': start
[17:56:21.273] [bmv2] [D] [thread 72563] [14.0] [cxt 0] Parser 'parser' entering state 'start'
[17:56:21.273] [bmv2] [D] [thread 72563] [14.0] [cxt 0] Extracting header 'ethernet'
[17:56:21.273] [bmv2] [D] [thread 72563] [14.0] [cxt 0] Parser state 'start': key is 86dd
[17:56:21.273] [bmv2] [T] [thread 72563] [14.0] [cxt 0] Bytes parsed: 14
[17:56:21.273] [bmv2] [D] [thread 72563] [14.0] [cxt 0] Parser 'parser': end
[17:56:21.273] [bmv2] [D] [thread 72563] [14.0] [cxt 0] Pipeline 'ingress': start
[17:56:21.273] [bmv2] [T] [thread 72563] [14.0] [cxt 0] basic.p4(115) Condition "hdr.ipv4.isValid()" (node_2) is false
[17:56:21.273] [bmv2] [D] [thread 72563] [14.0] [cxt 0] Pipeline 'ingress': end
[17:56:21.273] [bmv2] [D] [thread 72563] [14.0] [cxt 0] Egress port is 0
[17:56:21.273] [bmv2] [D] [thread 72564] [14.0] [cxt 0] Pipeline 'egress': start
[17:56:21.273] [bmv2] [D] [thread 72564] [14.0] [cxt 0] Pipeline 'egress': end
[17:56:21.273] [bmv2] [D] [thread 72564] [14.0] [cxt 0] Deparser 'deparser': start
[17:56:21.273] [bmv2] [T] [thread 72564] [14.0] [cxt 0] Skipping checksum 'cksum' update because condition not met
[17:56:21.274] [bmv2] [D] [thread 72564] [14.0] [cxt 0] Deparsing header 'ethernet'
[17:56:21.274] [bmv2] [D] [thread 72564] [14.0] [cxt 0] Deparser 'deparser': end
[17:56:21.274] [bmv2] [D] [thread 72568] [14.0] [cxt 0] Transmitting packet of size 90 out of port 0
[17:56:21.290] [bmv2] [D] [thread 72563] [15.0] [cxt 0] Processing packet received on port 1
[17:56:21.290] [bmv2] [D] [thread 72563] [15.0] [cxt 0] Parser 'parser': start
[17:56:21.290] [bmv2] [D] [thread 72563] [15.0] [cxt 0] Parser 'parser' entering state 'start'
[17:56:21.290] [bmv2] [D] [thread 72563] [15.0] [cxt 0] Extracting header 'ethernet'
[17:56:21.290] [bmv2] [D] [thread 72563] [15.0] [cxt 0] Parser state 'start': key is 86dd
[17:56:21.290] [bmv2] [T] [thread 72563] [15.0] [cxt 0] Bytes parsed: 14
[17:56:21.290] [bmv2] [D] [thread 72563] [15.0] [cxt 0] Parser 'parser': end
[17:56:21.290] [bmv2] [D] [thread 72563] [15.0] [cxt 0] Pipeline 'ingress': start
[17:56:21.290] [bmv2] [T] [thread 72563] [15.0] [cxt 0] basic.p4(115) Condition "hdr.ipv4.isValid()" (node_2) is false
[17:56:21.290] [bmv2] [D] [thread 72563] [15.0] [cxt 0] Pipeline 'ingress': end
[17:56:21.290] [bmv2] [D] [thread 72563] [15.0] [cxt 0] Egress port is 0
[17:56:21.291] [bmv2] [D] [thread 72564] [15.0] [cxt 0] Pipeline 'egress': start
[17:56:21.291] [bmv2] [D] [thread 72564] [15.0] [cxt 0] Pipeline 'egress': end
[17:56:21.291] [bmv2] [D] [thread 72564] [15.0] [cxt 0] Deparser 'deparser': start
[17:56:21.291] [bmv2] [T] [thread 72564] [15.0] [cxt 0] Skipping checksum 'cksum' update because condition not met
[17:56:21.291] [bmv2] [D] [thread 72564] [15.0] [cxt 0] Deparsing header 'ethernet'
[17:56:21.291] [bmv2] [D] [thread 72564] [15.0] [cxt 0] Deparser 'deparser': end
[17:56:21.291] [bmv2] [D] [thread 72568] [15.0] [cxt 0] Transmitting packet of size 211 out of port 0
[17:56:21.310] [bmv2] [D] [thread 72563] [16.0] [cxt 0] Processing packet received on port 1
[17:56:21.310] [bmv2] [D] [thread 72563] [16.0] [cxt 0] Parser 'parser': start
[17:56:21.310] [bmv2] [D] [thread 72563] [16.0] [cxt 0] Parser 'parser' entering state 'start'
[17:56:21.310] [bmv2] [D] [thread 72563] [16.0] [cxt 0] Extracting header 'ethernet'
[17:56:21.310] [bmv2] [D] [thread 72563] [16.0] [cxt 0] Parser state 'start': key is 86dd
[17:56:21.310] [bmv2] [T] [thread 72563] [16.0] [cxt 0] Bytes parsed: 14
[17:56:21.310] [bmv2] [D] [thread 72563] [16.0] [cxt 0] Parser 'parser': end
[17:56:21.310] [bmv2] [D] [thread 72563] [16.0] [cxt 0] Pipeline 'ingress': start
[17:56:21.310] [bmv2] [T] [thread 72563] [16.0] [cxt 0] basic.p4(115) Condition "hdr.ipv4.isValid()" (node_2) is false
[17:56:21.310] [bmv2] [D] [thread 72563] [16.0] [cxt 0] Pipeline 'ingress': end
[17:56:21.310] [bmv2] [D] [thread 72563] [16.0] [cxt 0] Egress port is 0
[17:56:21.310] [bmv2] [D] [thread 72564] [16.0] [cxt 0] Pipeline 'egress': start
[17:56:21.310] [bmv2] [D] [thread 72564] [16.0] [cxt 0] Pipeline 'egress': end
[17:56:21.310] [bmv2] [D] [thread 72564] [16.0] [cxt 0] Deparser 'deparser': start
[17:56:21.310] [bmv2] [T] [thread 72564] [16.0] [cxt 0] Skipping checksum 'cksum' update because condition not met
[17:56:21.310] [bmv2] [D] [thread 72564] [16.0] [cxt 0] Deparsing header 'ethernet'
[17:56:21.310] [bmv2] [D] [thread 72564] [16.0] [cxt 0] Deparser 'deparser': end
[17:56:21.310] [bmv2] [D] [thread 72568] [16.0] [cxt 0] Transmitting packet of size 107 out of port 0
[17:56:21.313] [bmv2] [D] [thread 72563] [17.0] [cxt 0] Processing packet received on port 1
[17:56:21.313] [bmv2] [D] [thread 72563] [17.0] [cxt 0] Parser 'parser': start
[17:56:21.313] [bmv2] [D] [thread 72563] [17.0] [cxt 0] Parser 'parser' entering state 'start'
[17:56:21.313] [bmv2] [D] [thread 72563] [17.0] [cxt 0] Extracting header 'ethernet'
[17:56:21.313] [bmv2] [D] [thread 72563] [17.0] [cxt 0] Parser state 'start': key is 86dd
[17:56:21.313] [bmv2] [T] [thread 72563] [17.0] [cxt 0] Bytes parsed: 14
[17:56:21.313] [bmv2] [D] [thread 72563] [17.0] [cxt 0] Parser 'parser': end
[17:56:21.313] [bmv2] [D] [thread 72563] [17.0] [cxt 0] Pipeline 'ingress': start
[17:56:21.313] [bmv2] [T] [thread 72563] [17.0] [cxt 0] basic.p4(115) Condition "hdr.ipv4.isValid()" (node_2) is false
[17:56:21.313] [bmv2] [D] [thread 72563] [17.0] [cxt 0] Pipeline 'ingress': end
[17:56:21.313] [bmv2] [D] [thread 72563] [17.0] [cxt 0] Egress port is 0
[17:56:21.313] [bmv2] [D] [thread 72564] [17.0] [cxt 0] Pipeline 'egress': start
[17:56:21.313] [bmv2] [D] [thread 72564] [17.0] [cxt 0] Pipeline 'egress': end
[17:56:21.313] [bmv2] [D] [thread 72564] [17.0] [cxt 0] Deparser 'deparser': start
[17:56:21.313] [bmv2] [T] [thread 72564] [17.0] [cxt 0] Skipping checksum 'cksum' update because condition not met
[17:56:21.313] [bmv2] [D] [thread 72564] [17.0] [cxt 0] Deparsing header 'ethernet'
[17:56:21.313] [bmv2] [D] [thread 72564] [17.0] [cxt 0] Deparser 'deparser': end
[17:56:21.313] [bmv2] [D] [thread 72568] [17.0] [cxt 0] Transmitting packet of size 90 out of port 0
[17:56:21.369] [bmv2] [D] [thread 72563] [18.0] [cxt 0] Processing packet received on port 1
[17:56:21.369] [bmv2] [D] [thread 72563] [18.0] [cxt 0] Parser 'parser': start
[17:56:21.369] [bmv2] [D] [thread 72563] [18.0] [cxt 0] Parser 'parser' entering state 'start'
[17:56:21.369] [bmv2] [D] [thread 72563] [18.0] [cxt 0] Extracting header 'ethernet'
[17:56:21.369] [bmv2] [D] [thread 72563] [18.0] [cxt 0] Parser state 'start': key is 86dd
[17:56:21.369] [bmv2] [T] [thread 72563] [18.0] [cxt 0] Bytes parsed: 14
[17:56:21.369] [bmv2] [D] [thread 72563] [18.0] [cxt 0] Parser 'parser': end
[17:56:21.369] [bmv2] [D] [thread 72563] [18.0] [cxt 0] Pipeline 'ingress': start
[17:56:21.369] [bmv2] [T] [thread 72563] [18.0] [cxt 0] basic.p4(115) Condition "hdr.ipv4.isValid()" (node_2) is false
[17:56:21.369] [bmv2] [D] [thread 72563] [18.0] [cxt 0] Pipeline 'ingress': end
[17:56:21.369] [bmv2] [D] [thread 72563] [18.0] [cxt 0] Egress port is 0
[17:56:21.369] [bmv2] [D] [thread 72564] [18.0] [cxt 0] Pipeline 'egress': start
[17:56:21.369] [bmv2] [D] [thread 72564] [18.0] [cxt 0] Pipeline 'egress': end
[17:56:21.369] [bmv2] [D] [thread 72564] [18.0] [cxt 0] Deparser 'deparser': start
[17:56:21.369] [bmv2] [T] [thread 72564] [18.0] [cxt 0] Skipping checksum 'cksum' update because condition not met
[17:56:21.369] [bmv2] [D] [thread 72564] [18.0] [cxt 0] Deparsing header 'ethernet'
[17:56:21.369] [bmv2] [D] [thread 72564] [18.0] [cxt 0] Deparser 'deparser': end
[17:56:21.369] [bmv2] [D] [thread 72568] [18.0] [cxt 0] Transmitting packet of size 110 out of port 0
[17:56:21.412] [bmv2] [D] [thread 72563] [19.0] [cxt 0] Processing packet received on port 2
[17:56:21.412] [bmv2] [D] [thread 72563] [19.0] [cxt 0] Parser 'parser': start
[17:56:21.412] [bmv2] [D] [thread 72563] [19.0] [cxt 0] Parser 'parser' entering state 'start'
[17:56:21.412] [bmv2] [D] [thread 72563] [19.0] [cxt 0] Extracting header 'ethernet'
[17:56:21.412] [bmv2] [D] [thread 72563] [19.0] [cxt 0] Parser state 'start': key is 86dd
[17:56:21.412] [bmv2] [T] [thread 72563] [19.0] [cxt 0] Bytes parsed: 14
[17:56:21.412] [bmv2] [D] [thread 72563] [19.0] [cxt 0] Parser 'parser': end
[17:56:21.412] [bmv2] [D] [thread 72563] [19.0] [cxt 0] Pipeline 'ingress': start
[17:56:21.412] [bmv2] [T] [thread 72563] [19.0] [cxt 0] basic.p4(115) Condition "hdr.ipv4.isValid()" (node_2) is false
[17:56:21.412] [bmv2] [D] [thread 72563] [19.0] [cxt 0] Pipeline 'ingress': end
[17:56:21.412] [bmv2] [D] [thread 72563] [19.0] [cxt 0] Egress port is 0
[17:56:21.412] [bmv2] [D] [thread 72564] [19.0] [cxt 0] Pipeline 'egress': start
[17:56:21.412] [bmv2] [D] [thread 72564] [19.0] [cxt 0] Pipeline 'egress': end
[17:56:21.412] [bmv2] [D] [thread 72564] [19.0] [cxt 0] Deparser 'deparser': start
[17:56:21.412] [bmv2] [T] [thread 72564] [19.0] [cxt 0] Skipping checksum 'cksum' update because condition not met
[17:56:21.412] [bmv2] [D] [thread 72564] [19.0] [cxt 0] Deparsing header 'ethernet'
[17:56:21.412] [bmv2] [D] [thread 72564] [19.0] [cxt 0] Deparser 'deparser': end
[17:56:21.412] [bmv2] [D] [thread 72568] [19.0] [cxt 0] Transmitting packet of size 199 out of port 0
[17:56:21.549] [bmv2] [D] [thread 72563] [20.0] [cxt 0] Processing packet received on port 1
[17:56:21.549] [bmv2] [D] [thread 72563] [20.0] [cxt 0] Parser 'parser': start
[17:56:21.549] [bmv2] [D] [thread 72563] [20.0] [cxt 0] Parser 'parser' entering state 'start'
[17:56:21.549] [bmv2] [D] [thread 72563] [20.0] [cxt 0] Extracting header 'ethernet'
[17:56:21.549] [bmv2] [D] [thread 72563] [20.0] [cxt 0] Parser state 'start': key is 86dd
[17:56:21.549] [bmv2] [T] [thread 72563] [20.0] [cxt 0] Bytes parsed: 14
[17:56:21.549] [bmv2] [D] [thread 72563] [20.0] [cxt 0] Parser 'parser': end
[17:56:21.549] [bmv2] [D] [thread 72563] [20.0] [cxt 0] Pipeline 'ingress': start
[17:56:21.549] [bmv2] [T] [thread 72563] [20.0] [cxt 0] basic.p4(115) Condition "hdr.ipv4.isValid()" (node_2) is false
[17:56:21.549] [bmv2] [D] [thread 72563] [20.0] [cxt 0] Pipeline 'ingress': end
[17:56:21.549] [bmv2] [D] [thread 72563] [20.0] [cxt 0] Egress port is 0
[17:56:21.549] [bmv2] [D] [thread 72564] [20.0] [cxt 0] Pipeline 'egress': start
[17:56:21.549] [bmv2] [D] [thread 72564] [20.0] [cxt 0] Pipeline 'egress': end
[17:56:21.549] [bmv2] [D] [thread 72564] [20.0] [cxt 0] Deparser 'deparser': start
[17:56:21.549] [bmv2] [T] [thread 72564] [20.0] [cxt 0] Skipping checksum 'cksum' update because condition not met
[17:56:21.549] [bmv2] [D] [thread 72564] [20.0] [cxt 0] Deparsing header 'ethernet'
[17:56:21.549] [bmv2] [D] [thread 72564] [20.0] [cxt 0] Deparser 'deparser': end
[17:56:21.549] [bmv2] [D] [thread 72568] [20.0] [cxt 0] Transmitting packet of size 211 out of port 0
[17:56:21.593] [bmv2] [D] [thread 72563] [21.0] [cxt 0] Processing packet received on port 2
[17:56:21.593] [bmv2] [D] [thread 72563] [21.0] [cxt 0] Parser 'parser': start
[17:56:21.593] [bmv2] [D] [thread 72563] [21.0] [cxt 0] Parser 'parser' entering state 'start'
[17:56:21.593] [bmv2] [D] [thread 72563] [21.0] [cxt 0] Extracting header 'ethernet'
[17:56:21.593] [bmv2] [D] [thread 72563] [21.0] [cxt 0] Parser state 'start': key is 86dd
[17:56:21.593] [bmv2] [T] [thread 72563] [21.0] [cxt 0] Bytes parsed: 14
[17:56:21.593] [bmv2] [D] [thread 72563] [21.0] [cxt 0] Parser 'parser': end
[17:56:21.593] [bmv2] [D] [thread 72563] [21.0] [cxt 0] Pipeline 'ingress': start
[17:56:21.593] [bmv2] [T] [thread 72563] [21.0] [cxt 0] basic.p4(115) Condition "hdr.ipv4.isValid()" (node_2) is false
[17:56:21.593] [bmv2] [D] [thread 72563] [21.0] [cxt 0] Pipeline 'ingress': end
[17:56:21.593] [bmv2] [D] [thread 72563] [21.0] [cxt 0] Egress port is 0
[17:56:21.593] [bmv2] [D] [thread 72564] [21.0] [cxt 0] Pipeline 'egress': start
[17:56:21.593] [bmv2] [D] [thread 72564] [21.0] [cxt 0] Pipeline 'egress': end
[17:56:21.593] [bmv2] [D] [thread 72564] [21.0] [cxt 0] Deparser 'deparser': start
[17:56:21.593] [bmv2] [T] [thread 72564] [21.0] [cxt 0] Skipping checksum 'cksum' update because condition not met
[17:56:21.593] [bmv2] [D] [thread 72564] [21.0] [cxt 0] Deparsing header 'ethernet'
[17:56:21.593] [bmv2] [D] [thread 72564] [21.0] [cxt 0] Deparser 'deparser': end
[17:56:21.593] [bmv2] [D] [thread 72568] [21.0] [cxt 0] Transmitting packet of size 110 out of port 0
[17:56:21.749] [bmv2] [D] [thread 72563] [22.0] [cxt 0] Processing packet received on port 2
[17:56:21.749] [bmv2] [D] [thread 72563] [22.0] [cxt 0] Parser 'parser': start
[17:56:21.749] [bmv2] [D] [thread 72563] [22.0] [cxt 0] Parser 'parser' entering state 'start'
[17:56:21.749] [bmv2] [D] [thread 72563] [22.0] [cxt 0] Extracting header 'ethernet'
[17:56:21.749] [bmv2] [D] [thread 72563] [22.0] [cxt 0] Parser state 'start': key is 86dd
[17:56:21.750] [bmv2] [T] [thread 72563] [22.0] [cxt 0] Bytes parsed: 14
[17:56:21.750] [bmv2] [D] [thread 72563] [22.0] [cxt 0] Parser 'parser': end
[17:56:21.750] [bmv2] [D] [thread 72563] [22.0] [cxt 0] Pipeline 'ingress': start
[17:56:21.750] [bmv2] [T] [thread 72563] [22.0] [cxt 0] basic.p4(115) Condition "hdr.ipv4.isValid()" (node_2) is false
[17:56:21.750] [bmv2] [D] [thread 72563] [22.0] [cxt 0] Pipeline 'ingress': end
[17:56:21.750] [bmv2] [D] [thread 72563] [22.0] [cxt 0] Egress port is 0
[17:56:21.750] [bmv2] [D] [thread 72564] [22.0] [cxt 0] Pipeline 'egress': start
[17:56:21.750] [bmv2] [D] [thread 72564] [22.0] [cxt 0] Pipeline 'egress': end
[17:56:21.750] [bmv2] [D] [thread 72564] [22.0] [cxt 0] Deparser 'deparser': start
[17:56:21.750] [bmv2] [T] [thread 72564] [22.0] [cxt 0] Skipping checksum 'cksum' update because condition not met
[17:56:21.750] [bmv2] [D] [thread 72564] [22.0] [cxt 0] Deparsing header 'ethernet'
[17:56:21.750] [bmv2] [D] [thread 72564] [22.0] [cxt 0] Deparser 'deparser': end
[17:56:21.750] [bmv2] [D] [thread 72568] [22.0] [cxt 0] Transmitting packet of size 107 out of port 0
[17:56:21.795] [bmv2] [D] [thread 72563] [23.0] [cxt 0] Processing packet received on port 1
[17:56:21.795] [bmv2] [D] [thread 72563] [23.0] [cxt 0] Parser 'parser': start
[17:56:21.795] [bmv2] [D] [thread 72563] [23.0] [cxt 0] Parser 'parser' entering state 'start'
[17:56:21.795] [bmv2] [D] [thread 72563] [23.0] [cxt 0] Extracting header 'ethernet'
[17:56:21.795] [bmv2] [D] [thread 72563] [23.0] [cxt 0] Parser state 'start': key is 86dd
[17:56:21.795] [bmv2] [T] [thread 72563] [23.0] [cxt 0] Bytes parsed: 14
[17:56:21.795] [bmv2] [D] [thread 72563] [23.0] [cxt 0] Parser 'parser': end
[17:56:21.795] [bmv2] [D] [thread 72563] [23.0] [cxt 0] Pipeline 'ingress': start
[17:56:21.795] [bmv2] [T] [thread 72563] [23.0] [cxt 0] basic.p4(115) Condition "hdr.ipv4.isValid()" (node_2) is false
[17:56:21.795] [bmv2] [D] [thread 72563] [23.0] [cxt 0] Pipeline 'ingress': end
[17:56:21.795] [bmv2] [D] [thread 72563] [23.0] [cxt 0] Egress port is 0
[17:56:21.795] [bmv2] [D] [thread 72564] [23.0] [cxt 0] Pipeline 'egress': start
[17:56:21.795] [bmv2] [D] [thread 72564] [23.0] [cxt 0] Pipeline 'egress': end
[17:56:21.795] [bmv2] [D] [thread 72564] [23.0] [cxt 0] Deparser 'deparser': start
[17:56:21.795] [bmv2] [T] [thread 72564] [23.0] [cxt 0] Skipping checksum 'cksum' update because condition not met
[17:56:21.795] [bmv2] [D] [thread 72564] [23.0] [cxt 0] Deparsing header 'ethernet'
[17:56:21.795] [bmv2] [D] [thread 72564] [23.0] [cxt 0] Deparser 'deparser': end
[17:56:21.795] [bmv2] [D] [thread 72568] [23.0] [cxt 0] Transmitting packet of size 211 out of port 0
[17:56:21.994] [bmv2] [D] [thread 72563] [24.0] [cxt 0] Processing packet received on port 1
[17:56:21.994] [bmv2] [D] [thread 72563] [24.0] [cxt 0] Parser 'parser': start
[17:56:21.994] [bmv2] [D] [thread 72563] [24.0] [cxt 0] Parser 'parser' entering state 'start'
[17:56:21.994] [bmv2] [D] [thread 72563] [24.0] [cxt 0] Extracting header 'ethernet'
[17:56:21.994] [bmv2] [D] [thread 72563] [24.0] [cxt 0] Parser state 'start': key is 86dd
[17:56:21.994] [bmv2] [T] [thread 72563] [24.0] [cxt 0] Bytes parsed: 14
[17:56:21.994] [bmv2] [D] [thread 72563] [24.0] [cxt 0] Parser 'parser': end
[17:56:21.994] [bmv2] [D] [thread 72563] [24.0] [cxt 0] Pipeline 'ingress': start
[17:56:21.994] [bmv2] [T] [thread 72563] [24.0] [cxt 0] basic.p4(115) Condition "hdr.ipv4.isValid()" (node_2) is false
[17:56:21.994] [bmv2] [D] [thread 72563] [24.0] [cxt 0] Pipeline 'ingress': end
[17:56:21.994] [bmv2] [D] [thread 72563] [24.0] [cxt 0] Egress port is 0
[17:56:21.994] [bmv2] [D] [thread 72564] [24.0] [cxt 0] Pipeline 'egress': start
[17:56:21.994] [bmv2] [D] [thread 72564] [24.0] [cxt 0] Pipeline 'egress': end
[17:56:21.994] [bmv2] [D] [thread 72564] [24.0] [cxt 0] Deparser 'deparser': start
[17:56:21.994] [bmv2] [T] [thread 72564] [24.0] [cxt 0] Skipping checksum 'cksum' update because condition not met
[17:56:21.994] [bmv2] [D] [thread 72564] [24.0] [cxt 0] Deparsing header 'ethernet'
[17:56:21.994] [bmv2] [D] [thread 72564] [24.0] [cxt 0] Deparser 'deparser': end
[17:56:21.994] [bmv2] [D] [thread 72568] [24.0] [cxt 0] Transmitting packet of size 199 out of port 0
[17:56:22.311] [bmv2] [D] [thread 72563] [25.0] [cxt 0] Processing packet received on port 1
[17:56:22.311] [bmv2] [D] [thread 72563] [25.0] [cxt 0] Parser 'parser': start
[17:56:22.311] [bmv2] [D] [thread 72563] [25.0] [cxt 0] Parser 'parser' entering state 'start'
[17:56:22.311] [bmv2] [D] [thread 72563] [25.0] [cxt 0] Extracting header 'ethernet'
[17:56:22.311] [bmv2] [D] [thread 72563] [25.0] [cxt 0] Parser state 'start': key is 86dd
[17:56:22.311] [bmv2] [T] [thread 72563] [25.0] [cxt 0] Bytes parsed: 14
[17:56:22.311] [bmv2] [D] [thread 72563] [25.0] [cxt 0] Parser 'parser': end
[17:56:22.311] [bmv2] [D] [thread 72563] [25.0] [cxt 0] Pipeline 'ingress': start
[17:56:22.311] [bmv2] [T] [thread 72563] [25.0] [cxt 0] basic.p4(115) Condition "hdr.ipv4.isValid()" (node_2) is false
[17:56:22.311] [bmv2] [D] [thread 72563] [25.0] [cxt 0] Pipeline 'ingress': end
[17:56:22.311] [bmv2] [D] [thread 72563] [25.0] [cxt 0] Egress port is 0
[17:56:22.311] [bmv2] [D] [thread 72564] [25.0] [cxt 0] Pipeline 'egress': start
[17:56:22.311] [bmv2] [D] [thread 72564] [25.0] [cxt 0] Pipeline 'egress': end
[17:56:22.311] [bmv2] [D] [thread 72564] [25.0] [cxt 0] Deparser 'deparser': start
[17:56:22.311] [bmv2] [T] [thread 72564] [25.0] [cxt 0] Skipping checksum 'cksum' update because condition not met
[17:56:22.311] [bmv2] [D] [thread 72564] [25.0] [cxt 0] Deparsing header 'ethernet'
[17:56:22.311] [bmv2] [D] [thread 72564] [25.0] [cxt 0] Deparser 'deparser': end
[17:56:22.311] [bmv2] [D] [thread 72568] [25.0] [cxt 0] Transmitting packet of size 107 out of port 0
[17:56:22.436] [bmv2] [D] [thread 72563] [26.0] [cxt 0] Processing packet received on port 2
[17:56:22.436] [bmv2] [D] [thread 72563] [26.0] [cxt 0] Parser 'parser': start
[17:56:22.436] [bmv2] [D] [thread 72563] [26.0] [cxt 0] Parser 'parser' entering state 'start'
[17:56:22.436] [bmv2] [D] [thread 72563] [26.0] [cxt 0] Extracting header 'ethernet'
[17:56:22.436] [bmv2] [D] [thread 72563] [26.0] [cxt 0] Parser state 'start': key is 86dd
[17:56:22.436] [bmv2] [T] [thread 72563] [26.0] [cxt 0] Bytes parsed: 14
[17:56:22.436] [bmv2] [D] [thread 72563] [26.0] [cxt 0] Parser 'parser': end
[17:56:22.436] [bmv2] [D] [thread 72563] [26.0] [cxt 0] Pipeline 'ingress': start
[17:56:22.436] [bmv2] [T] [thread 72563] [26.0] [cxt 0] basic.p4(115) Condition "hdr.ipv4.isValid()" (node_2) is false
[17:56:22.436] [bmv2] [D] [thread 72563] [26.0] [cxt 0] Pipeline 'ingress': end
[17:56:22.436] [bmv2] [D] [thread 72563] [26.0] [cxt 0] Egress port is 0
[17:56:22.436] [bmv2] [D] [thread 72564] [26.0] [cxt 0] Pipeline 'egress': start
[17:56:22.436] [bmv2] [D] [thread 72564] [26.0] [cxt 0] Pipeline 'egress': end
[17:56:22.436] [bmv2] [D] [thread 72564] [26.0] [cxt 0] Deparser 'deparser': start
[17:56:22.436] [bmv2] [T] [thread 72564] [26.0] [cxt 0] Skipping checksum 'cksum' update because condition not met
[17:56:22.436] [bmv2] [D] [thread 72564] [26.0] [cxt 0] Deparsing header 'ethernet'
[17:56:22.436] [bmv2] [D] [thread 72564] [26.0] [cxt 0] Deparser 'deparser': end
[17:56:22.437] [bmv2] [D] [thread 72568] [26.0] [cxt 0] Transmitting packet of size 199 out of port 0
[17:56:23.020] [bmv2] [D] [thread 72563] [27.0] [cxt 0] Processing packet received on port 1
[17:56:23.020] [bmv2] [D] [thread 72563] [27.0] [cxt 0] Parser 'parser': start
[17:56:23.020] [bmv2] [D] [thread 72563] [27.0] [cxt 0] Parser 'parser' entering state 'start'
[17:56:23.020] [bmv2] [D] [thread 72563] [27.0] [cxt 0] Extracting header 'ethernet'
[17:56:23.020] [bmv2] [D] [thread 72563] [27.0] [cxt 0] Parser state 'start': key is 86dd
[17:56:23.020] [bmv2] [T] [thread 72563] [27.0] [cxt 0] Bytes parsed: 14
[17:56:23.020] [bmv2] [D] [thread 72563] [27.0] [cxt 0] Parser 'parser': end
[17:56:23.020] [bmv2] [D] [thread 72563] [27.0] [cxt 0] Pipeline 'ingress': start
[17:56:23.020] [bmv2] [T] [thread 72563] [27.0] [cxt 0] basic.p4(115) Condition "hdr.ipv4.isValid()" (node_2) is false
[17:56:23.020] [bmv2] [D] [thread 72563] [27.0] [cxt 0] Pipeline 'ingress': end
[17:56:23.020] [bmv2] [D] [thread 72563] [27.0] [cxt 0] Egress port is 0
[17:56:23.020] [bmv2] [D] [thread 72564] [27.0] [cxt 0] Pipeline 'egress': start
[17:56:23.020] [bmv2] [D] [thread 72564] [27.0] [cxt 0] Pipeline 'egress': end
[17:56:23.020] [bmv2] [D] [thread 72564] [27.0] [cxt 0] Deparser 'deparser': start
[17:56:23.020] [bmv2] [T] [thread 72564] [27.0] [cxt 0] Skipping checksum 'cksum' update because condition not met
[17:56:23.020] [bmv2] [D] [thread 72564] [27.0] [cxt 0] Deparsing header 'ethernet'
[17:56:23.020] [bmv2] [D] [thread 72564] [27.0] [cxt 0] Deparser 'deparser': end
[17:56:23.020] [bmv2] [D] [thread 72568] [27.0] [cxt 0] Transmitting packet of size 199 out of port 0
[17:56:23.749] [bmv2] [D] [thread 72563] [28.0] [cxt 0] Processing packet received on port 2
[17:56:23.749] [bmv2] [D] [thread 72563] [28.0] [cxt 0] Parser 'parser': start
[17:56:23.749] [bmv2] [D] [thread 72563] [28.0] [cxt 0] Parser 'parser' entering state 'start'
[17:56:23.749] [bmv2] [D] [thread 72563] [28.0] [cxt 0] Extracting header 'ethernet'
[17:56:23.750] [bmv2] [D] [thread 72563] [28.0] [cxt 0] Parser state 'start': key is 86dd
[17:56:23.750] [bmv2] [T] [thread 72563] [28.0] [cxt 0] Bytes parsed: 14
[17:56:23.750] [bmv2] [D] [thread 72563] [28.0] [cxt 0] Parser 'parser': end
[17:56:23.750] [bmv2] [D] [thread 72563] [28.0] [cxt 0] Pipeline 'ingress': start
[17:56:23.750] [bmv2] [T] [thread 72563] [28.0] [cxt 0] basic.p4(115) Condition "hdr.ipv4.isValid()" (node_2) is false
[17:56:23.750] [bmv2] [D] [thread 72563] [28.0] [cxt 0] Pipeline 'ingress': end
[17:56:23.750] [bmv2] [D] [thread 72563] [28.0] [cxt 0] Egress port is 0
[17:56:23.750] [bmv2] [D] [thread 72564] [28.0] [cxt 0] Pipeline 'egress': start
[17:56:23.750] [bmv2] [D] [thread 72564] [28.0] [cxt 0] Pipeline 'egress': end
[17:56:23.750] [bmv2] [D] [thread 72564] [28.0] [cxt 0] Deparser 'deparser': start
[17:56:23.750] [bmv2] [T] [thread 72564] [28.0] [cxt 0] Skipping checksum 'cksum' update because condition not met
[17:56:23.750] [bmv2] [D] [thread 72564] [28.0] [cxt 0] Deparsing header 'ethernet'
[17:56:23.750] [bmv2] [D] [thread 72564] [28.0] [cxt 0] Deparser 'deparser': end
[17:56:23.750] [bmv2] [D] [thread 72568] [28.0] [cxt 0] Transmitting packet of size 107 out of port 0
[17:56:24.316] [bmv2] [D] [thread 72563] [29.0] [cxt 0] Processing packet received on port 1
[17:56:24.316] [bmv2] [D] [thread 72563] [29.0] [cxt 0] Parser 'parser': start
[17:56:24.316] [bmv2] [D] [thread 72563] [29.0] [cxt 0] Parser 'parser' entering state 'start'
[17:56:24.316] [bmv2] [D] [thread 72563] [29.0] [cxt 0] Extracting header 'ethernet'
[17:56:24.316] [bmv2] [D] [thread 72563] [29.0] [cxt 0] Parser state 'start': key is 86dd
[17:56:24.316] [bmv2] [T] [thread 72563] [29.0] [cxt 0] Bytes parsed: 14
[17:56:24.316] [bmv2] [D] [thread 72563] [29.0] [cxt 0] Parser 'parser': end
[17:56:24.316] [bmv2] [D] [thread 72563] [29.0] [cxt 0] Pipeline 'ingress': start
[17:56:24.316] [bmv2] [T] [thread 72563] [29.0] [cxt 0] basic.p4(115) Condition "hdr.ipv4.isValid()" (node_2) is false
[17:56:24.316] [bmv2] [D] [thread 72563] [29.0] [cxt 0] Pipeline 'ingress': end
[17:56:24.316] [bmv2] [D] [thread 72563] [29.0] [cxt 0] Egress port is 0
[17:56:24.316] [bmv2] [D] [thread 72564] [29.0] [cxt 0] Pipeline 'egress': start
[17:56:24.316] [bmv2] [D] [thread 72564] [29.0] [cxt 0] Pipeline 'egress': end
[17:56:24.316] [bmv2] [D] [thread 72564] [29.0] [cxt 0] Deparser 'deparser': start
[17:56:24.316] [bmv2] [T] [thread 72564] [29.0] [cxt 0] Skipping checksum 'cksum' update because condition not met
[17:56:24.316] [bmv2] [D] [thread 72564] [29.0] [cxt 0] Deparsing header 'ethernet'
[17:56:24.316] [bmv2] [D] [thread 72564] [29.0] [cxt 0] Deparser 'deparser': end
[17:56:24.316] [bmv2] [D] [thread 72568] [29.0] [cxt 0] Transmitting packet of size 107 out of port 0
[17:56:24.345] [bmv2] [D] [thread 72563] [30.0] [cxt 0] Processing packet received on port 2
[17:56:24.345] [bmv2] [D] [thread 72563] [30.0] [cxt 0] Parser 'parser': start
[17:56:24.345] [bmv2] [D] [thread 72563] [30.0] [cxt 0] Parser 'parser' entering state 'start'
[17:56:24.345] [bmv2] [D] [thread 72563] [30.0] [cxt 0] Extracting header 'ethernet'
[17:56:24.345] [bmv2] [D] [thread 72563] [30.0] [cxt 0] Parser state 'start': key is 86dd
[17:56:24.345] [bmv2] [T] [thread 72563] [30.0] [cxt 0] Bytes parsed: 14
[17:56:24.345] [bmv2] [D] [thread 72563] [30.0] [cxt 0] Parser 'parser': end
[17:56:24.345] [bmv2] [D] [thread 72563] [30.0] [cxt 0] Pipeline 'ingress': start
[17:56:24.345] [bmv2] [T] [thread 72563] [30.0] [cxt 0] basic.p4(115) Condition "hdr.ipv4.isValid()" (node_2) is false
[17:56:24.345] [bmv2] [D] [thread 72563] [30.0] [cxt 0] Pipeline 'ingress': end
[17:56:24.345] [bmv2] [D] [thread 72563] [30.0] [cxt 0] Egress port is 0
[17:56:24.345] [bmv2] [D] [thread 72564] [30.0] [cxt 0] Pipeline 'egress': start
[17:56:24.345] [bmv2] [D] [thread 72564] [30.0] [cxt 0] Pipeline 'egress': end
[17:56:24.345] [bmv2] [D] [thread 72564] [30.0] [cxt 0] Deparser 'deparser': start
[17:56:24.345] [bmv2] [T] [thread 72564] [30.0] [cxt 0] Skipping checksum 'cksum' update because condition not met
[17:56:24.345] [bmv2] [D] [thread 72564] [30.0] [cxt 0] Deparsing header 'ethernet'
[17:56:24.345] [bmv2] [D] [thread 72564] [30.0] [cxt 0] Deparser 'deparser': end
[17:56:24.345] [bmv2] [D] [thread 72568] [30.0] [cxt 0] Transmitting packet of size 70 out of port 0
[17:56:24.465] [bmv2] [D] [thread 72563] [31.0] [cxt 0] Processing packet received on port 2
[17:56:24.465] [bmv2] [D] [thread 72563] [31.0] [cxt 0] Parser 'parser': start
[17:56:24.465] [bmv2] [D] [thread 72563] [31.0] [cxt 0] Parser 'parser' entering state 'start'
[17:56:24.465] [bmv2] [D] [thread 72563] [31.0] [cxt 0] Extracting header 'ethernet'
[17:56:24.465] [bmv2] [D] [thread 72563] [31.0] [cxt 0] Parser state 'start': key is 86dd
[17:56:24.465] [bmv2] [T] [thread 72563] [31.0] [cxt 0] Bytes parsed: 14
[17:56:24.465] [bmv2] [D] [thread 72563] [31.0] [cxt 0] Parser 'parser': end
[17:56:24.465] [bmv2] [D] [thread 72563] [31.0] [cxt 0] Pipeline 'ingress': start
[17:56:24.465] [bmv2] [T] [thread 72563] [31.0] [cxt 0] basic.p4(115) Condition "hdr.ipv4.isValid()" (node_2) is false
[17:56:24.465] [bmv2] [D] [thread 72563] [31.0] [cxt 0] Pipeline 'ingress': end
[17:56:24.465] [bmv2] [D] [thread 72563] [31.0] [cxt 0] Egress port is 0
[17:56:24.465] [bmv2] [D] [thread 72564] [31.0] [cxt 0] Pipeline 'egress': start
[17:56:24.465] [bmv2] [D] [thread 72564] [31.0] [cxt 0] Pipeline 'egress': end
[17:56:24.465] [bmv2] [D] [thread 72564] [31.0] [cxt 0] Deparser 'deparser': start
[17:56:24.465] [bmv2] [T] [thread 72564] [31.0] [cxt 0] Skipping checksum 'cksum' update because condition not met
[17:56:24.465] [bmv2] [D] [thread 72564] [31.0] [cxt 0] Deparsing header 'ethernet'
[17:56:24.465] [bmv2] [D] [thread 72564] [31.0] [cxt 0] Deparser 'deparser': end
[17:56:24.465] [bmv2] [D] [thread 72568] [31.0] [cxt 0] Transmitting packet of size 199 out of port 0
[17:56:23.917] [bmv2] [D] [thread 72563] [32.0] [cxt 0] Processing packet received on port 1
[17:56:23.917] [bmv2] [D] [thread 72563] [32.0] [cxt 0] Parser 'parser': start
[17:56:23.917] [bmv2] [D] [thread 72563] [32.0] [cxt 0] Parser 'parser' entering state 'start'
[17:56:23.917] [bmv2] [D] [thread 72563] [32.0] [cxt 0] Extracting header 'ethernet'
[17:56:23.917] [bmv2] [D] [thread 72563] [32.0] [cxt 0] Parser state 'start': key is 86dd
[17:56:23.917] [bmv2] [T] [thread 72563] [32.0] [cxt 0] Bytes parsed: 14
[17:56:23.917] [bmv2] [D] [thread 72563] [32.0] [cxt 0] Parser 'parser': end
[17:56:23.917] [bmv2] [D] [thread 72563] [32.0] [cxt 0] Pipeline 'ingress': start
[17:56:23.917] [bmv2] [T] [thread 72563] [32.0] [cxt 0] basic.p4(115) Condition "hdr.ipv4.isValid()" (node_2) is false
[17:56:23.917] [bmv2] [D] [thread 72563] [32.0] [cxt 0] Pipeline 'ingress': end
[17:56:23.917] [bmv2] [D] [thread 72563] [32.0] [cxt 0] Egress port is 0
[17:56:24.466] [bmv2] [D] [thread 72564] [32.0] [cxt 0] Pipeline 'egress': start
[17:56:24.466] [bmv2] [D] [thread 72564] [32.0] [cxt 0] Pipeline 'egress': end
[17:56:24.466] [bmv2] [D] [thread 72564] [32.0] [cxt 0] Deparser 'deparser': start
[17:56:24.466] [bmv2] [T] [thread 72564] [32.0] [cxt 0] Skipping checksum 'cksum' update because condition not met
[17:56:24.466] [bmv2] [D] [thread 72564] [32.0] [cxt 0] Deparsing header 'ethernet'
[17:56:24.466] [bmv2] [D] [thread 72564] [32.0] [cxt 0] Deparser 'deparser': end
[17:56:24.466] [bmv2] [D] [thread 72568] [32.0] [cxt 0] Transmitting packet of size 70 out of port 0
[17:56:25.046] [bmv2] [D] [thread 72563] [33.0] [cxt 0] Processing packet received on port 1
[17:56:25.046] [bmv2] [D] [thread 72563] [33.0] [cxt 0] Parser 'parser': start
[17:56:25.046] [bmv2] [D] [thread 72563] [33.0] [cxt 0] Parser 'parser' entering state 'start'
[17:56:25.046] [bmv2] [D] [thread 72563] [33.0] [cxt 0] Extracting header 'ethernet'
[17:56:25.046] [bmv2] [D] [thread 72563] [33.0] [cxt 0] Parser state 'start': key is 86dd
[17:56:25.046] [bmv2] [T] [thread 72563] [33.0] [cxt 0] Bytes parsed: 14
[17:56:25.046] [bmv2] [D] [thread 72563] [33.0] [cxt 0] Parser 'parser': end
[17:56:25.046] [bmv2] [D] [thread 72563] [33.0] [cxt 0] Pipeline 'ingress': start
[17:56:25.046] [bmv2] [T] [thread 72563] [33.0] [cxt 0] basic.p4(115) Condition "hdr.ipv4.isValid()" (node_2) is false
[17:56:25.046] [bmv2] [D] [thread 72563] [33.0] [cxt 0] Pipeline 'ingress': end
[17:56:25.046] [bmv2] [D] [thread 72563] [33.0] [cxt 0] Egress port is 0
[17:56:25.046] [bmv2] [D] [thread 72564] [33.0] [cxt 0] Pipeline 'egress': start
[17:56:25.046] [bmv2] [D] [thread 72564] [33.0] [cxt 0] Pipeline 'egress': end
[17:56:25.046] [bmv2] [D] [thread 72564] [33.0] [cxt 0] Deparser 'deparser': start
[17:56:25.046] [bmv2] [T] [thread 72564] [33.0] [cxt 0] Skipping checksum 'cksum' update because condition not met
[17:56:25.046] [bmv2] [D] [thread 72564] [33.0] [cxt 0] Deparsing header 'ethernet'
[17:56:25.046] [bmv2] [D] [thread 72564] [33.0] [cxt 0] Deparser 'deparser': end
[17:56:25.046] [bmv2] [D] [thread 72568] [33.0] [cxt 0] Transmitting packet of size 199 out of port 0
[17:56:27.753] [bmv2] [D] [thread 72563] [34.0] [cxt 0] Processing packet received on port 2
[17:56:27.753] [bmv2] [D] [thread 72563] [34.0] [cxt 0] Parser 'parser': start
[17:56:27.753] [bmv2] [D] [thread 72563] [34.0] [cxt 0] Parser 'parser' entering state 'start'
[17:56:27.753] [bmv2] [D] [thread 72563] [34.0] [cxt 0] Extracting header 'ethernet'
[17:56:27.753] [bmv2] [D] [thread 72563] [34.0] [cxt 0] Parser state 'start': key is 86dd
[17:56:27.753] [bmv2] [T] [thread 72563] [34.0] [cxt 0] Bytes parsed: 14
[17:56:27.753] [bmv2] [D] [thread 72563] [34.0] [cxt 0] Parser 'parser': end
[17:56:27.753] [bmv2] [D] [thread 72563] [34.0] [cxt 0] Pipeline 'ingress': start
[17:56:27.753] [bmv2] [T] [thread 72563] [34.0] [cxt 0] basic.p4(115) Condition "hdr.ipv4.isValid()" (node_2) is false
[17:56:27.753] [bmv2] [D] [thread 72563] [34.0] [cxt 0] Pipeline 'ingress': end
[17:56:27.753] [bmv2] [D] [thread 72563] [34.0] [cxt 0] Egress port is 0
[17:56:27.753] [bmv2] [D] [thread 72564] [34.0] [cxt 0] Pipeline 'egress': start
[17:56:27.753] [bmv2] [D] [thread 72564] [34.0] [cxt 0] Pipeline 'egress': end
[17:56:27.753] [bmv2] [D] [thread 72564] [34.0] [cxt 0] Deparser 'deparser': start
[17:56:27.753] [bmv2] [T] [thread 72564] [34.0] [cxt 0] Skipping checksum 'cksum' update because condition not met
[17:56:27.753] [bmv2] [D] [thread 72564] [34.0] [cxt 0] Deparsing header 'ethernet'
[17:56:27.753] [bmv2] [D] [thread 72564] [34.0] [cxt 0] Deparser 'deparser': end
[17:56:27.753] [bmv2] [D] [thread 72568] [34.0] [cxt 0] Transmitting packet of size 107 out of port 0
[17:56:28.315] [bmv2] [D] [thread 72563] [35.0] [cxt 0] Processing packet received on port 1
[17:56:28.315] [bmv2] [D] [thread 72563] [35.0] [cxt 0] Parser 'parser': start
[17:56:28.315] [bmv2] [D] [thread 72563] [35.0] [cxt 0] Parser 'parser' entering state 'start'
[17:56:28.315] [bmv2] [D] [thread 72563] [35.0] [cxt 0] Extracting header 'ethernet'
[17:56:28.315] [bmv2] [D] [thread 72563] [35.0] [cxt 0] Parser state 'start': key is 86dd
[17:56:28.315] [bmv2] [T] [thread 72563] [35.0] [cxt 0] Bytes parsed: 14
[17:56:28.315] [bmv2] [D] [thread 72563] [35.0] [cxt 0] Parser 'parser': end
[17:56:28.315] [bmv2] [D] [thread 72563] [35.0] [cxt 0] Pipeline 'ingress': start
[17:56:28.315] [bmv2] [T] [thread 72563] [35.0] [cxt 0] basic.p4(115) Condition "hdr.ipv4.isValid()" (node_2) is false
[17:56:28.315] [bmv2] [D] [thread 72563] [35.0] [cxt 0] Pipeline 'ingress': end
[17:56:28.315] [bmv2] [D] [thread 72563] [35.0] [cxt 0] Egress port is 0
[17:56:28.316] [bmv2] [D] [thread 72564] [35.0] [cxt 0] Pipeline 'egress': start
[17:56:28.316] [bmv2] [D] [thread 72564] [35.0] [cxt 0] Pipeline 'egress': end
[17:56:28.316] [bmv2] [D] [thread 72564] [35.0] [cxt 0] Deparser 'deparser': start
[17:56:28.316] [bmv2] [T] [thread 72564] [35.0] [cxt 0] Skipping checksum 'cksum' update because condition not met
[17:56:28.316] [bmv2] [D] [thread 72564] [35.0] [cxt 0] Deparsing header 'ethernet'
[17:56:28.316] [bmv2] [D] [thread 72564] [35.0] [cxt 0] Deparser 'deparser': end
[17:56:28.316] [bmv2] [D] [thread 72568] [35.0] [cxt 0] Transmitting packet of size 107 out of port 0
[17:56:30.571] [bmv2] [D] [thread 72563] [36.0] [cxt 0] Processing packet received on port 2
[17:56:30.571] [bmv2] [D] [thread 72563] [36.0] [cxt 0] Parser 'parser': start
[17:56:30.571] [bmv2] [D] [thread 72563] [36.0] [cxt 0] Parser 'parser' entering state 'start'
[17:56:30.571] [bmv2] [D] [thread 72563] [36.0] [cxt 0] Extracting header 'ethernet'
[17:56:30.571] [bmv2] [D] [thread 72563] [36.0] [cxt 0] Parser state 'start': key is 86dd
[17:56:30.571] [bmv2] [T] [thread 72563] [36.0] [cxt 0] Bytes parsed: 14
[17:56:30.571] [bmv2] [D] [thread 72563] [36.0] [cxt 0] Parser 'parser': end
[17:56:30.571] [bmv2] [D] [thread 72563] [36.0] [cxt 0] Pipeline 'ingress': start
[17:56:30.571] [bmv2] [T] [thread 72563] [36.0] [cxt 0] basic.p4(115) Condition "hdr.ipv4.isValid()" (node_2) is false
[17:56:30.571] [bmv2] [D] [thread 72563] [36.0] [cxt 0] Pipeline 'ingress': end
[17:56:30.571] [bmv2] [D] [thread 72563] [36.0] [cxt 0] Egress port is 0
[17:56:30.571] [bmv2] [D] [thread 72564] [36.0] [cxt 0] Pipeline 'egress': start
[17:56:30.571] [bmv2] [D] [thread 72564] [36.0] [cxt 0] Pipeline 'egress': end
[17:56:30.571] [bmv2] [D] [thread 72564] [36.0] [cxt 0] Deparser 'deparser': start
[17:56:30.572] [bmv2] [T] [thread 72564] [36.0] [cxt 0] Skipping checksum 'cksum' update because condition not met
[17:56:30.572] [bmv2] [D] [thread 72564] [36.0] [cxt 0] Deparsing header 'ethernet'
[17:56:30.572] [bmv2] [D] [thread 72564] [36.0] [cxt 0] Deparser 'deparser': end
[17:56:30.572] [bmv2] [D] [thread 72568] [36.0] [cxt 0] Transmitting packet of size 70 out of port 0
[17:56:32.620] [bmv2] [D] [thread 72563] [37.0] [cxt 0] Processing packet received on port 1
[17:56:32.620] [bmv2] [D] [thread 72563] [37.0] [cxt 0] Parser 'parser': start
[17:56:32.620] [bmv2] [D] [thread 72563] [37.0] [cxt 0] Parser 'parser' entering state 'start'
[17:56:32.620] [bmv2] [D] [thread 72563] [37.0] [cxt 0] Extracting header 'ethernet'
[17:56:32.620] [bmv2] [D] [thread 72563] [37.0] [cxt 0] Parser state 'start': key is 86dd
[17:56:32.620] [bmv2] [T] [thread 72563] [37.0] [cxt 0] Bytes parsed: 14
[17:56:32.620] [bmv2] [D] [thread 72563] [37.0] [cxt 0] Parser 'parser': end
[17:56:32.620] [bmv2] [D] [thread 72563] [37.0] [cxt 0] Pipeline 'ingress': start
[17:56:32.620] [bmv2] [T] [thread 72563] [37.0] [cxt 0] basic.p4(115) Condition "hdr.ipv4.isValid()" (node_2) is false
[17:56:32.620] [bmv2] [D] [thread 72563] [37.0] [cxt 0] Pipeline 'ingress': end
[17:56:32.620] [bmv2] [D] [thread 72563] [37.0] [cxt 0] Egress port is 0
[17:56:32.620] [bmv2] [D] [thread 72564] [37.0] [cxt 0] Pipeline 'egress': start
[17:56:32.620] [bmv2] [D] [thread 72564] [37.0] [cxt 0] Pipeline 'egress': end
[17:56:32.620] [bmv2] [D] [thread 72564] [37.0] [cxt 0] Deparser 'deparser': start
[17:56:32.620] [bmv2] [T] [thread 72564] [37.0] [cxt 0] Skipping checksum 'cksum' update because condition not met
[17:56:32.620] [bmv2] [D] [thread 72564] [37.0] [cxt 0] Deparsing header 'ethernet'
[17:56:32.620] [bmv2] [D] [thread 72564] [37.0] [cxt 0] Deparser 'deparser': end
[17:56:32.620] [bmv2] [D] [thread 72568] [37.0] [cxt 0] Transmitting packet of size 70 out of port 0
[17:56:35.767] [bmv2] [D] [thread 72563] [38.0] [cxt 0] Processing packet received on port 2
[17:56:35.767] [bmv2] [D] [thread 72563] [38.0] [cxt 0] Parser 'parser': start
[17:56:35.767] [bmv2] [D] [thread 72563] [38.0] [cxt 0] Parser 'parser' entering state 'start'
[17:56:35.767] [bmv2] [D] [thread 72563] [38.0] [cxt 0] Extracting header 'ethernet'
[17:56:35.767] [bmv2] [D] [thread 72563] [38.0] [cxt 0] Parser state 'start': key is 86dd
[17:56:35.767] [bmv2] [T] [thread 72563] [38.0] [cxt 0] Bytes parsed: 14
[17:56:35.767] [bmv2] [D] [thread 72563] [38.0] [cxt 0] Parser 'parser': end
[17:56:35.767] [bmv2] [D] [thread 72563] [38.0] [cxt 0] Pipeline 'ingress': start
[17:56:35.767] [bmv2] [T] [thread 72563] [38.0] [cxt 0] basic.p4(115) Condition "hdr.ipv4.isValid()" (node_2) is false
[17:56:35.767] [bmv2] [D] [thread 72563] [38.0] [cxt 0] Pipeline 'ingress': end
[17:56:35.767] [bmv2] [D] [thread 72563] [38.0] [cxt 0] Egress port is 0
[17:56:35.767] [bmv2] [D] [thread 72564] [38.0] [cxt 0] Pipeline 'egress': start
[17:56:35.767] [bmv2] [D] [thread 72564] [38.0] [cxt 0] Pipeline 'egress': end
[17:56:35.767] [bmv2] [D] [thread 72564] [38.0] [cxt 0] Deparser 'deparser': start
[17:56:35.767] [bmv2] [T] [thread 72564] [38.0] [cxt 0] Skipping checksum 'cksum' update because condition not met
[17:56:35.767] [bmv2] [D] [thread 72564] [38.0] [cxt 0] Deparsing header 'ethernet'
[17:56:35.767] [bmv2] [D] [thread 72564] [38.0] [cxt 0] Deparser 'deparser': end
[17:56:35.767] [bmv2] [D] [thread 72568] [38.0] [cxt 0] Transmitting packet of size 107 out of port 0
[17:56:36.318] [bmv2] [D] [thread 72563] [39.0] [cxt 0] Processing packet received on port 1
[17:56:36.318] [bmv2] [D] [thread 72563] [39.0] [cxt 0] Parser 'parser': start
[17:56:36.318] [bmv2] [D] [thread 72563] [39.0] [cxt 0] Parser 'parser' entering state 'start'
[17:56:36.318] [bmv2] [D] [thread 72563] [39.0] [cxt 0] Extracting header 'ethernet'
[17:56:36.318] [bmv2] [D] [thread 72563] [39.0] [cxt 0] Parser state 'start': key is 86dd
[17:56:36.318] [bmv2] [T] [thread 72563] [39.0] [cxt 0] Bytes parsed: 14
[17:56:36.318] [bmv2] [D] [thread 72563] [39.0] [cxt 0] Parser 'parser': end
[17:56:36.318] [bmv2] [D] [thread 72563] [39.0] [cxt 0] Pipeline 'ingress': start
[17:56:36.318] [bmv2] [T] [thread 72563] [39.0] [cxt 0] basic.p4(115) Condition "hdr.ipv4.isValid()" (node_2) is false
[17:56:36.318] [bmv2] [D] [thread 72563] [39.0] [cxt 0] Pipeline 'ingress': end
[17:56:36.318] [bmv2] [D] [thread 72563] [39.0] [cxt 0] Egress port is 0
[17:56:36.318] [bmv2] [D] [thread 72564] [39.0] [cxt 0] Pipeline 'egress': start
[17:56:36.318] [bmv2] [D] [thread 72564] [39.0] [cxt 0] Pipeline 'egress': end
[17:56:36.318] [bmv2] [D] [thread 72564] [39.0] [cxt 0] Deparser 'deparser': start
[17:56:36.318] [bmv2] [T] [thread 72564] [39.0] [cxt 0] Skipping checksum 'cksum' update because condition not met
[17:56:36.318] [bmv2] [D] [thread 72564] [39.0] [cxt 0] Deparsing header 'ethernet'
[17:56:36.318] [bmv2] [D] [thread 72564] [39.0] [cxt 0] Deparser 'deparser': end
[17:56:36.318] [bmv2] [D] [thread 72568] [39.0] [cxt 0] Transmitting packet of size 107 out of port 0
[17:56:45.419] [bmv2] [D] [thread 72563] [40.0] [cxt 0] Processing packet received on port 2
[17:56:45.419] [bmv2] [D] [thread 72563] [40.0] [cxt 0] Parser 'parser': start
[17:56:45.419] [bmv2] [D] [thread 72563] [40.0] [cxt 0] Parser 'parser' entering state 'start'
[17:56:45.419] [bmv2] [D] [thread 72563] [40.0] [cxt 0] Extracting header 'ethernet'
[17:56:45.419] [bmv2] [D] [thread 72563] [40.0] [cxt 0] Parser state 'start': key is 86dd
[17:56:45.419] [bmv2] [T] [thread 72563] [40.0] [cxt 0] Bytes parsed: 14
[17:56:45.419] [bmv2] [D] [thread 72563] [40.0] [cxt 0] Parser 'parser': end
[17:56:45.419] [bmv2] [D] [thread 72563] [40.0] [cxt 0] Pipeline 'ingress': start
[17:56:45.419] [bmv2] [T] [thread 72563] [40.0] [cxt 0] basic.p4(115) Condition "hdr.ipv4.isValid()" (node_2) is false
[17:56:45.419] [bmv2] [D] [thread 72563] [40.0] [cxt 0] Pipeline 'ingress': end
[17:56:45.419] [bmv2] [D] [thread 72563] [40.0] [cxt 0] Egress port is 0
[17:56:45.419] [bmv2] [D] [thread 72564] [40.0] [cxt 0] Pipeline 'egress': start
[17:56:45.420] [bmv2] [D] [thread 72564] [40.0] [cxt 0] Pipeline 'egress': end
[17:56:45.420] [bmv2] [D] [thread 72564] [40.0] [cxt 0] Deparser 'deparser': start
[17:56:45.420] [bmv2] [T] [thread 72564] [40.0] [cxt 0] Skipping checksum 'cksum' update because condition not met
[17:56:45.420] [bmv2] [D] [thread 72564] [40.0] [cxt 0] Deparsing header 'ethernet'
[17:56:45.420] [bmv2] [D] [thread 72564] [40.0] [cxt 0] Deparser 'deparser': end
[17:56:45.420] [bmv2] [D] [thread 72568] [40.0] [cxt 0] Transmitting packet of size 70 out of port 0
[17:56:50.539] [bmv2] [D] [thread 72563] [41.0] [cxt 0] Processing packet received on port 1
[17:56:50.539] [bmv2] [D] [thread 72563] [41.0] [cxt 0] Parser 'parser': start
[17:56:50.539] [bmv2] [D] [thread 72563] [41.0] [cxt 0] Parser 'parser' entering state 'start'
[17:56:50.539] [bmv2] [D] [thread 72563] [41.0] [cxt 0] Extracting header 'ethernet'
[17:56:50.539] [bmv2] [D] [thread 72563] [41.0] [cxt 0] Parser state 'start': key is 86dd
[17:56:50.539] [bmv2] [T] [thread 72563] [41.0] [cxt 0] Bytes parsed: 14
[17:56:50.539] [bmv2] [D] [thread 72563] [41.0] [cxt 0] Parser 'parser': end
[17:56:50.539] [bmv2] [D] [thread 72563] [41.0] [cxt 0] Pipeline 'ingress': start
[17:56:50.539] [bmv2] [T] [thread 72563] [41.0] [cxt 0] basic.p4(115) Condition "hdr.ipv4.isValid()" (node_2) is false
[17:56:50.539] [bmv2] [D] [thread 72563] [41.0] [cxt 0] Pipeline 'ingress': end
[17:56:50.539] [bmv2] [D] [thread 72563] [41.0] [cxt 0] Egress port is 0
[17:56:50.540] [bmv2] [D] [thread 72564] [41.0] [cxt 0] Pipeline 'egress': start
[17:56:50.540] [bmv2] [D] [thread 72564] [41.0] [cxt 0] Pipeline 'egress': end
[17:56:50.540] [bmv2] [D] [thread 72564] [41.0] [cxt 0] Deparser 'deparser': start
[17:56:50.540] [bmv2] [T] [thread 72564] [41.0] [cxt 0] Skipping checksum 'cksum' update because condition not met
[17:56:50.540] [bmv2] [D] [thread 72564] [41.0] [cxt 0] Deparsing header 'ethernet'
[17:56:50.540] [bmv2] [D] [thread 72564] [41.0] [cxt 0] Deparser 'deparser': end
[17:56:50.540] [bmv2] [D] [thread 72568] [41.0] [cxt 0] Transmitting packet of size 70 out of port 0
[17:56:51.789] [bmv2] [D] [thread 72563] [42.0] [cxt 0] Processing packet received on port 2
[17:56:51.789] [bmv2] [D] [thread 72563] [42.0] [cxt 0] Parser 'parser': start
[17:56:51.789] [bmv2] [D] [thread 72563] [42.0] [cxt 0] Parser 'parser' entering state 'start'
[17:56:51.789] [bmv2] [D] [thread 72563] [42.0] [cxt 0] Extracting header 'ethernet'
[17:56:51.789] [bmv2] [D] [thread 72563] [42.0] [cxt 0] Parser state 'start': key is 86dd
[17:56:51.789] [bmv2] [T] [thread 72563] [42.0] [cxt 0] Bytes parsed: 14
[17:56:51.789] [bmv2] [D] [thread 72563] [42.0] [cxt 0] Parser 'parser': end
[17:56:51.789] [bmv2] [D] [thread 72563] [42.0] [cxt 0] Pipeline 'ingress': start
[17:56:51.789] [bmv2] [T] [thread 72563] [42.0] [cxt 0] basic.p4(115) Condition "hdr.ipv4.isValid()" (node_2) is false
[17:56:51.789] [bmv2] [D] [thread 72563] [42.0] [cxt 0] Pipeline 'ingress': end
[17:56:51.789] [bmv2] [D] [thread 72563] [42.0] [cxt 0] Egress port is 0
[17:56:51.789] [bmv2] [D] [thread 72564] [42.0] [cxt 0] Pipeline 'egress': start
[17:56:51.789] [bmv2] [D] [thread 72564] [42.0] [cxt 0] Pipeline 'egress': end
[17:56:51.789] [bmv2] [D] [thread 72564] [42.0] [cxt 0] Deparser 'deparser': start
[17:56:51.789] [bmv2] [T] [thread 72564] [42.0] [cxt 0] Skipping checksum 'cksum' update because condition not met
[17:56:51.789] [bmv2] [D] [thread 72564] [42.0] [cxt 0] Deparsing header 'ethernet'
[17:56:51.789] [bmv2] [D] [thread 72564] [42.0] [cxt 0] Deparser 'deparser': end
[17:56:51.790] [bmv2] [D] [thread 72568] [42.0] [cxt 0] Transmitting packet of size 107 out of port 0
[17:56:52.372] [bmv2] [D] [thread 72563] [43.0] [cxt 0] Processing packet received on port 1
[17:56:52.372] [bmv2] [D] [thread 72563] [43.0] [cxt 0] Parser 'parser': start
[17:56:52.372] [bmv2] [D] [thread 72563] [43.0] [cxt 0] Parser 'parser' entering state 'start'
[17:56:52.372] [bmv2] [D] [thread 72563] [43.0] [cxt 0] Extracting header 'ethernet'
[17:56:52.372] [bmv2] [D] [thread 72563] [43.0] [cxt 0] Parser state 'start': key is 86dd
[17:56:52.372] [bmv2] [T] [thread 72563] [43.0] [cxt 0] Bytes parsed: 14
[17:56:52.372] [bmv2] [D] [thread 72563] [43.0] [cxt 0] Parser 'parser': end
[17:56:52.372] [bmv2] [D] [thread 72563] [43.0] [cxt 0] Pipeline 'ingress': start
[17:56:52.372] [bmv2] [T] [thread 72563] [43.0] [cxt 0] basic.p4(115) Condition "hdr.ipv4.isValid()" (node_2) is false
[17:56:52.372] [bmv2] [D] [thread 72563] [43.0] [cxt 0] Pipeline 'ingress': end
[17:56:52.372] [bmv2] [D] [thread 72563] [43.0] [cxt 0] Egress port is 0
[17:56:52.372] [bmv2] [D] [thread 72564] [43.0] [cxt 0] Pipeline 'egress': start
[17:56:52.372] [bmv2] [D] [thread 72564] [43.0] [cxt 0] Pipeline 'egress': end
[17:56:52.372] [bmv2] [D] [thread 72564] [43.0] [cxt 0] Deparser 'deparser': start
[17:56:52.372] [bmv2] [T] [thread 72564] [43.0] [cxt 0] Skipping checksum 'cksum' update because condition not met
[17:56:52.372] [bmv2] [D] [thread 72564] [43.0] [cxt 0] Deparsing header 'ethernet'
[17:56:52.372] [bmv2] [D] [thread 72564] [43.0] [cxt 0] Deparser 'deparser': end
[17:56:52.372] [bmv2] [D] [thread 72568] [43.0] [cxt 0] Transmitting packet of size 107 out of port 0
[17:56:55.152] [bmv2] [D] [thread 72563] [44.0] [cxt 0] Processing packet received on port 1
[17:56:55.152] [bmv2] [D] [thread 72563] [44.0] [cxt 0] Parser 'parser': start
[17:56:55.152] [bmv2] [D] [thread 72563] [44.0] [cxt 0] Parser 'parser' entering state 'start'
[17:56:55.152] [bmv2] [D] [thread 72563] [44.0] [cxt 0] Extracting header 'ethernet'
[17:56:55.152] [bmv2] [D] [thread 72563] [44.0] [cxt 0] Parser state 'start': key is 0800
[17:56:55.152] [bmv2] [T] [thread 72563] [44.0] [cxt 0] Bytes parsed: 14
[17:56:55.152] [bmv2] [D] [thread 72563] [44.0] [cxt 0] Parser 'parser' entering state 'parse_ipv4'
[17:56:55.152] [bmv2] [D] [thread 72563] [44.0] [cxt 0] Extracting header 'ipv4'
[17:56:55.152] [bmv2] [D] [thread 72563] [44.0] [cxt 0] Parser state 'parse_ipv4' has no switch, going to default next state
[17:56:55.152] [bmv2] [T] [thread 72563] [44.0] [cxt 0] Bytes parsed: 34
[17:56:55.152] [bmv2] [D] [thread 72563] [44.0] [cxt 0] Parser 'parser': end
[17:56:55.152] [bmv2] [D] [thread 72563] [44.0] [cxt 0] Pipeline 'ingress': start
[17:56:55.152] [bmv2] [T] [thread 72563] [44.0] [cxt 0] basic.p4(115) Condition "hdr.ipv4.isValid()" (node_2) is true
[17:56:55.152] [bmv2] [T] [thread 72563] [44.0] [cxt 0] Applying table 'MyIngress.ipv4_lpm'
[17:56:55.152] [bmv2] [D] [thread 72563] [44.0] [cxt 0] Looking up key:
* hdr.ipv4.dstAddr    : 0a000202

[17:56:55.152] [bmv2] [D] [thread 72563] [44.0] [cxt 0] Table 'MyIngress.ipv4_lpm': hit with handle 1
[17:56:55.152] [bmv2] [D] [thread 72563] [44.0] [cxt 0] Dumping entry 1
Match key:
* hdr.ipv4.dstAddr    : LPM       0a000202/32
Action entry: MyIngress.ipv4_forward - 80000000222,2,

[17:56:55.152] [bmv2] [D] [thread 72563] [44.0] [cxt 0] Action entry is MyIngress.ipv4_forward - 80000000222,2,
[17:56:55.152] [bmv2] [T] [thread 72563] [44.0] [cxt 0] Action MyIngress.ipv4_forward
[17:56:55.152] [bmv2] [T] [thread 72563] [44.0] [cxt 0] basic.p4(95) Primitive standard_metadata.egress_spec = port
[17:56:55.152] [bmv2] [T] [thread 72563] [44.0] [cxt 0] basic.p4(96) Primitive hdr.ethernet.srcAddr = hdr.ethernet.dstAddr
[17:56:55.152] [bmv2] [T] [thread 72563] [44.0] [cxt 0] basic.p4(97) Primitive hdr.ethernet.dstAddr = dstAddr
[17:56:55.152] [bmv2] [T] [thread 72563] [44.0] [cxt 0] basic.p4(98) Primitive hdr.ipv4.ttl = hdr.ipv4.ttl - 1
[17:56:55.152] [bmv2] [D] [thread 72563] [44.0] [cxt 0] Pipeline 'ingress': end
[17:56:55.152] [bmv2] [D] [thread 72563] [44.0] [cxt 0] Egress port is 2
[17:56:55.152] [bmv2] [D] [thread 72566] [44.0] [cxt 0] Pipeline 'egress': start
[17:56:55.152] [bmv2] [D] [thread 72566] [44.0] [cxt 0] Pipeline 'egress': end
[17:56:55.152] [bmv2] [D] [thread 72566] [44.0] [cxt 0] Deparser 'deparser': start
[17:56:55.152] [bmv2] [D] [thread 72566] [44.0] [cxt 0] Updating checksum 'cksum'
[17:56:55.152] [bmv2] [D] [thread 72566] [44.0] [cxt 0] Deparsing header 'ethernet'
[17:56:55.152] [bmv2] [D] [thread 72566] [44.0] [cxt 0] Deparsing header 'ipv4'
[17:56:55.152] [bmv2] [D] [thread 72566] [44.0] [cxt 0] Deparser 'deparser': end
[17:56:55.152] [bmv2] [D] [thread 72568] [44.0] [cxt 0] Transmitting packet of size 98 out of port 2
[17:56:55.152] [bmv2] [D] [thread 72563] [45.0] [cxt 0] Processing packet received on port 2
[17:56:55.152] [bmv2] [D] [thread 72563] [45.0] [cxt 0] Parser 'parser': start
[17:56:55.152] [bmv2] [D] [thread 72563] [45.0] [cxt 0] Parser 'parser' entering state 'start'
[17:56:55.152] [bmv2] [D] [thread 72563] [45.0] [cxt 0] Extracting header 'ethernet'
[17:56:55.152] [bmv2] [D] [thread 72563] [45.0] [cxt 0] Parser state 'start': key is 0800
[17:56:55.152] [bmv2] [T] [thread 72563] [45.0] [cxt 0] Bytes parsed: 14
[17:56:55.152] [bmv2] [D] [thread 72563] [45.0] [cxt 0] Parser 'parser' entering state 'parse_ipv4'
[17:56:55.152] [bmv2] [D] [thread 72563] [45.0] [cxt 0] Extracting header 'ipv4'
[17:56:55.152] [bmv2] [D] [thread 72563] [45.0] [cxt 0] Parser state 'parse_ipv4' has no switch, going to default next state
[17:56:55.152] [bmv2] [T] [thread 72563] [45.0] [cxt 0] Bytes parsed: 34
[17:56:55.152] [bmv2] [D] [thread 72563] [45.0] [cxt 0] Parser 'parser': end
[17:56:55.152] [bmv2] [D] [thread 72563] [45.0] [cxt 0] Pipeline 'ingress': start
[17:56:55.152] [bmv2] [T] [thread 72563] [45.0] [cxt 0] basic.p4(115) Condition "hdr.ipv4.isValid()" (node_2) is true
[17:56:55.152] [bmv2] [T] [thread 72563] [45.0] [cxt 0] Applying table 'MyIngress.ipv4_lpm'
[17:56:55.152] [bmv2] [D] [thread 72563] [45.0] [cxt 0] Looking up key:
* hdr.ipv4.dstAddr    : 0a000101

[17:56:55.152] [bmv2] [D] [thread 72563] [45.0] [cxt 0] Table 'MyIngress.ipv4_lpm': hit with handle 0
[17:56:55.152] [bmv2] [D] [thread 72563] [45.0] [cxt 0] Dumping entry 0
Match key:
* hdr.ipv4.dstAddr    : LPM       0a000101/32
Action entry: MyIngress.ipv4_forward - 80000000111,1,

[17:56:55.152] [bmv2] [D] [thread 72563] [45.0] [cxt 0] Action entry is MyIngress.ipv4_forward - 80000000111,1,
[17:56:55.152] [bmv2] [T] [thread 72563] [45.0] [cxt 0] Action MyIngress.ipv4_forward
[17:56:55.152] [bmv2] [T] [thread 72563] [45.0] [cxt 0] basic.p4(95) Primitive standard_metadata.egress_spec = port
[17:56:55.152] [bmv2] [T] [thread 72563] [45.0] [cxt 0] basic.p4(96) Primitive hdr.ethernet.srcAddr = hdr.ethernet.dstAddr
[17:56:55.152] [bmv2] [T] [thread 72563] [45.0] [cxt 0] basic.p4(97) Primitive hdr.ethernet.dstAddr = dstAddr
[17:56:55.152] [bmv2] [T] [thread 72563] [45.0] [cxt 0] basic.p4(98) Primitive hdr.ipv4.ttl = hdr.ipv4.ttl - 1
[17:56:55.152] [bmv2] [D] [thread 72563] [45.0] [cxt 0] Pipeline 'ingress': end
[17:56:55.152] [bmv2] [D] [thread 72563] [45.0] [cxt 0] Egress port is 1
[17:56:55.152] [bmv2] [D] [thread 72565] [45.0] [cxt 0] Pipeline 'egress': start
[17:56:55.152] [bmv2] [D] [thread 72565] [45.0] [cxt 0] Pipeline 'egress': end
[17:56:55.152] [bmv2] [D] [thread 72565] [45.0] [cxt 0] Deparser 'deparser': start
[17:56:55.152] [bmv2] [D] [thread 72565] [45.0] [cxt 0] Updating checksum 'cksum'
[17:56:55.152] [bmv2] [D] [thread 72565] [45.0] [cxt 0] Deparsing header 'ethernet'
[17:56:55.152] [bmv2] [D] [thread 72565] [45.0] [cxt 0] Deparsing header 'ipv4'
[17:56:55.152] [bmv2] [D] [thread 72565] [45.0] [cxt 0] Deparser 'deparser': end
[17:56:55.153] [bmv2] [D] [thread 72568] [45.0] [cxt 0] Transmitting packet of size 98 out of port 1
[17:56:55.155] [bmv2] [D] [thread 72563] [46.0] [cxt 0] Processing packet received on port 2
[17:56:55.155] [bmv2] [D] [thread 72563] [46.0] [cxt 0] Parser 'parser': start
[17:56:55.155] [bmv2] [D] [thread 72563] [46.0] [cxt 0] Parser 'parser' entering state 'start'
[17:56:55.155] [bmv2] [D] [thread 72563] [46.0] [cxt 0] Extracting header 'ethernet'
[17:56:55.155] [bmv2] [D] [thread 72563] [46.0] [cxt 0] Parser state 'start': key is 0800
[17:56:55.155] [bmv2] [T] [thread 72563] [46.0] [cxt 0] Bytes parsed: 14
[17:56:55.155] [bmv2] [D] [thread 72563] [46.0] [cxt 0] Parser 'parser' entering state 'parse_ipv4'
[17:56:55.155] [bmv2] [D] [thread 72563] [46.0] [cxt 0] Extracting header 'ipv4'
[17:56:55.155] [bmv2] [D] [thread 72563] [46.0] [cxt 0] Parser state 'parse_ipv4' has no switch, going to default next state
[17:56:55.155] [bmv2] [T] [thread 72563] [46.0] [cxt 0] Bytes parsed: 34
[17:56:55.155] [bmv2] [D] [thread 72563] [46.0] [cxt 0] Parser 'parser': end
[17:56:55.155] [bmv2] [D] [thread 72563] [46.0] [cxt 0] Pipeline 'ingress': start
[17:56:55.155] [bmv2] [T] [thread 72563] [46.0] [cxt 0] basic.p4(115) Condition "hdr.ipv4.isValid()" (node_2) is true
[17:56:55.155] [bmv2] [T] [thread 72563] [46.0] [cxt 0] Applying table 'MyIngress.ipv4_lpm'
[17:56:55.155] [bmv2] [D] [thread 72563] [46.0] [cxt 0] Looking up key:
* hdr.ipv4.dstAddr    : 0a000101

[17:56:55.155] [bmv2] [D] [thread 72563] [46.0] [cxt 0] Table 'MyIngress.ipv4_lpm': hit with handle 0
[17:56:55.155] [bmv2] [D] [thread 72563] [46.0] [cxt 0] Dumping entry 0
Match key:
* hdr.ipv4.dstAddr    : LPM       0a000101/32
Action entry: MyIngress.ipv4_forward - 80000000111,1,

[17:56:55.155] [bmv2] [D] [thread 72563] [46.0] [cxt 0] Action entry is MyIngress.ipv4_forward - 80000000111,1,
[17:56:55.155] [bmv2] [T] [thread 72563] [46.0] [cxt 0] Action MyIngress.ipv4_forward
[17:56:55.155] [bmv2] [T] [thread 72563] [46.0] [cxt 0] basic.p4(95) Primitive standard_metadata.egress_spec = port
[17:56:55.155] [bmv2] [T] [thread 72563] [46.0] [cxt 0] basic.p4(96) Primitive hdr.ethernet.srcAddr = hdr.ethernet.dstAddr
[17:56:55.155] [bmv2] [T] [thread 72563] [46.0] [cxt 0] basic.p4(97) Primitive hdr.ethernet.dstAddr = dstAddr
[17:56:55.155] [bmv2] [T] [thread 72563] [46.0] [cxt 0] basic.p4(98) Primitive hdr.ipv4.ttl = hdr.ipv4.ttl - 1
[17:56:55.155] [bmv2] [D] [thread 72563] [46.0] [cxt 0] Pipeline 'ingress': end
[17:56:55.155] [bmv2] [D] [thread 72563] [46.0] [cxt 0] Egress port is 1
[17:56:55.155] [bmv2] [D] [thread 72565] [46.0] [cxt 0] Pipeline 'egress': start
[17:56:55.155] [bmv2] [D] [thread 72565] [46.0] [cxt 0] Pipeline 'egress': end
[17:56:55.155] [bmv2] [D] [thread 72565] [46.0] [cxt 0] Deparser 'deparser': start
[17:56:55.155] [bmv2] [D] [thread 72565] [46.0] [cxt 0] Updating checksum 'cksum'
[17:56:55.155] [bmv2] [D] [thread 72565] [46.0] [cxt 0] Deparsing header 'ethernet'
[17:56:55.155] [bmv2] [D] [thread 72565] [46.0] [cxt 0] Deparsing header 'ipv4'
[17:56:55.155] [bmv2] [D] [thread 72565] [46.0] [cxt 0] Deparser 'deparser': end
[17:56:55.155] [bmv2] [D] [thread 72568] [46.0] [cxt 0] Transmitting packet of size 98 out of port 1
[17:56:55.156] [bmv2] [D] [thread 72563] [47.0] [cxt 0] Processing packet received on port 1
[17:56:55.156] [bmv2] [D] [thread 72563] [47.0] [cxt 0] Parser 'parser': start
[17:56:55.156] [bmv2] [D] [thread 72563] [47.0] [cxt 0] Parser 'parser' entering state 'start'
[17:56:55.156] [bmv2] [D] [thread 72563] [47.0] [cxt 0] Extracting header 'ethernet'
[17:56:55.156] [bmv2] [D] [thread 72563] [47.0] [cxt 0] Parser state 'start': key is 0800
[17:56:55.156] [bmv2] [T] [thread 72563] [47.0] [cxt 0] Bytes parsed: 14
[17:56:55.156] [bmv2] [D] [thread 72563] [47.0] [cxt 0] Parser 'parser' entering state 'parse_ipv4'
[17:56:55.156] [bmv2] [D] [thread 72563] [47.0] [cxt 0] Extracting header 'ipv4'
[17:56:55.156] [bmv2] [D] [thread 72563] [47.0] [cxt 0] Parser state 'parse_ipv4' has no switch, going to default next state
[17:56:55.156] [bmv2] [T] [thread 72563] [47.0] [cxt 0] Bytes parsed: 34
[17:56:55.156] [bmv2] [D] [thread 72563] [47.0] [cxt 0] Parser 'parser': end
[17:56:55.156] [bmv2] [D] [thread 72563] [47.0] [cxt 0] Pipeline 'ingress': start
[17:56:55.156] [bmv2] [T] [thread 72563] [47.0] [cxt 0] basic.p4(115) Condition "hdr.ipv4.isValid()" (node_2) is true
[17:56:55.156] [bmv2] [T] [thread 72563] [47.0] [cxt 0] Applying table 'MyIngress.ipv4_lpm'
[17:56:55.156] [bmv2] [D] [thread 72563] [47.0] [cxt 0] Looking up key:
* hdr.ipv4.dstAddr    : 0a000202

[17:56:55.156] [bmv2] [D] [thread 72563] [47.0] [cxt 0] Table 'MyIngress.ipv4_lpm': hit with handle 1
[17:56:55.156] [bmv2] [D] [thread 72563] [47.0] [cxt 0] Dumping entry 1
Match key:
* hdr.ipv4.dstAddr    : LPM       0a000202/32
Action entry: MyIngress.ipv4_forward - 80000000222,2,

[17:56:55.156] [bmv2] [D] [thread 72563] [47.0] [cxt 0] Action entry is MyIngress.ipv4_forward - 80000000222,2,
[17:56:55.156] [bmv2] [T] [thread 72563] [47.0] [cxt 0] Action MyIngress.ipv4_forward
[17:56:55.156] [bmv2] [T] [thread 72563] [47.0] [cxt 0] basic.p4(95) Primitive standard_metadata.egress_spec = port
[17:56:55.156] [bmv2] [T] [thread 72563] [47.0] [cxt 0] basic.p4(96) Primitive hdr.ethernet.srcAddr = hdr.ethernet.dstAddr
[17:56:55.156] [bmv2] [T] [thread 72563] [47.0] [cxt 0] basic.p4(97) Primitive hdr.ethernet.dstAddr = dstAddr
[17:56:55.156] [bmv2] [T] [thread 72563] [47.0] [cxt 0] basic.p4(98) Primitive hdr.ipv4.ttl = hdr.ipv4.ttl - 1
[17:56:55.156] [bmv2] [D] [thread 72563] [47.0] [cxt 0] Pipeline 'ingress': end
[17:56:55.156] [bmv2] [D] [thread 72563] [47.0] [cxt 0] Egress port is 2
[17:56:55.156] [bmv2] [D] [thread 72566] [47.0] [cxt 0] Pipeline 'egress': start
[17:56:55.156] [bmv2] [D] [thread 72566] [47.0] [cxt 0] Pipeline 'egress': end
[17:56:55.156] [bmv2] [D] [thread 72566] [47.0] [cxt 0] Deparser 'deparser': start
[17:56:55.156] [bmv2] [D] [thread 72566] [47.0] [cxt 0] Updating checksum 'cksum'
[17:56:55.156] [bmv2] [D] [thread 72566] [47.0] [cxt 0] Deparsing header 'ethernet'
[17:56:55.156] [bmv2] [D] [thread 72566] [47.0] [cxt 0] Deparsing header 'ipv4'
[17:56:55.156] [bmv2] [D] [thread 72566] [47.0] [cxt 0] Deparser 'deparser': end
[17:56:55.156] [bmv2] [D] [thread 72568] [47.0] [cxt 0] Transmitting packet of size 98 out of port 2
